[ 2016-08-17T23:26:56+08:00 ] 127.0.0.1 /
INFO: [ app_init ] --START--
INFO: Run Behavior\BuildLiteBehavior [ RunTime:0.000013s ]
INFO: [ app_init ] --END-- [ RunTime:0.007667s ]
INFO: [ app_begin ] --START--
INFO: Run Behavior\ReadHtmlCacheBehavior [ RunTime:0.006841s ]
INFO: [ app_begin ] --END-- [ RunTime:0.006902s ]
NOTIC: [2048] Declaration of Common\Model\MenuModel::find() should be compatible with Think\Model::find($options = Array) D:\web\Matcms\Application\Common\Model\MenuModel.class.php 第 13 行.
SQL: SHOW COLUMNS FROM `mat_menu` [ RunTime:0.0131s ]
SQL: SELECT * FROM `mat_menu` WHERE `status` = 1 AND `type` = 0 ORDER BY listorder desc,menu_id desc  [ RunTime:0.0007s ]
NOTIC: [2048] Declaration of Common\Model\PositioncontentModel::find() should be compatible with Think\Model::find($options = Array) D:\web\Matcms\Application\Common\Model\PositioncontentModel.class.php 第 96 行.
SQL: SHOW COLUMNS FROM `mat_position_content` [ RunTime:0.0084s ]
SQL: SELECT * FROM `mat_position_content` WHERE `status` = 1 AND `position_id` = 3 ORDER BY listorder desc,id desc LIMIT 3   [ RunTime:0.0005s ]
NOTIC: [2048] Declaration of Common\Model\NewsContentModel::find() should be compatible with Think\Model::find($options = Array) D:\web\Matcms\Application\Common\Model\NewsContentModel.class.php 第 58 行.
SQL: SHOW COLUMNS FROM `mat_news_content` [ RunTime:0.0083s ]
SQL: SELECT * FROM `mat_news_content` WHERE ( news_id=26 ) LIMIT 1   [ RunTime:0.0010s ]
SQL: SELECT * FROM `mat_news_content` WHERE ( news_id=25 ) LIMIT 1   [ RunTime:0.0011s ]
SQL: SELECT * FROM `mat_news_content` WHERE ( news_id=19 ) LIMIT 1   [ RunTime:0.0003s ]
SQL: SELECT * FROM `mat_position_content` WHERE `status` = 1 AND `position_id` = 2 ORDER BY listorder desc,id desc LIMIT 3   [ RunTime:0.0003s ]
SQL: SELECT * FROM `mat_news_content` WHERE ( news_id=24 ) LIMIT 1   [ RunTime:0.0003s ]
SQL: SELECT * FROM `mat_news_content` WHERE ( news_id=22 ) LIMIT 1   [ RunTime:0.0003s ]
SQL: SELECT * FROM `mat_news_content` WHERE ( news_id=21 ) LIMIT 1   [ RunTime:0.0003s ]
SQL: SELECT * FROM `mat_position_content` WHERE `status` = 1 AND `position_id` = 4 ORDER BY listorder desc,id desc LIMIT 3   [ RunTime:0.0003s ]
SQL: SELECT * FROM `mat_news_content` WHERE ( news_id=29 ) LIMIT 1   [ RunTime:0.0003s ]
SQL: SELECT * FROM `mat_news_content` WHERE ( news_id=28 ) LIMIT 1   [ RunTime:0.0003s ]
SQL: SELECT * FROM `mat_news_content` WHERE ( news_id=27 ) LIMIT 1   [ RunTime:0.0002s ]
SQL: SELECT * FROM `mat_position_content` WHERE `status` = 1 AND `position_id` = 5 ORDER BY listorder desc,id desc LIMIT 3   [ RunTime:0.0003s ]
SQL: SELECT * FROM `mat_news_content` WHERE ( news_id=32 ) LIMIT 1   [ RunTime:0.0002s ]
SQL: SELECT * FROM `mat_news_content` WHERE ( news_id=31 ) LIMIT 1   [ RunTime:0.0002s ]
SQL: SELECT * FROM `mat_news_content` WHERE ( news_id=30 ) LIMIT 1   [ RunTime:0.0002s ]
SQL: SELECT * FROM `mat_position_content` WHERE `status` = 1 AND `position_id` = 1 ORDER BY listorder desc,id desc  [ RunTime:0.0002s ]
NOTIC: [2048] Declaration of Common\Model\BasicModel::save() should be compatible with Think\Model::save($data = '', $options = Array) D:\web\Matcms\Application\Common\Model\BasicModel.class.php 第 40 行.
NOTIC: [2048] Declaration of Common\Model\BasicModel::select() should be compatible with Think\Model::select($options = Array) D:\web\Matcms\Application\Common\Model\BasicModel.class.php 第 40 行.
NOTIC: [8] Undefined index: id D:\web\Matcms\Application\Home\Controller\IndexController.class.php 第 21 行.
INFO: [ view_parse ] --START--
INFO: [ template_filter ] --START--
INFO: Run Behavior\ContentReplaceBehavior [ RunTime:0.000128s ]
INFO: [ template_filter ] --END-- [ RunTime:0.000175s ]
NOTIC: [8] Undefined variable: search D:\web\Matcms\Application\Runtime\Cache\Home\2a94b8bda04ff446dcedd42276fc99ee.php 第 59 行.
NOTIC: [8] Undefined index: userInfo D:\web\Matcms\Application\Runtime\Cache\Home\2a94b8bda04ff446dcedd42276fc99ee.php 第 64 行.
NOTIC: [8] Undefined index: userInfo D:\web\Matcms\Application\Runtime\Cache\Home\2a94b8bda04ff446dcedd42276fc99ee.php 第 154 行.
NOTIC: [8] Undefined index: userInfo D:\web\Matcms\Application\Runtime\Cache\Home\2a94b8bda04ff446dcedd42276fc99ee.php 第 159 行.
NOTIC: [8] Undefined index: userInfo D:\web\Matcms\Application\Runtime\Cache\Home\2a94b8bda04ff446dcedd42276fc99ee.php 第 163 行.
INFO: Run Behavior\ParseTemplateBehavior [ RunTime:0.126486s ]
INFO: [ view_parse ] --END-- [ RunTime:0.126530s ]
INFO: [ view_filter ] --START--
INFO: Run Behavior\WriteHtmlCacheBehavior [ RunTime:0.004107s ]
INFO: [ view_filter ] --END-- [ RunTime:0.004141s ]
INFO: 
INFO: 
INFO: 

[ 2016-08-17T23:26:59+08:00 ] 127.0.0.1 /
INFO: [ app_init ] --START--
INFO: Run Behavior\BuildLiteBehavior [ RunTime:0.000020s ]
INFO: [ app_init ] --END-- [ RunTime:0.000428s ]
INFO: [ app_begin ] --START--
INFO: Run Behavior\ReadHtmlCacheBehavior [ RunTime:0.000312s ]
INFO: [ app_begin ] --END-- [ RunTime:0.000351s ]
NOTIC: [2048] Declaration of Common\Model\MenuModel::find() should be compatible with Think\Model::find($options = Array) D:\web\Matcms\Application\Common\Model\MenuModel.class.php 第 13 行.
SQL: SHOW COLUMNS FROM `mat_menu` [ RunTime:0.0006s ]
SQL: SELECT * FROM `mat_menu` WHERE `status` = 1 AND `type` = 0 ORDER BY listorder desc,menu_id desc  [ RunTime:0.0003s ]
NOTIC: [2048] Declaration of Common\Model\PositioncontentModel::find() should be compatible with Think\Model::find($options = Array) D:\web\Matcms\Application\Common\Model\PositioncontentModel.class.php 第 96 行.
SQL: SHOW COLUMNS FROM `mat_position_content` [ RunTime:0.0007s ]
SQL: SELECT * FROM `mat_position_content` WHERE `status` = 1 AND `position_id` = 3 ORDER BY listorder desc,id desc LIMIT 3   [ RunTime:0.0004s ]
NOTIC: [2048] Declaration of Common\Model\NewsContentModel::find() should be compatible with Think\Model::find($options = Array) D:\web\Matcms\Application\Common\Model\NewsContentModel.class.php 第 58 行.
SQL: SHOW COLUMNS FROM `mat_news_content` [ RunTime:0.0006s ]
SQL: SELECT * FROM `mat_news_content` WHERE ( news_id=26 ) LIMIT 1   [ RunTime:0.0006s ]
SQL: SELECT * FROM `mat_news_content` WHERE ( news_id=25 ) LIMIT 1   [ RunTime:0.0008s ]
SQL: SELECT * FROM `mat_news_content` WHERE ( news_id=19 ) LIMIT 1   [ RunTime:0.0003s ]
SQL: SELECT * FROM `mat_position_content` WHERE `status` = 1 AND `position_id` = 2 ORDER BY listorder desc,id desc LIMIT 3   [ RunTime:0.0004s ]
SQL: SELECT * FROM `mat_news_content` WHERE ( news_id=24 ) LIMIT 1   [ RunTime:0.0004s ]
SQL: SELECT * FROM `mat_news_content` WHERE ( news_id=22 ) LIMIT 1   [ RunTime:0.0003s ]
SQL: SELECT * FROM `mat_news_content` WHERE ( news_id=21 ) LIMIT 1   [ RunTime:0.0003s ]
SQL: SELECT * FROM `mat_position_content` WHERE `status` = 1 AND `position_id` = 4 ORDER BY listorder desc,id desc LIMIT 3   [ RunTime:0.0003s ]
SQL: SELECT * FROM `mat_news_content` WHERE ( news_id=29 ) LIMIT 1   [ RunTime:0.0003s ]
SQL: SELECT * FROM `mat_news_content` WHERE ( news_id=28 ) LIMIT 1   [ RunTime:0.0003s ]
SQL: SELECT * FROM `mat_news_content` WHERE ( news_id=27 ) LIMIT 1   [ RunTime:0.0003s ]
SQL: SELECT * FROM `mat_position_content` WHERE `status` = 1 AND `position_id` = 5 ORDER BY listorder desc,id desc LIMIT 3   [ RunTime:0.0003s ]
SQL: SELECT * FROM `mat_news_content` WHERE ( news_id=32 ) LIMIT 1   [ RunTime:0.0003s ]
SQL: SELECT * FROM `mat_news_content` WHERE ( news_id=31 ) LIMIT 1   [ RunTime:0.0003s ]
SQL: SELECT * FROM `mat_news_content` WHERE ( news_id=30 ) LIMIT 1   [ RunTime:0.0003s ]
SQL: SELECT * FROM `mat_position_content` WHERE `status` = 1 AND `position_id` = 1 ORDER BY listorder desc,id desc  [ RunTime:0.0003s ]
NOTIC: [2048] Declaration of Common\Model\BasicModel::save() should be compatible with Think\Model::save($data = '', $options = Array) D:\web\Matcms\Application\Common\Model\BasicModel.class.php 第 40 行.
NOTIC: [2048] Declaration of Common\Model\BasicModel::select() should be compatible with Think\Model::select($options = Array) D:\web\Matcms\Application\Common\Model\BasicModel.class.php 第 40 行.
NOTIC: [8] Undefined index: id D:\web\Matcms\Application\Home\Controller\IndexController.class.php 第 21 行.
INFO: [ view_parse ] --START--
INFO: [ template_filter ] --START--
INFO: Run Behavior\ContentReplaceBehavior [ RunTime:0.000068s ]
INFO: [ template_filter ] --END-- [ RunTime:0.000102s ]
NOTIC: [8] Undefined variable: search D:\web\Matcms\Application\Runtime\Cache\Home\2a94b8bda04ff446dcedd42276fc99ee.php 第 59 行.
NOTIC: [8] Undefined index: userInfo D:\web\Matcms\Application\Runtime\Cache\Home\2a94b8bda04ff446dcedd42276fc99ee.php 第 64 行.
NOTIC: [8] Undefined index: userInfo D:\web\Matcms\Application\Runtime\Cache\Home\2a94b8bda04ff446dcedd42276fc99ee.php 第 154 行.
NOTIC: [8] Undefined index: userInfo D:\web\Matcms\Application\Runtime\Cache\Home\2a94b8bda04ff446dcedd42276fc99ee.php 第 159 行.
NOTIC: [8] Undefined index: userInfo D:\web\Matcms\Application\Runtime\Cache\Home\2a94b8bda04ff446dcedd42276fc99ee.php 第 163 行.
INFO: Run Behavior\ParseTemplateBehavior [ RunTime:0.066297s ]
INFO: [ view_parse ] --END-- [ RunTime:0.066363s ]
INFO: [ view_filter ] --START--
INFO: Run Behavior\WriteHtmlCacheBehavior [ RunTime:0.000169s ]
INFO: [ view_filter ] --END-- [ RunTime:0.000193s ]
INFO: 
INFO: 
INFO: 

[ 2016-08-17T23:27:15+08:00 ] 127.0.0.1 /
INFO: [ app_init ] --START--
INFO: Run Behavior\BuildLiteBehavior [ RunTime:0.000020s ]
INFO: [ app_init ] --END-- [ RunTime:0.000492s ]
INFO: [ app_begin ] --START--
INFO: Run Behavior\ReadHtmlCacheBehavior [ RunTime:0.000349s ]
INFO: [ app_begin ] --END-- [ RunTime:0.000403s ]
NOTIC: [2048] Declaration of Common\Model\MenuModel::find() should be compatible with Think\Model::find($options = Array) D:\web\Matcms\Application\Common\Model\MenuModel.class.php 第 13 行.
SQL: SHOW COLUMNS FROM `mat_menu` [ RunTime:0.0012s ]
SQL: SELECT * FROM `mat_menu` WHERE `status` = 1 AND `type` = 0 ORDER BY listorder desc,menu_id desc  [ RunTime:0.0005s ]
NOTIC: [2048] Declaration of Common\Model\PositioncontentModel::find() should be compatible with Think\Model::find($options = Array) D:\web\Matcms\Application\Common\Model\PositioncontentModel.class.php 第 96 行.
SQL: SHOW COLUMNS FROM `mat_position_content` [ RunTime:0.0010s ]
SQL: SELECT * FROM `mat_position_content` WHERE `status` = 1 AND `position_id` = 3 ORDER BY listorder desc,id desc LIMIT 3   [ RunTime:0.0006s ]
NOTIC: [2048] Declaration of Common\Model\NewsContentModel::find() should be compatible with Think\Model::find($options = Array) D:\web\Matcms\Application\Common\Model\NewsContentModel.class.php 第 58 行.
SQL: SHOW COLUMNS FROM `mat_news_content` [ RunTime:0.0009s ]
SQL: SELECT * FROM `mat_news_content` WHERE ( news_id=26 ) LIMIT 1   [ RunTime:0.0007s ]
SQL: SELECT * FROM `mat_news_content` WHERE ( news_id=25 ) LIMIT 1   [ RunTime:0.0008s ]
SQL: SELECT * FROM `mat_news_content` WHERE ( news_id=19 ) LIMIT 1   [ RunTime:0.0003s ]
SQL: SELECT * FROM `mat_position_content` WHERE `status` = 1 AND `position_id` = 2 ORDER BY listorder desc,id desc LIMIT 3   [ RunTime:0.0003s ]
SQL: SELECT * FROM `mat_news_content` WHERE ( news_id=24 ) LIMIT 1   [ RunTime:0.0003s ]
SQL: SELECT * FROM `mat_news_content` WHERE ( news_id=22 ) LIMIT 1   [ RunTime:0.0002s ]
SQL: SELECT * FROM `mat_news_content` WHERE ( news_id=21 ) LIMIT 1   [ RunTime:0.0002s ]
SQL: SELECT * FROM `mat_position_content` WHERE `status` = 1 AND `position_id` = 4 ORDER BY listorder desc,id desc LIMIT 3   [ RunTime:0.0003s ]
SQL: SELECT * FROM `mat_news_content` WHERE ( news_id=29 ) LIMIT 1   [ RunTime:0.0005s ]
SQL: SELECT * FROM `mat_news_content` WHERE ( news_id=28 ) LIMIT 1   [ RunTime:0.0008s ]
SQL: SELECT * FROM `mat_news_content` WHERE ( news_id=27 ) LIMIT 1   [ RunTime:0.0007s ]
SQL: SELECT * FROM `mat_position_content` WHERE `status` = 1 AND `position_id` = 5 ORDER BY listorder desc,id desc LIMIT 3   [ RunTime:0.0003s ]
SQL: SELECT * FROM `mat_news_content` WHERE ( news_id=32 ) LIMIT 1   [ RunTime:0.0002s ]
SQL: SELECT * FROM `mat_news_content` WHERE ( news_id=31 ) LIMIT 1   [ RunTime:0.0002s ]
SQL: SELECT * FROM `mat_news_content` WHERE ( news_id=30 ) LIMIT 1   [ RunTime:0.0002s ]
SQL: SELECT * FROM `mat_position_content` WHERE `status` = 1 AND `position_id` = 1 ORDER BY listorder desc,id desc  [ RunTime:0.0002s ]
NOTIC: [2048] Declaration of Common\Model\BasicModel::save() should be compatible with Think\Model::save($data = '', $options = Array) D:\web\Matcms\Application\Common\Model\BasicModel.class.php 第 40 行.
NOTIC: [2048] Declaration of Common\Model\BasicModel::select() should be compatible with Think\Model::select($options = Array) D:\web\Matcms\Application\Common\Model\BasicModel.class.php 第 40 行.
NOTIC: [8] Undefined index: id D:\web\Matcms\Application\Home\Controller\IndexController.class.php 第 21 行.
INFO: [ view_parse ] --START--
INFO: [ template_filter ] --START--
INFO: Run Behavior\ContentReplaceBehavior [ RunTime:0.000072s ]
INFO: [ template_filter ] --END-- [ RunTime:0.000116s ]
NOTIC: [8] Undefined variable: search D:\web\Matcms\Application\Runtime\Cache\Home\2a94b8bda04ff446dcedd42276fc99ee.php 第 59 行.
NOTIC: [8] Undefined index: userInfo D:\web\Matcms\Application\Runtime\Cache\Home\2a94b8bda04ff446dcedd42276fc99ee.php 第 64 行.
NOTIC: [8] Undefined index: userInfo D:\web\Matcms\Application\Runtime\Cache\Home\2a94b8bda04ff446dcedd42276fc99ee.php 第 154 行.
NOTIC: [8] Undefined index: userInfo D:\web\Matcms\Application\Runtime\Cache\Home\2a94b8bda04ff446dcedd42276fc99ee.php 第 159 行.
NOTIC: [8] Undefined index: userInfo D:\web\Matcms\Application\Runtime\Cache\Home\2a94b8bda04ff446dcedd42276fc99ee.php 第 163 行.
INFO: Run Behavior\ParseTemplateBehavior [ RunTime:0.066918s ]
INFO: [ view_parse ] --END-- [ RunTime:0.066955s ]
INFO: [ view_filter ] --START--
INFO: Run Behavior\WriteHtmlCacheBehavior [ RunTime:0.000174s ]
INFO: [ view_filter ] --END-- [ RunTime:0.000198s ]
INFO: 
INFO: 
INFO: 

[ 2016-08-17T23:28:28+08:00 ] 127.0.0.1 /
INFO: [ app_init ] --START--
INFO: Run Behavior\BuildLiteBehavior [ RunTime:0.000010s ]
INFO: [ app_init ] --END-- [ RunTime:0.000263s ]
INFO: [ app_begin ] --START--
INFO: Run Behavior\ReadHtmlCacheBehavior [ RunTime:0.000384s ]
INFO: [ app_begin ] --END-- [ RunTime:0.000416s ]
NOTIC: [2048] Declaration of Common\Model\MenuModel::find() should be compatible with Think\Model::find($options = Array) D:\web\Matcms\Application\Common\Model\MenuModel.class.php 第 13 行.
SQL: SHOW COLUMNS FROM `mat_menu` [ RunTime:0.0039s ]
SQL: SELECT * FROM `mat_menu` WHERE `status` = 1 AND `type` = 0 ORDER BY listorder desc,menu_id desc  [ RunTime:0.0005s ]
NOTIC: [2048] Declaration of Common\Model\PositioncontentModel::find() should be compatible with Think\Model::find($options = Array) D:\web\Matcms\Application\Common\Model\PositioncontentModel.class.php 第 96 行.
SQL: SHOW COLUMNS FROM `mat_position_content` [ RunTime:0.0010s ]
SQL: SELECT * FROM `mat_position_content` WHERE `status` = 1 AND `position_id` = 3 ORDER BY listorder desc,id desc LIMIT 3   [ RunTime:0.0004s ]
NOTIC: [2048] Declaration of Common\Model\NewsContentModel::find() should be compatible with Think\Model::find($options = Array) D:\web\Matcms\Application\Common\Model\NewsContentModel.class.php 第 58 行.
SQL: SHOW COLUMNS FROM `mat_news_content` [ RunTime:0.0008s ]
SQL: SELECT * FROM `mat_news_content` WHERE ( news_id=26 ) LIMIT 1   [ RunTime:0.0006s ]
SQL: SELECT * FROM `mat_news_content` WHERE ( news_id=25 ) LIMIT 1   [ RunTime:0.0008s ]
SQL: SELECT * FROM `mat_news_content` WHERE ( news_id=19 ) LIMIT 1   [ RunTime:0.0003s ]
SQL: SELECT * FROM `mat_position_content` WHERE `status` = 1 AND `position_id` = 2 ORDER BY listorder desc,id desc LIMIT 3   [ RunTime:0.0003s ]
SQL: SELECT * FROM `mat_news_content` WHERE ( news_id=24 ) LIMIT 1   [ RunTime:0.0003s ]
SQL: SELECT * FROM `mat_news_content` WHERE ( news_id=22 ) LIMIT 1   [ RunTime:0.0003s ]
SQL: SELECT * FROM `mat_news_content` WHERE ( news_id=21 ) LIMIT 1   [ RunTime:0.0003s ]
SQL: SELECT * FROM `mat_position_content` WHERE `status` = 1 AND `position_id` = 4 ORDER BY listorder desc,id desc LIMIT 3   [ RunTime:0.0003s ]
SQL: SELECT * FROM `mat_news_content` WHERE ( news_id=29 ) LIMIT 1   [ RunTime:0.0003s ]
SQL: SELECT * FROM `mat_news_content` WHERE ( news_id=28 ) LIMIT 1   [ RunTime:0.0003s ]
SQL: SELECT * FROM `mat_news_content` WHERE ( news_id=27 ) LIMIT 1   [ RunTime:0.0003s ]
SQL: SELECT * FROM `mat_position_content` WHERE `status` = 1 AND `position_id` = 5 ORDER BY listorder desc,id desc LIMIT 3   [ RunTime:0.0003s ]
SQL: SELECT * FROM `mat_news_content` WHERE ( news_id=32 ) LIMIT 1   [ RunTime:0.0003s ]
SQL: SELECT * FROM `mat_news_content` WHERE ( news_id=31 ) LIMIT 1   [ RunTime:0.0002s ]
SQL: SELECT * FROM `mat_news_content` WHERE ( news_id=30 ) LIMIT 1   [ RunTime:0.0003s ]
SQL: SELECT * FROM `mat_position_content` WHERE `status` = 1 AND `position_id` = 1 ORDER BY listorder desc,id desc  [ RunTime:0.0002s ]
NOTIC: [2048] Declaration of Common\Model\BasicModel::save() should be compatible with Think\Model::save($data = '', $options = Array) D:\web\Matcms\Application\Common\Model\BasicModel.class.php 第 40 行.
NOTIC: [2048] Declaration of Common\Model\BasicModel::select() should be compatible with Think\Model::select($options = Array) D:\web\Matcms\Application\Common\Model\BasicModel.class.php 第 40 行.
NOTIC: [8] Undefined index: id D:\web\Matcms\Application\Home\Controller\IndexController.class.php 第 21 行.
INFO: [ view_parse ] --START--
INFO: [ template_filter ] --START--
INFO: Run Behavior\ContentReplaceBehavior [ RunTime:0.000076s ]
INFO: [ template_filter ] --END-- [ RunTime:0.000117s ]
NOTIC: [8] Undefined variable: search D:\web\Matcms\Application\Runtime\Cache\Home\2a94b8bda04ff446dcedd42276fc99ee.php 第 59 行.
NOTIC: [8] Undefined index: userInfo D:\web\Matcms\Application\Runtime\Cache\Home\2a94b8bda04ff446dcedd42276fc99ee.php 第 64 行.
NOTIC: [8] Undefined index: userInfo D:\web\Matcms\Application\Runtime\Cache\Home\2a94b8bda04ff446dcedd42276fc99ee.php 第 154 行.
NOTIC: [8] Undefined index: userInfo D:\web\Matcms\Application\Runtime\Cache\Home\2a94b8bda04ff446dcedd42276fc99ee.php 第 159 行.
NOTIC: [8] Undefined index: userInfo D:\web\Matcms\Application\Runtime\Cache\Home\2a94b8bda04ff446dcedd42276fc99ee.php 第 163 行.
INFO: Run Behavior\ParseTemplateBehavior [ RunTime:0.059974s ]
INFO: [ view_parse ] --END-- [ RunTime:0.060017s ]
INFO: [ view_filter ] --START--
INFO: Run Behavior\WriteHtmlCacheBehavior [ RunTime:0.000285s ]
INFO: [ view_filter ] --END-- [ RunTime:0.000317s ]
INFO: [ app_end ] --START--
INFO: Run Behavior\ShowPageTraceBehavior [ RunTime:0.000587s ]
INFO: [ app_end ] --END-- [ RunTime:0.000639s ]

[ 2016-08-17T23:28:37+08:00 ] 127.0.0.1 /
INFO: [ app_init ] --START--
INFO: Run Behavior\BuildLiteBehavior [ RunTime:0.000010s ]
INFO: [ app_init ] --END-- [ RunTime:0.000282s ]
INFO: [ app_begin ] --START--
INFO: Run Behavior\ReadHtmlCacheBehavior [ RunTime:0.000357s ]
INFO: [ app_begin ] --END-- [ RunTime:0.000400s ]
NOTIC: [2048] Declaration of Common\Model\MenuModel::find() should be compatible with Think\Model::find($options = Array) D:\web\Matcms\Application\Common\Model\MenuModel.class.php 第 13 行.
SQL: SHOW COLUMNS FROM `mat_menu` [ RunTime:0.0008s ]
SQL: SELECT * FROM `mat_menu` WHERE `status` = 1 AND `type` = 0 ORDER BY listorder desc,menu_id desc  [ RunTime:0.0004s ]
NOTIC: [2048] Declaration of Common\Model\PositioncontentModel::find() should be compatible with Think\Model::find($options = Array) D:\web\Matcms\Application\Common\Model\PositioncontentModel.class.php 第 96 行.
SQL: SHOW COLUMNS FROM `mat_position_content` [ RunTime:0.0006s ]
SQL: SELECT * FROM `mat_position_content` WHERE `status` = 1 AND `position_id` = 3 ORDER BY listorder desc,id desc LIMIT 3   [ RunTime:0.0003s ]
NOTIC: [2048] Declaration of Common\Model\NewsContentModel::find() should be compatible with Think\Model::find($options = Array) D:\web\Matcms\Application\Common\Model\NewsContentModel.class.php 第 58 行.
SQL: SHOW COLUMNS FROM `mat_news_content` [ RunTime:0.0006s ]
SQL: SELECT * FROM `mat_news_content` WHERE ( news_id=26 ) LIMIT 1   [ RunTime:0.0005s ]
SQL: SELECT * FROM `mat_news_content` WHERE ( news_id=25 ) LIMIT 1   [ RunTime:0.0006s ]
SQL: SELECT * FROM `mat_news_content` WHERE ( news_id=19 ) LIMIT 1   [ RunTime:0.0002s ]
SQL: SELECT * FROM `mat_position_content` WHERE `status` = 1 AND `position_id` = 2 ORDER BY listorder desc,id desc LIMIT 3   [ RunTime:0.0003s ]
SQL: SELECT * FROM `mat_news_content` WHERE ( news_id=24 ) LIMIT 1   [ RunTime:0.0003s ]
SQL: SELECT * FROM `mat_news_content` WHERE ( news_id=22 ) LIMIT 1   [ RunTime:0.0003s ]
SQL: SELECT * FROM `mat_news_content` WHERE ( news_id=21 ) LIMIT 1   [ RunTime:0.0002s ]
SQL: SELECT * FROM `mat_position_content` WHERE `status` = 1 AND `position_id` = 4 ORDER BY listorder desc,id desc LIMIT 3   [ RunTime:0.0002s ]
SQL: SELECT * FROM `mat_news_content` WHERE ( news_id=29 ) LIMIT 1   [ RunTime:0.0002s ]
SQL: SELECT * FROM `mat_news_content` WHERE ( news_id=28 ) LIMIT 1   [ RunTime:0.0003s ]
SQL: SELECT * FROM `mat_news_content` WHERE ( news_id=27 ) LIMIT 1   [ RunTime:0.0003s ]
SQL: SELECT * FROM `mat_position_content` WHERE `status` = 1 AND `position_id` = 5 ORDER BY listorder desc,id desc LIMIT 3   [ RunTime:0.0003s ]
SQL: SELECT * FROM `mat_news_content` WHERE ( news_id=32 ) LIMIT 1   [ RunTime:0.0003s ]
SQL: SELECT * FROM `mat_news_content` WHERE ( news_id=31 ) LIMIT 1   [ RunTime:0.0003s ]
SQL: SELECT * FROM `mat_news_content` WHERE ( news_id=30 ) LIMIT 1   [ RunTime:0.0003s ]
SQL: SELECT * FROM `mat_position_content` WHERE `status` = 1 AND `position_id` = 1 ORDER BY listorder desc,id desc  [ RunTime:0.0003s ]
NOTIC: [2048] Declaration of Common\Model\BasicModel::save() should be compatible with Think\Model::save($data = '', $options = Array) D:\web\Matcms\Application\Common\Model\BasicModel.class.php 第 40 行.
NOTIC: [2048] Declaration of Common\Model\BasicModel::select() should be compatible with Think\Model::select($options = Array) D:\web\Matcms\Application\Common\Model\BasicModel.class.php 第 40 行.
NOTIC: [8] Undefined index: id D:\web\Matcms\Application\Home\Controller\IndexController.class.php 第 21 行.
INFO: [ view_parse ] --START--
INFO: [ template_filter ] --START--
INFO: Run Behavior\ContentReplaceBehavior [ RunTime:0.000072s ]
INFO: [ template_filter ] --END-- [ RunTime:0.000106s ]
NOTIC: [8] Undefined variable: search D:\web\Matcms\Application\Runtime\Cache\Home\2a94b8bda04ff446dcedd42276fc99ee.php 第 59 行.
NOTIC: [8] Undefined index: userInfo D:\web\Matcms\Application\Runtime\Cache\Home\2a94b8bda04ff446dcedd42276fc99ee.php 第 64 行.
NOTIC: [8] Undefined index: userInfo D:\web\Matcms\Application\Runtime\Cache\Home\2a94b8bda04ff446dcedd42276fc99ee.php 第 154 行.
NOTIC: [8] Undefined index: userInfo D:\web\Matcms\Application\Runtime\Cache\Home\2a94b8bda04ff446dcedd42276fc99ee.php 第 159 行.
NOTIC: [8] Undefined index: userInfo D:\web\Matcms\Application\Runtime\Cache\Home\2a94b8bda04ff446dcedd42276fc99ee.php 第 163 行.
INFO: Run Behavior\ParseTemplateBehavior [ RunTime:0.058438s ]
INFO: [ view_parse ] --END-- [ RunTime:0.058481s ]
INFO: [ view_filter ] --START--
INFO: Run Behavior\WriteHtmlCacheBehavior [ RunTime:0.000206s ]
INFO: [ view_filter ] --END-- [ RunTime:0.000236s ]
INFO: [ app_end ] --START--
INFO: Run Behavior\ShowPageTraceBehavior [ RunTime:0.000456s ]
INFO: [ app_end ] --END-- [ RunTime:0.000507s ]

[ 2016-08-17T23:36:58+08:00 ] 127.0.0.1 /
INFO: [ app_init ] --START--
INFO: Run Behavior\BuildLiteBehavior [ RunTime:0.000012s ]
INFO: [ app_init ] --END-- [ RunTime:0.000335s ]
INFO: [ app_begin ] --START--
INFO: Run Behavior\ReadHtmlCacheBehavior [ RunTime:0.000448s ]
INFO: [ app_begin ] --END-- [ RunTime:0.000491s ]
NOTIC: [2048] Declaration of Common\Model\MenuModel::find() should be compatible with Think\Model::find($options = Array) D:\web\Matcms\Application\Common\Model\MenuModel.class.php 第 13 行.
SQL: SHOW COLUMNS FROM `mat_menu` [ RunTime:0.0050s ]
SQL: SELECT * FROM `mat_menu` WHERE `status` = 1 AND `type` = 0 ORDER BY listorder desc,menu_id desc  [ RunTime:0.0006s ]
NOTIC: [2048] Declaration of Common\Model\PositioncontentModel::find() should be compatible with Think\Model::find($options = Array) D:\web\Matcms\Application\Common\Model\PositioncontentModel.class.php 第 96 行.
SQL: SHOW COLUMNS FROM `mat_position_content` [ RunTime:0.0009s ]
SQL: SELECT * FROM `mat_position_content` WHERE `status` = 1 AND `position_id` = 3 ORDER BY listorder desc,id desc LIMIT 3   [ RunTime:0.0004s ]
NOTIC: [2048] Declaration of Common\Model\NewsContentModel::find() should be compatible with Think\Model::find($options = Array) D:\web\Matcms\Application\Common\Model\NewsContentModel.class.php 第 58 行.
SQL: SHOW COLUMNS FROM `mat_news_content` [ RunTime:0.0007s ]
SQL: SELECT * FROM `mat_news_content` WHERE ( news_id=26 ) LIMIT 1   [ RunTime:0.0006s ]
SQL: SELECT * FROM `mat_news_content` WHERE ( news_id=25 ) LIMIT 1   [ RunTime:0.0009s ]
SQL: SELECT * FROM `mat_news_content` WHERE ( news_id=19 ) LIMIT 1   [ RunTime:0.0003s ]
SQL: SELECT * FROM `mat_position_content` WHERE `status` = 1 AND `position_id` = 2 ORDER BY listorder desc,id desc LIMIT 3   [ RunTime:0.0003s ]
SQL: SELECT * FROM `mat_news_content` WHERE ( news_id=24 ) LIMIT 1   [ RunTime:0.0003s ]
SQL: SELECT * FROM `mat_news_content` WHERE ( news_id=22 ) LIMIT 1   [ RunTime:0.0003s ]
SQL: SELECT * FROM `mat_news_content` WHERE ( news_id=21 ) LIMIT 1   [ RunTime:0.0003s ]
SQL: SELECT * FROM `mat_position_content` WHERE `status` = 1 AND `position_id` = 4 ORDER BY listorder desc,id desc LIMIT 3   [ RunTime:0.0003s ]
SQL: SELECT * FROM `mat_news_content` WHERE ( news_id=29 ) LIMIT 1   [ RunTime:0.0003s ]
SQL: SELECT * FROM `mat_news_content` WHERE ( news_id=28 ) LIMIT 1   [ RunTime:0.0003s ]
SQL: SELECT * FROM `mat_news_content` WHERE ( news_id=27 ) LIMIT 1   [ RunTime:0.0003s ]
SQL: SELECT * FROM `mat_position_content` WHERE `status` = 1 AND `position_id` = 5 ORDER BY listorder desc,id desc LIMIT 3   [ RunTime:0.0003s ]
SQL: SELECT * FROM `mat_news_content` WHERE ( news_id=32 ) LIMIT 1   [ RunTime:0.0003s ]
SQL: SELECT * FROM `mat_news_content` WHERE ( news_id=31 ) LIMIT 1   [ RunTime:0.0003s ]
SQL: SELECT * FROM `mat_news_content` WHERE ( news_id=30 ) LIMIT 1   [ RunTime:0.0003s ]
SQL: SELECT * FROM `mat_position_content` WHERE `status` = 1 AND `position_id` = 1 ORDER BY listorder desc,id desc  [ RunTime:0.0003s ]
NOTIC: [2048] Declaration of Common\Model\BasicModel::save() should be compatible with Think\Model::save($data = '', $options = Array) D:\web\Matcms\Application\Common\Model\BasicModel.class.php 第 40 行.
NOTIC: [2048] Declaration of Common\Model\BasicModel::select() should be compatible with Think\Model::select($options = Array) D:\web\Matcms\Application\Common\Model\BasicModel.class.php 第 40 行.
NOTIC: [8] Undefined index: id D:\web\Matcms\Application\Home\Controller\IndexController.class.php 第 21 行.
INFO: [ view_parse ] --START--
INFO: [ template_filter ] --START--
INFO: Run Behavior\ContentReplaceBehavior [ RunTime:0.000098s ]
INFO: [ template_filter ] --END-- [ RunTime:0.000141s ]
NOTIC: [8] Undefined variable: search D:\web\Matcms\Application\Runtime\Cache\Home\2a94b8bda04ff446dcedd42276fc99ee.php 第 59 行.
NOTIC: [8] Undefined index: userInfo D:\web\Matcms\Application\Runtime\Cache\Home\2a94b8bda04ff446dcedd42276fc99ee.php 第 64 行.
NOTIC: [8] Undefined index: userInfo D:\web\Matcms\Application\Runtime\Cache\Home\2a94b8bda04ff446dcedd42276fc99ee.php 第 154 行.
NOTIC: [8] Undefined index: userInfo D:\web\Matcms\Application\Runtime\Cache\Home\2a94b8bda04ff446dcedd42276fc99ee.php 第 159 行.
NOTIC: [8] Undefined index: userInfo D:\web\Matcms\Application\Runtime\Cache\Home\2a94b8bda04ff446dcedd42276fc99ee.php 第 163 行.
INFO: Run Behavior\ParseTemplateBehavior [ RunTime:0.078474s ]
INFO: [ view_parse ] --END-- [ RunTime:0.078521s ]
INFO: [ view_filter ] --START--
INFO: Run Behavior\WriteHtmlCacheBehavior [ RunTime:0.000283s ]
INFO: [ view_filter ] --END-- [ RunTime:0.000316s ]
INFO: [ app_end ] --START--
INFO: Run Behavior\ShowPageTraceBehavior [ RunTime:0.000515s ]
INFO: [ app_end ] --END-- [ RunTime:0.000568s ]

[ 2016-08-17T23:37:01+08:00 ] 127.0.0.1 /
INFO: [ app_init ] --START--
INFO: Run Behavior\BuildLiteBehavior [ RunTime:0.000012s ]
INFO: [ app_init ] --END-- [ RunTime:0.000286s ]
INFO: [ app_begin ] --START--
INFO: Run Behavior\ReadHtmlCacheBehavior [ RunTime:0.000354s ]
INFO: [ app_begin ] --END-- [ RunTime:0.000396s ]
NOTIC: [2048] Declaration of Common\Model\MenuModel::find() should be compatible with Think\Model::find($options = Array) D:\web\Matcms\Application\Common\Model\MenuModel.class.php 第 13 行.
SQL: SHOW COLUMNS FROM `mat_menu` [ RunTime:0.0008s ]
SQL: SELECT * FROM `mat_menu` WHERE `status` = 1 AND `type` = 0 ORDER BY listorder desc,menu_id desc  [ RunTime:0.0004s ]
NOTIC: [2048] Declaration of Common\Model\PositioncontentModel::find() should be compatible with Think\Model::find($options = Array) D:\web\Matcms\Application\Common\Model\PositioncontentModel.class.php 第 96 行.
SQL: SHOW COLUMNS FROM `mat_position_content` [ RunTime:0.0007s ]
SQL: SELECT * FROM `mat_position_content` WHERE `status` = 1 AND `position_id` = 3 ORDER BY listorder desc,id desc LIMIT 3   [ RunTime:0.0004s ]
NOTIC: [2048] Declaration of Common\Model\NewsContentModel::find() should be compatible with Think\Model::find($options = Array) D:\web\Matcms\Application\Common\Model\NewsContentModel.class.php 第 58 行.
SQL: SHOW COLUMNS FROM `mat_news_content` [ RunTime:0.0007s ]
SQL: SELECT * FROM `mat_news_content` WHERE ( news_id=26 ) LIMIT 1   [ RunTime:0.0008s ]
SQL: SELECT * FROM `mat_news_content` WHERE ( news_id=25 ) LIMIT 1   [ RunTime:0.0009s ]
SQL: SELECT * FROM `mat_news_content` WHERE ( news_id=19 ) LIMIT 1   [ RunTime:0.0003s ]
SQL: SELECT * FROM `mat_position_content` WHERE `status` = 1 AND `position_id` = 2 ORDER BY listorder desc,id desc LIMIT 3   [ RunTime:0.0003s ]
SQL: SELECT * FROM `mat_news_content` WHERE ( news_id=24 ) LIMIT 1   [ RunTime:0.0003s ]
SQL: SELECT * FROM `mat_news_content` WHERE ( news_id=22 ) LIMIT 1   [ RunTime:0.0002s ]
SQL: SELECT * FROM `mat_news_content` WHERE ( news_id=21 ) LIMIT 1   [ RunTime:0.0002s ]
SQL: SELECT * FROM `mat_position_content` WHERE `status` = 1 AND `position_id` = 4 ORDER BY listorder desc,id desc LIMIT 3   [ RunTime:0.0002s ]
SQL: SELECT * FROM `mat_news_content` WHERE ( news_id=29 ) LIMIT 1   [ RunTime:0.0002s ]
SQL: SELECT * FROM `mat_news_content` WHERE ( news_id=28 ) LIMIT 1   [ RunTime:0.0002s ]
SQL: SELECT * FROM `mat_news_content` WHERE ( news_id=27 ) LIMIT 1   [ RunTime:0.0002s ]
SQL: SELECT * FROM `mat_position_content` WHERE `status` = 1 AND `position_id` = 5 ORDER BY listorder desc,id desc LIMIT 3   [ RunTime:0.0003s ]
SQL: SELECT * FROM `mat_news_content` WHERE ( news_id=32 ) LIMIT 1   [ RunTime:0.0003s ]
SQL: SELECT * FROM `mat_news_content` WHERE ( news_id=31 ) LIMIT 1   [ RunTime:0.0003s ]
SQL: SELECT * FROM `mat_news_content` WHERE ( news_id=30 ) LIMIT 1   [ RunTime:0.0003s ]
SQL: SELECT * FROM `mat_position_content` WHERE `status` = 1 AND `position_id` = 1 ORDER BY listorder desc,id desc  [ RunTime:0.0002s ]
NOTIC: [2048] Declaration of Common\Model\BasicModel::save() should be compatible with Think\Model::save($data = '', $options = Array) D:\web\Matcms\Application\Common\Model\BasicModel.class.php 第 40 行.
NOTIC: [2048] Declaration of Common\Model\BasicModel::select() should be compatible with Think\Model::select($options = Array) D:\web\Matcms\Application\Common\Model\BasicModel.class.php 第 40 行.
NOTIC: [8] Undefined index: id D:\web\Matcms\Application\Home\Controller\IndexController.class.php 第 21 行.
INFO: [ view_parse ] --START--
INFO: [ template_filter ] --START--
INFO: Run Behavior\ContentReplaceBehavior [ RunTime:0.000087s ]
INFO: [ template_filter ] --END-- [ RunTime:0.000131s ]
NOTIC: [8] Undefined variable: search D:\web\Matcms\Application\Runtime\Cache\Home\2a94b8bda04ff446dcedd42276fc99ee.php 第 59 行.
NOTIC: [8] Undefined index: userInfo D:\web\Matcms\Application\Runtime\Cache\Home\2a94b8bda04ff446dcedd42276fc99ee.php 第 64 行.
NOTIC: [8] Undefined index: userInfo D:\web\Matcms\Application\Runtime\Cache\Home\2a94b8bda04ff446dcedd42276fc99ee.php 第 154 行.
NOTIC: [8] Undefined index: userInfo D:\web\Matcms\Application\Runtime\Cache\Home\2a94b8bda04ff446dcedd42276fc99ee.php 第 159 行.
NOTIC: [8] Undefined index: userInfo D:\web\Matcms\Application\Runtime\Cache\Home\2a94b8bda04ff446dcedd42276fc99ee.php 第 163 行.
INFO: Run Behavior\ParseTemplateBehavior [ RunTime:0.076858s ]
INFO: [ view_parse ] --END-- [ RunTime:0.076906s ]
INFO: [ view_filter ] --START--
INFO: Run Behavior\WriteHtmlCacheBehavior [ RunTime:0.000281s ]
INFO: [ view_filter ] --END-- [ RunTime:0.000323s ]
INFO: [ app_end ] --START--
INFO: Run Behavior\ShowPageTraceBehavior [ RunTime:0.000419s ]
INFO: [ app_end ] --END-- [ RunTime:0.000469s ]

[ 2016-08-17T23:37:10+08:00 ] 127.0.0.1 /
INFO: [ app_init ] --START--
INFO: Run Behavior\BuildLiteBehavior [ RunTime:0.000012s ]
INFO: [ app_init ] --END-- [ RunTime:0.000322s ]
INFO: [ app_begin ] --START--
INFO: Run Behavior\ReadHtmlCacheBehavior [ RunTime:0.000464s ]
INFO: [ app_begin ] --END-- [ RunTime:0.000519s ]
NOTIC: [2048] Declaration of Common\Model\MenuModel::find() should be compatible with Think\Model::find($options = Array) D:\web\Matcms\Application\Common\Model\MenuModel.class.php 第 13 行.
SQL: SHOW COLUMNS FROM `mat_menu` [ RunTime:0.0008s ]
SQL: SELECT * FROM `mat_menu` WHERE `status` = 1 AND `type` = 0 ORDER BY listorder desc,menu_id desc  [ RunTime:0.0004s ]
NOTIC: [2048] Declaration of Common\Model\PositioncontentModel::find() should be compatible with Think\Model::find($options = Array) D:\web\Matcms\Application\Common\Model\PositioncontentModel.class.php 第 96 行.
SQL: SHOW COLUMNS FROM `mat_position_content` [ RunTime:0.0007s ]
SQL: SELECT * FROM `mat_position_content` WHERE `status` = 1 AND `position_id` = 3 ORDER BY listorder desc,id desc LIMIT 3   [ RunTime:0.0004s ]
NOTIC: [2048] Declaration of Common\Model\NewsContentModel::find() should be compatible with Think\Model::find($options = Array) D:\web\Matcms\Application\Common\Model\NewsContentModel.class.php 第 58 行.
SQL: SHOW COLUMNS FROM `mat_news_content` [ RunTime:0.0006s ]
SQL: SELECT * FROM `mat_news_content` WHERE ( news_id=26 ) LIMIT 1   [ RunTime:0.0006s ]
SQL: SELECT * FROM `mat_news_content` WHERE ( news_id=25 ) LIMIT 1   [ RunTime:0.0008s ]
SQL: SELECT * FROM `mat_news_content` WHERE ( news_id=19 ) LIMIT 1   [ RunTime:0.0003s ]
SQL: SELECT * FROM `mat_position_content` WHERE `status` = 1 AND `position_id` = 2 ORDER BY listorder desc,id desc LIMIT 3   [ RunTime:0.0003s ]
SQL: SELECT * FROM `mat_news_content` WHERE ( news_id=24 ) LIMIT 1   [ RunTime:0.0003s ]
SQL: SELECT * FROM `mat_news_content` WHERE ( news_id=22 ) LIMIT 1   [ RunTime:0.0003s ]
SQL: SELECT * FROM `mat_news_content` WHERE ( news_id=21 ) LIMIT 1   [ RunTime:0.0003s ]
SQL: SELECT * FROM `mat_position_content` WHERE `status` = 1 AND `position_id` = 4 ORDER BY listorder desc,id desc LIMIT 3   [ RunTime:0.0003s ]
SQL: SELECT * FROM `mat_news_content` WHERE ( news_id=29 ) LIMIT 1   [ RunTime:0.0002s ]
SQL: SELECT * FROM `mat_news_content` WHERE ( news_id=28 ) LIMIT 1   [ RunTime:0.0003s ]
SQL: SELECT * FROM `mat_news_content` WHERE ( news_id=27 ) LIMIT 1   [ RunTime:0.0003s ]
SQL: SELECT * FROM `mat_position_content` WHERE `status` = 1 AND `position_id` = 5 ORDER BY listorder desc,id desc LIMIT 3   [ RunTime:0.0003s ]
SQL: SELECT * FROM `mat_news_content` WHERE ( news_id=32 ) LIMIT 1   [ RunTime:0.0003s ]
SQL: SELECT * FROM `mat_news_content` WHERE ( news_id=31 ) LIMIT 1   [ RunTime:0.0003s ]
SQL: SELECT * FROM `mat_news_content` WHERE ( news_id=30 ) LIMIT 1   [ RunTime:0.0003s ]
SQL: SELECT * FROM `mat_position_content` WHERE `status` = 1 AND `position_id` = 1 ORDER BY listorder desc,id desc  [ RunTime:0.0003s ]
NOTIC: [2048] Declaration of Common\Model\BasicModel::save() should be compatible with Think\Model::save($data = '', $options = Array) D:\web\Matcms\Application\Common\Model\BasicModel.class.php 第 40 行.
NOTIC: [2048] Declaration of Common\Model\BasicModel::select() should be compatible with Think\Model::select($options = Array) D:\web\Matcms\Application\Common\Model\BasicModel.class.php 第 40 行.
NOTIC: [8] Undefined index: id D:\web\Matcms\Application\Home\Controller\IndexController.class.php 第 21 行.
INFO: [ view_parse ] --START--
INFO: [ template_filter ] --START--
INFO: Run Behavior\ContentReplaceBehavior [ RunTime:0.000086s ]
INFO: [ template_filter ] --END-- [ RunTime:0.000128s ]
NOTIC: [8] Undefined variable: search D:\web\Matcms\Application\Runtime\Cache\Home\2a94b8bda04ff446dcedd42276fc99ee.php 第 59 行.
NOTIC: [8] Undefined index: userInfo D:\web\Matcms\Application\Runtime\Cache\Home\2a94b8bda04ff446dcedd42276fc99ee.php 第 64 行.
NOTIC: [8] Undefined index: userInfo D:\web\Matcms\Application\Runtime\Cache\Home\2a94b8bda04ff446dcedd42276fc99ee.php 第 154 行.
NOTIC: [8] Undefined index: userInfo D:\web\Matcms\Application\Runtime\Cache\Home\2a94b8bda04ff446dcedd42276fc99ee.php 第 159 行.
NOTIC: [8] Undefined index: userInfo D:\web\Matcms\Application\Runtime\Cache\Home\2a94b8bda04ff446dcedd42276fc99ee.php 第 163 行.
INFO: Run Behavior\ParseTemplateBehavior [ RunTime:0.076276s ]
INFO: [ view_parse ] --END-- [ RunTime:0.076322s ]
INFO: [ view_filter ] --START--
INFO: Run Behavior\WriteHtmlCacheBehavior [ RunTime:0.000289s ]
INFO: [ view_filter ] --END-- [ RunTime:0.000320s ]
INFO: [ app_end ] --START--
INFO: Run Behavior\ShowPageTraceBehavior [ RunTime:0.000517s ]
INFO: [ app_end ] --END-- [ RunTime:0.000564s ]

