[ 2016-08-07T15:04:45+08:00 ] 127.0.0.1 /
INFO: [ app_init ] --START--
INFO: Run Behavior\BuildLiteBehavior [ RunTime:0.000011s ]
INFO: [ app_init ] --END-- [ RunTime:0.000283s ]
INFO: [ app_begin ] --START--
INFO: Run Behavior\ReadHtmlCacheBehavior [ RunTime:0.000359s ]
INFO: [ app_begin ] --END-- [ RunTime:0.000401s ]
NOTIC: [2048] Declaration of Common\Model\MenuModel::find() should be compatible with Think\Model::find($options = Array) D:\web\Matcms\Application\Common\Model\MenuModel.class.php 第 13 行.
SQL: SHOW COLUMNS FROM `mat_menu` [ RunTime:0.0007s ]
SQL: SELECT * FROM `mat_menu` WHERE `status` = 1 AND `type` = 0 ORDER BY listorder desc,menu_id desc  [ RunTime:0.0004s ]
NOTIC: [2048] Declaration of Common\Model\PositioncontentModel::find() should be compatible with Think\Model::find($options = Array) D:\web\Matcms\Application\Common\Model\PositioncontentModel.class.php 第 96 行.
SQL: SHOW COLUMNS FROM `mat_position_content` [ RunTime:0.0006s ]
SQL: SELECT * FROM `mat_position_content` WHERE `status` = 1 AND `position_id` = 3 ORDER BY listorder desc,id desc LIMIT 3   [ RunTime:0.0003s ]
NOTIC: [2048] Declaration of Common\Model\NewsContentModel::find() should be compatible with Think\Model::find($options = Array) D:\web\Matcms\Application\Common\Model\NewsContentModel.class.php 第 58 行.
SQL: SHOW COLUMNS FROM `mat_news_content` [ RunTime:0.0005s ]
SQL: SELECT * FROM `mat_news_content` WHERE ( news_id=26 ) LIMIT 1   [ RunTime:0.0006s ]
SQL: SELECT * FROM `mat_news_content` WHERE ( news_id=25 ) LIMIT 1   [ RunTime:0.0009s ]
SQL: SELECT * FROM `mat_news_content` WHERE ( news_id=19 ) LIMIT 1   [ RunTime:0.0002s ]
SQL: SELECT * FROM `mat_position_content` WHERE `status` = 1 AND `position_id` = 2 ORDER BY listorder desc,id desc LIMIT 3   [ RunTime:0.0002s ]
SQL: SELECT * FROM `mat_news_content` WHERE ( news_id=24 ) LIMIT 1   [ RunTime:0.0003s ]
SQL: SELECT * FROM `mat_news_content` WHERE ( news_id=22 ) LIMIT 1   [ RunTime:0.0002s ]
SQL: SELECT * FROM `mat_news_content` WHERE ( news_id=21 ) LIMIT 1   [ RunTime:0.0002s ]
SQL: SELECT * FROM `mat_position_content` WHERE `status` = 1 AND `position_id` = 4 ORDER BY listorder desc,id desc LIMIT 3   [ RunTime:0.0002s ]
SQL: SELECT * FROM `mat_news_content` WHERE ( news_id=29 ) LIMIT 1   [ RunTime:0.0002s ]
SQL: SELECT * FROM `mat_news_content` WHERE ( news_id=28 ) LIMIT 1   [ RunTime:0.0002s ]
SQL: SELECT * FROM `mat_news_content` WHERE ( news_id=27 ) LIMIT 1   [ RunTime:0.0002s ]
SQL: SELECT * FROM `mat_position_content` WHERE `status` = 1 AND `position_id` = 5 ORDER BY listorder desc,id desc LIMIT 3   [ RunTime:0.0002s ]
SQL: SELECT * FROM `mat_news_content` WHERE ( news_id=32 ) LIMIT 1   [ RunTime:0.0005s ]
SQL: SELECT * FROM `mat_news_content` WHERE ( news_id=31 ) LIMIT 1   [ RunTime:0.0007s ]
SQL: SELECT * FROM `mat_news_content` WHERE ( news_id=30 ) LIMIT 1   [ RunTime:0.0005s ]
SQL: SELECT * FROM `mat_position_content` WHERE `status` = 1 AND `position_id` = 1 ORDER BY listorder desc,id desc  [ RunTime:0.0002s ]
NOTIC: [2048] Declaration of Common\Model\BasicModel::save() should be compatible with Think\Model::save($data = '', $options = Array) D:\web\Matcms\Application\Common\Model\BasicModel.class.php 第 40 行.
NOTIC: [2048] Declaration of Common\Model\BasicModel::select() should be compatible with Think\Model::select($options = Array) D:\web\Matcms\Application\Common\Model\BasicModel.class.php 第 40 行.
NOTIC: [8] Undefined index: id D:\web\Matcms\Application\Home\Controller\IndexController.class.php 第 21 行.
INFO: [ view_parse ] --START--
INFO: [ template_filter ] --START--
INFO: Run Behavior\ContentReplaceBehavior [ RunTime:0.000086s ]
INFO: [ template_filter ] --END-- [ RunTime:0.000123s ]
NOTIC: [8] Undefined variable: search D:\web\Matcms\Application\Runtime\Cache\Home\2a94b8bda04ff446dcedd42276fc99ee.php 第 59 行.
NOTIC: [8] Undefined index: userInfo D:\web\Matcms\Application\Runtime\Cache\Home\2a94b8bda04ff446dcedd42276fc99ee.php 第 64 行.
NOTIC: [8] Undefined index: userInfo D:\web\Matcms\Application\Runtime\Cache\Home\2a94b8bda04ff446dcedd42276fc99ee.php 第 154 行.
NOTIC: [8] Undefined index: userInfo D:\web\Matcms\Application\Runtime\Cache\Home\2a94b8bda04ff446dcedd42276fc99ee.php 第 159 行.
NOTIC: [8] Undefined index: userInfo D:\web\Matcms\Application\Runtime\Cache\Home\2a94b8bda04ff446dcedd42276fc99ee.php 第 163 行.
INFO: Run Behavior\ParseTemplateBehavior [ RunTime:0.096649s ]
INFO: [ view_parse ] --END-- [ RunTime:0.096697s ]
INFO: [ view_filter ] --START--
INFO: Run Behavior\WriteHtmlCacheBehavior [ RunTime:0.001408s ]
INFO: [ view_filter ] --END-- [ RunTime:0.001484s ]
INFO: [ app_end ] --START--
INFO: Run Behavior\ShowPageTraceBehavior [ RunTime:0.000592s ]
INFO: [ app_end ] --END-- [ RunTime:0.000657s ]

[ 2016-08-07T15:04:53+08:00 ] 127.0.0.1 /index.php?c=cat&catid=4
INFO: [ app_init ] --START--
INFO: Run Behavior\BuildLiteBehavior [ RunTime:0.000011s ]
INFO: [ app_init ] --END-- [ RunTime:0.000341s ]
INFO: [ app_begin ] --START--
INFO: Run Behavior\ReadHtmlCacheBehavior [ RunTime:0.000490s ]
INFO: [ app_begin ] --END-- [ RunTime:0.000532s ]
NOTIC: [2048] Declaration of Common\Model\MenuModel::find() should be compatible with Think\Model::find($options = Array) D:\web\Matcms\Application\Common\Model\MenuModel.class.php 第 13 行.
SQL: SHOW COLUMNS FROM `mat_menu` [ RunTime:0.0011s ]
SQL: SELECT * FROM `mat_menu` WHERE ( menu_id=4 ) LIMIT 1   [ RunTime:0.0004s ]
NOTIC: [2048] Declaration of Common\Model\NewsModel::find() should be compatible with Think\Model::find($options = Array) D:\web\Matcms\Application\Common\Model\NewsModel.class.php 第 128 行.
SQL: SHOW COLUMNS FROM `mat_news` [ RunTime:0.0009s ]
SQL: SELECT * FROM `mat_news` WHERE `catid` = 4 AND `status` = 1 ORDER BY listorder desc,news_id desc  [ RunTime:0.0005s ]
NOTIC: [2048] Declaration of Common\Model\NewsContentModel::find() should be compatible with Think\Model::find($options = Array) D:\web\Matcms\Application\Common\Model\NewsContentModel.class.php 第 58 行.
SQL: SHOW COLUMNS FROM `mat_news_content` [ RunTime:0.0005s ]
SQL: SELECT * FROM `mat_news_content` WHERE ( news_id=25 ) LIMIT 1   [ RunTime:0.0008s ]
SQL: SELECT * FROM `mat_news_content` WHERE ( news_id=19 ) LIMIT 1   [ RunTime:0.0003s ]
SQL: SELECT * FROM `mat_news_content` WHERE ( news_id=26 ) LIMIT 1   [ RunTime:0.0005s ]
SQL: SELECT * FROM `mat_menu` WHERE `status` = 1 AND `type` = 0 ORDER BY listorder desc,menu_id desc  [ RunTime:0.0003s ]
NOTIC: [2048] Declaration of Common\Model\BasicModel::save() should be compatible with Think\Model::save($data = '', $options = Array) D:\web\Matcms\Application\Common\Model\BasicModel.class.php 第 40 行.
NOTIC: [2048] Declaration of Common\Model\BasicModel::select() should be compatible with Think\Model::select($options = Array) D:\web\Matcms\Application\Common\Model\BasicModel.class.php 第 40 行.
NOTIC: [8] Undefined index: search D:\web\Matcms\Application\Home\Controller\CatController.class.php 第 51 行.
INFO: [ view_parse ] --START--
INFO: [ template_filter ] --START--
INFO: Run Behavior\ContentReplaceBehavior [ RunTime:0.000118s ]
INFO: [ template_filter ] --END-- [ RunTime:0.000163s ]
NOTIC: [8] Undefined index: userInfo D:\web\Matcms\Application\Runtime\Cache\Home\14fcc139096cfd1d2075eb8db7e60b1e.php 第 64 行.
NOTIC: [8] Undefined index: userInfo D:\web\Matcms\Application\Runtime\Cache\Home\14fcc139096cfd1d2075eb8db7e60b1e.php 第 154 行.
NOTIC: [8] Undefined index: userInfo D:\web\Matcms\Application\Runtime\Cache\Home\14fcc139096cfd1d2075eb8db7e60b1e.php 第 159 行.
NOTIC: [8] Undefined index: userInfo D:\web\Matcms\Application\Runtime\Cache\Home\14fcc139096cfd1d2075eb8db7e60b1e.php 第 163 行.
SQL: SELECT * FROM `mat_news` WHERE `status` = 1 ORDER BY count desc,news_id desc LIMIT 10   [ RunTime:0.0007s ]
INFO: Run Behavior\ParseTemplateBehavior [ RunTime:0.108194s ]
INFO: [ view_parse ] --END-- [ RunTime:0.108232s ]
INFO: [ view_filter ] --START--
INFO: Run Behavior\WriteHtmlCacheBehavior [ RunTime:0.000393s ]
INFO: [ view_filter ] --END-- [ RunTime:0.000425s ]
INFO: [ app_end ] --START--
INFO: Run Behavior\ShowPageTraceBehavior [ RunTime:0.000842s ]
INFO: [ app_end ] --END-- [ RunTime:0.000924s ]

[ 2016-08-07T15:04:57+08:00 ] 127.0.0.1 /index.php?c=cat&catid=3
INFO: [ app_init ] --START--
INFO: Run Behavior\BuildLiteBehavior [ RunTime:0.000012s ]
INFO: [ app_init ] --END-- [ RunTime:0.000302s ]
INFO: [ app_begin ] --START--
INFO: Run Behavior\ReadHtmlCacheBehavior [ RunTime:0.000420s ]
INFO: [ app_begin ] --END-- [ RunTime:0.000480s ]
NOTIC: [2048] Declaration of Common\Model\MenuModel::find() should be compatible with Think\Model::find($options = Array) D:\web\Matcms\Application\Common\Model\MenuModel.class.php 第 13 行.
SQL: SHOW COLUMNS FROM `mat_menu` [ RunTime:0.0010s ]
SQL: SELECT * FROM `mat_menu` WHERE ( menu_id=3 ) LIMIT 1   [ RunTime:0.0004s ]
NOTIC: [2048] Declaration of Common\Model\NewsModel::find() should be compatible with Think\Model::find($options = Array) D:\web\Matcms\Application\Common\Model\NewsModel.class.php 第 128 行.
SQL: SHOW COLUMNS FROM `mat_news` [ RunTime:0.0007s ]
SQL: SELECT * FROM `mat_news` WHERE `catid` = 3 AND `status` = 1 ORDER BY listorder desc,news_id desc  [ RunTime:0.0009s ]
NOTIC: [2048] Declaration of Common\Model\NewsContentModel::find() should be compatible with Think\Model::find($options = Array) D:\web\Matcms\Application\Common\Model\NewsContentModel.class.php 第 58 行.
SQL: SHOW COLUMNS FROM `mat_news_content` [ RunTime:0.0010s ]
SQL: SELECT * FROM `mat_news_content` WHERE ( news_id=35 ) LIMIT 1   [ RunTime:0.0006s ]
SQL: SELECT * FROM `mat_news_content` WHERE ( news_id=24 ) LIMIT 1   [ RunTime:0.0004s ]
SQL: SELECT * FROM `mat_news_content` WHERE ( news_id=22 ) LIMIT 1   [ RunTime:0.0004s ]
SQL: SELECT * FROM `mat_news_content` WHERE ( news_id=21 ) LIMIT 1   [ RunTime:0.0006s ]
SQL: SELECT * FROM `mat_menu` WHERE `status` = 1 AND `type` = 0 ORDER BY listorder desc,menu_id desc  [ RunTime:0.0004s ]
NOTIC: [2048] Declaration of Common\Model\BasicModel::save() should be compatible with Think\Model::save($data = '', $options = Array) D:\web\Matcms\Application\Common\Model\BasicModel.class.php 第 40 行.
NOTIC: [2048] Declaration of Common\Model\BasicModel::select() should be compatible with Think\Model::select($options = Array) D:\web\Matcms\Application\Common\Model\BasicModel.class.php 第 40 行.
NOTIC: [8] Undefined index: search D:\web\Matcms\Application\Home\Controller\CatController.class.php 第 51 行.
INFO: [ view_parse ] --START--
INFO: [ template_filter ] --START--
INFO: Run Behavior\ContentReplaceBehavior [ RunTime:0.000111s ]
INFO: [ template_filter ] --END-- [ RunTime:0.000157s ]
NOTIC: [8] Undefined index: userInfo D:\web\Matcms\Application\Runtime\Cache\Home\14fcc139096cfd1d2075eb8db7e60b1e.php 第 64 行.
NOTIC: [8] Undefined index: userInfo D:\web\Matcms\Application\Runtime\Cache\Home\14fcc139096cfd1d2075eb8db7e60b1e.php 第 154 行.
NOTIC: [8] Undefined index: userInfo D:\web\Matcms\Application\Runtime\Cache\Home\14fcc139096cfd1d2075eb8db7e60b1e.php 第 159 行.
NOTIC: [8] Undefined index: userInfo D:\web\Matcms\Application\Runtime\Cache\Home\14fcc139096cfd1d2075eb8db7e60b1e.php 第 163 行.
SQL: SELECT * FROM `mat_news` WHERE `status` = 1 ORDER BY count desc,news_id desc LIMIT 10   [ RunTime:0.0007s ]
INFO: Run Behavior\ParseTemplateBehavior [ RunTime:0.103933s ]
INFO: [ view_parse ] --END-- [ RunTime:0.103975s ]
INFO: [ view_filter ] --START--
INFO: Run Behavior\WriteHtmlCacheBehavior [ RunTime:0.000367s ]
INFO: [ view_filter ] --END-- [ RunTime:0.000397s ]
INFO: [ app_end ] --START--
INFO: Run Behavior\ShowPageTraceBehavior [ RunTime:0.000642s ]
INFO: [ app_end ] --END-- [ RunTime:0.000722s ]

[ 2016-08-07T15:05:04+08:00 ] 127.0.0.1 /index.php?c=cat&catid=5
INFO: [ app_init ] --START--
INFO: Run Behavior\BuildLiteBehavior [ RunTime:0.000012s ]
INFO: [ app_init ] --END-- [ RunTime:0.000292s ]
INFO: [ app_begin ] --START--
INFO: Run Behavior\ReadHtmlCacheBehavior [ RunTime:0.000359s ]
INFO: [ app_begin ] --END-- [ RunTime:0.000402s ]
NOTIC: [2048] Declaration of Common\Model\MenuModel::find() should be compatible with Think\Model::find($options = Array) D:\web\Matcms\Application\Common\Model\MenuModel.class.php 第 13 行.
SQL: SHOW COLUMNS FROM `mat_menu` [ RunTime:0.0008s ]
SQL: SELECT * FROM `mat_menu` WHERE ( menu_id=5 ) LIMIT 1   [ RunTime:0.0007s ]
NOTIC: [2048] Declaration of Common\Model\NewsModel::find() should be compatible with Think\Model::find($options = Array) D:\web\Matcms\Application\Common\Model\NewsModel.class.php 第 128 行.
SQL: SHOW COLUMNS FROM `mat_news` [ RunTime:0.0008s ]
SQL: SELECT * FROM `mat_news` WHERE `catid` = 5 AND `status` = 1 ORDER BY listorder desc,news_id desc  [ RunTime:0.0005s ]
NOTIC: [2048] Declaration of Common\Model\NewsContentModel::find() should be compatible with Think\Model::find($options = Array) D:\web\Matcms\Application\Common\Model\NewsContentModel.class.php 第 58 行.
SQL: SHOW COLUMNS FROM `mat_news_content` [ RunTime:0.0005s ]
SQL: SELECT * FROM `mat_news_content` WHERE ( news_id=29 ) LIMIT 1   [ RunTime:0.0003s ]
SQL: SELECT * FROM `mat_news_content` WHERE ( news_id=28 ) LIMIT 1   [ RunTime:0.0003s ]
SQL: SELECT * FROM `mat_news_content` WHERE ( news_id=27 ) LIMIT 1   [ RunTime:0.0003s ]
SQL: SELECT * FROM `mat_menu` WHERE `status` = 1 AND `type` = 0 ORDER BY listorder desc,menu_id desc  [ RunTime:0.0003s ]
NOTIC: [2048] Declaration of Common\Model\BasicModel::save() should be compatible with Think\Model::save($data = '', $options = Array) D:\web\Matcms\Application\Common\Model\BasicModel.class.php 第 40 行.
NOTIC: [2048] Declaration of Common\Model\BasicModel::select() should be compatible with Think\Model::select($options = Array) D:\web\Matcms\Application\Common\Model\BasicModel.class.php 第 40 行.
NOTIC: [8] Undefined index: search D:\web\Matcms\Application\Home\Controller\CatController.class.php 第 51 行.
INFO: [ view_parse ] --START--
INFO: [ template_filter ] --START--
INFO: Run Behavior\ContentReplaceBehavior [ RunTime:0.000116s ]
INFO: [ template_filter ] --END-- [ RunTime:0.000165s ]
NOTIC: [8] Undefined index: userInfo D:\web\Matcms\Application\Runtime\Cache\Home\14fcc139096cfd1d2075eb8db7e60b1e.php 第 64 行.
NOTIC: [8] Undefined index: userInfo D:\web\Matcms\Application\Runtime\Cache\Home\14fcc139096cfd1d2075eb8db7e60b1e.php 第 154 行.
NOTIC: [8] Undefined index: userInfo D:\web\Matcms\Application\Runtime\Cache\Home\14fcc139096cfd1d2075eb8db7e60b1e.php 第 159 行.
NOTIC: [8] Undefined index: userInfo D:\web\Matcms\Application\Runtime\Cache\Home\14fcc139096cfd1d2075eb8db7e60b1e.php 第 163 行.
SQL: SELECT * FROM `mat_news` WHERE `status` = 1 ORDER BY count desc,news_id desc LIMIT 10   [ RunTime:0.0007s ]
INFO: Run Behavior\ParseTemplateBehavior [ RunTime:0.099753s ]
INFO: [ view_parse ] --END-- [ RunTime:0.099791s ]
INFO: [ view_filter ] --START--
INFO: Run Behavior\WriteHtmlCacheBehavior [ RunTime:0.000349s ]
INFO: [ view_filter ] --END-- [ RunTime:0.000382s ]
INFO: [ app_end ] --START--
INFO: Run Behavior\ShowPageTraceBehavior [ RunTime:0.000678s ]
INFO: [ app_end ] --END-- [ RunTime:0.000762s ]

[ 2016-08-07T15:05:17+08:00 ] 127.0.0.1 /index.php?c=cat&catid=8
INFO: [ app_init ] --START--
INFO: Run Behavior\BuildLiteBehavior [ RunTime:0.000016s ]
INFO: [ app_init ] --END-- [ RunTime:0.000341s ]
INFO: [ app_begin ] --START--
INFO: Run Behavior\ReadHtmlCacheBehavior [ RunTime:0.000421s ]
INFO: [ app_begin ] --END-- [ RunTime:0.000479s ]
NOTIC: [2048] Declaration of Common\Model\MenuModel::find() should be compatible with Think\Model::find($options = Array) D:\web\Matcms\Application\Common\Model\MenuModel.class.php 第 13 行.
SQL: SHOW COLUMNS FROM `mat_menu` [ RunTime:0.0009s ]
SQL: SELECT * FROM `mat_menu` WHERE ( menu_id=8 ) LIMIT 1   [ RunTime:0.0004s ]
NOTIC: [2048] Declaration of Common\Model\NewsModel::find() should be compatible with Think\Model::find($options = Array) D:\web\Matcms\Application\Common\Model\NewsModel.class.php 第 128 行.
SQL: SHOW COLUMNS FROM `mat_news` [ RunTime:0.0007s ]
SQL: SELECT * FROM `mat_news` WHERE `catid` = 8 AND `status` = 1 ORDER BY listorder desc,news_id desc  [ RunTime:0.0005s ]
NOTIC: [2048] Declaration of Common\Model\NewsContentModel::find() should be compatible with Think\Model::find($options = Array) D:\web\Matcms\Application\Common\Model\NewsContentModel.class.php 第 58 行.
SQL: SHOW COLUMNS FROM `mat_news_content` [ RunTime:0.0007s ]
SQL: SELECT * FROM `mat_news_content` WHERE ( news_id=32 ) LIMIT 1   [ RunTime:0.0011s ]
SQL: SELECT * FROM `mat_news_content` WHERE ( news_id=31 ) LIMIT 1   [ RunTime:0.0008s ]
SQL: SELECT * FROM `mat_news_content` WHERE ( news_id=30 ) LIMIT 1   [ RunTime:0.0005s ]
SQL: SELECT * FROM `mat_news_content` WHERE ( news_id=23 ) LIMIT 1   [ RunTime:0.0006s ]
SQL: SELECT * FROM `mat_menu` WHERE `status` = 1 AND `type` = 0 ORDER BY listorder desc,menu_id desc  [ RunTime:0.0003s ]
NOTIC: [2048] Declaration of Common\Model\BasicModel::save() should be compatible with Think\Model::save($data = '', $options = Array) D:\web\Matcms\Application\Common\Model\BasicModel.class.php 第 40 行.
NOTIC: [2048] Declaration of Common\Model\BasicModel::select() should be compatible with Think\Model::select($options = Array) D:\web\Matcms\Application\Common\Model\BasicModel.class.php 第 40 行.
NOTIC: [8] Undefined index: search D:\web\Matcms\Application\Home\Controller\CatController.class.php 第 51 行.
INFO: [ view_parse ] --START--
INFO: [ template_filter ] --START--
INFO: Run Behavior\ContentReplaceBehavior [ RunTime:0.000111s ]
INFO: [ template_filter ] --END-- [ RunTime:0.000156s ]
NOTIC: [8] Undefined index: userInfo D:\web\Matcms\Application\Runtime\Cache\Home\14fcc139096cfd1d2075eb8db7e60b1e.php 第 64 行.
NOTIC: [8] Undefined index: userInfo D:\web\Matcms\Application\Runtime\Cache\Home\14fcc139096cfd1d2075eb8db7e60b1e.php 第 154 行.
NOTIC: [8] Undefined index: userInfo D:\web\Matcms\Application\Runtime\Cache\Home\14fcc139096cfd1d2075eb8db7e60b1e.php 第 159 行.
NOTIC: [8] Undefined index: userInfo D:\web\Matcms\Application\Runtime\Cache\Home\14fcc139096cfd1d2075eb8db7e60b1e.php 第 163 行.
SQL: SELECT * FROM `mat_news` WHERE `status` = 1 ORDER BY count desc,news_id desc LIMIT 10   [ RunTime:0.0008s ]
INFO: Run Behavior\ParseTemplateBehavior [ RunTime:0.089155s ]
INFO: [ view_parse ] --END-- [ RunTime:0.089197s ]
INFO: [ view_filter ] --START--
INFO: Run Behavior\WriteHtmlCacheBehavior [ RunTime:0.000353s ]
INFO: [ view_filter ] --END-- [ RunTime:0.000387s ]
INFO: [ app_end ] --START--
INFO: Run Behavior\ShowPageTraceBehavior [ RunTime:0.000639s ]
INFO: [ app_end ] --END-- [ RunTime:0.000710s ]

[ 2016-08-07T15:05:19+08:00 ] 127.0.0.1 /index.php?c=cat&catid=5
INFO: [ app_init ] --START--
INFO: Run Behavior\BuildLiteBehavior [ RunTime:0.000060s ]
INFO: [ app_init ] --END-- [ RunTime:0.001288s ]
INFO: [ app_begin ] --START--
INFO: Run Behavior\ReadHtmlCacheBehavior [ RunTime:0.000365s ]
INFO: [ app_begin ] --END-- [ RunTime:0.000405s ]
NOTIC: [2048] Declaration of Common\Model\MenuModel::find() should be compatible with Think\Model::find($options = Array) D:\web\Matcms\Application\Common\Model\MenuModel.class.php 第 13 行.
SQL: SHOW COLUMNS FROM `mat_menu` [ RunTime:0.0010s ]
SQL: SELECT * FROM `mat_menu` WHERE ( menu_id=5 ) LIMIT 1   [ RunTime:0.0006s ]
NOTIC: [2048] Declaration of Common\Model\NewsModel::find() should be compatible with Think\Model::find($options = Array) D:\web\Matcms\Application\Common\Model\NewsModel.class.php 第 128 行.
SQL: SHOW COLUMNS FROM `mat_news` [ RunTime:0.0007s ]
SQL: SELECT * FROM `mat_news` WHERE `catid` = 5 AND `status` = 1 ORDER BY listorder desc,news_id desc  [ RunTime:0.0012s ]
NOTIC: [2048] Declaration of Common\Model\NewsContentModel::find() should be compatible with Think\Model::find($options = Array) D:\web\Matcms\Application\Common\Model\NewsContentModel.class.php 第 58 行.
SQL: SHOW COLUMNS FROM `mat_news_content` [ RunTime:0.0007s ]
SQL: SELECT * FROM `mat_news_content` WHERE ( news_id=29 ) LIMIT 1   [ RunTime:0.0004s ]
SQL: SELECT * FROM `mat_news_content` WHERE ( news_id=28 ) LIMIT 1   [ RunTime:0.0004s ]
SQL: SELECT * FROM `mat_news_content` WHERE ( news_id=27 ) LIMIT 1   [ RunTime:0.0003s ]
SQL: SELECT * FROM `mat_menu` WHERE `status` = 1 AND `type` = 0 ORDER BY listorder desc,menu_id desc  [ RunTime:0.0003s ]
NOTIC: [2048] Declaration of Common\Model\BasicModel::save() should be compatible with Think\Model::save($data = '', $options = Array) D:\web\Matcms\Application\Common\Model\BasicModel.class.php 第 40 行.
NOTIC: [2048] Declaration of Common\Model\BasicModel::select() should be compatible with Think\Model::select($options = Array) D:\web\Matcms\Application\Common\Model\BasicModel.class.php 第 40 行.
NOTIC: [8] Undefined index: search D:\web\Matcms\Application\Home\Controller\CatController.class.php 第 51 行.
INFO: [ view_parse ] --START--
INFO: [ template_filter ] --START--
INFO: Run Behavior\ContentReplaceBehavior [ RunTime:0.000113s ]
INFO: [ template_filter ] --END-- [ RunTime:0.000150s ]
NOTIC: [8] Undefined index: userInfo D:\web\Matcms\Application\Runtime\Cache\Home\14fcc139096cfd1d2075eb8db7e60b1e.php 第 64 行.
NOTIC: [8] Undefined index: userInfo D:\web\Matcms\Application\Runtime\Cache\Home\14fcc139096cfd1d2075eb8db7e60b1e.php 第 154 行.
NOTIC: [8] Undefined index: userInfo D:\web\Matcms\Application\Runtime\Cache\Home\14fcc139096cfd1d2075eb8db7e60b1e.php 第 159 行.
NOTIC: [8] Undefined index: userInfo D:\web\Matcms\Application\Runtime\Cache\Home\14fcc139096cfd1d2075eb8db7e60b1e.php 第 163 行.
SQL: SELECT * FROM `mat_news` WHERE `status` = 1 ORDER BY count desc,news_id desc LIMIT 10   [ RunTime:0.0012s ]
INFO: Run Behavior\ParseTemplateBehavior [ RunTime:0.099136s ]
INFO: [ view_parse ] --END-- [ RunTime:0.099180s ]
INFO: [ view_filter ] --START--
INFO: Run Behavior\WriteHtmlCacheBehavior [ RunTime:0.000396s ]
INFO: [ view_filter ] --END-- [ RunTime:0.000432s ]
INFO: [ app_end ] --START--
INFO: Run Behavior\ShowPageTraceBehavior [ RunTime:0.000597s ]
INFO: [ app_end ] --END-- [ RunTime:0.000658s ]

[ 2016-08-07T15:05:20+08:00 ] 127.0.0.1 /index.php?c=cat&catid=3
INFO: [ app_init ] --START--
INFO: Run Behavior\BuildLiteBehavior [ RunTime:0.000012s ]
INFO: [ app_init ] --END-- [ RunTime:0.000287s ]
INFO: [ app_begin ] --START--
INFO: Run Behavior\ReadHtmlCacheBehavior [ RunTime:0.000356s ]
INFO: [ app_begin ] --END-- [ RunTime:0.000397s ]
NOTIC: [2048] Declaration of Common\Model\MenuModel::find() should be compatible with Think\Model::find($options = Array) D:\web\Matcms\Application\Common\Model\MenuModel.class.php 第 13 行.
SQL: SHOW COLUMNS FROM `mat_menu` [ RunTime:0.0022s ]
SQL: SELECT * FROM `mat_menu` WHERE ( menu_id=3 ) LIMIT 1   [ RunTime:0.0004s ]
NOTIC: [2048] Declaration of Common\Model\NewsModel::find() should be compatible with Think\Model::find($options = Array) D:\web\Matcms\Application\Common\Model\NewsModel.class.php 第 128 行.
SQL: SHOW COLUMNS FROM `mat_news` [ RunTime:0.0014s ]
SQL: SELECT * FROM `mat_news` WHERE `catid` = 3 AND `status` = 1 ORDER BY listorder desc,news_id desc  [ RunTime:0.0006s ]
NOTIC: [2048] Declaration of Common\Model\NewsContentModel::find() should be compatible with Think\Model::find($options = Array) D:\web\Matcms\Application\Common\Model\NewsContentModel.class.php 第 58 行.
SQL: SHOW COLUMNS FROM `mat_news_content` [ RunTime:0.0006s ]
SQL: SELECT * FROM `mat_news_content` WHERE ( news_id=35 ) LIMIT 1   [ RunTime:0.0004s ]
SQL: SELECT * FROM `mat_news_content` WHERE ( news_id=24 ) LIMIT 1   [ RunTime:0.0003s ]
SQL: SELECT * FROM `mat_news_content` WHERE ( news_id=22 ) LIMIT 1   [ RunTime:0.0003s ]
SQL: SELECT * FROM `mat_news_content` WHERE ( news_id=21 ) LIMIT 1   [ RunTime:0.0003s ]
SQL: SELECT * FROM `mat_menu` WHERE `status` = 1 AND `type` = 0 ORDER BY listorder desc,menu_id desc  [ RunTime:0.0003s ]
NOTIC: [2048] Declaration of Common\Model\BasicModel::save() should be compatible with Think\Model::save($data = '', $options = Array) D:\web\Matcms\Application\Common\Model\BasicModel.class.php 第 40 行.
NOTIC: [2048] Declaration of Common\Model\BasicModel::select() should be compatible with Think\Model::select($options = Array) D:\web\Matcms\Application\Common\Model\BasicModel.class.php 第 40 行.
NOTIC: [8] Undefined index: search D:\web\Matcms\Application\Home\Controller\CatController.class.php 第 51 行.
INFO: [ view_parse ] --START--
INFO: [ template_filter ] --START--
INFO: Run Behavior\ContentReplaceBehavior [ RunTime:0.000184s ]
INFO: [ template_filter ] --END-- [ RunTime:0.000259s ]
NOTIC: [8] Undefined index: userInfo D:\web\Matcms\Application\Runtime\Cache\Home\14fcc139096cfd1d2075eb8db7e60b1e.php 第 64 行.
NOTIC: [8] Undefined index: userInfo D:\web\Matcms\Application\Runtime\Cache\Home\14fcc139096cfd1d2075eb8db7e60b1e.php 第 154 行.
NOTIC: [8] Undefined index: userInfo D:\web\Matcms\Application\Runtime\Cache\Home\14fcc139096cfd1d2075eb8db7e60b1e.php 第 159 行.
NOTIC: [8] Undefined index: userInfo D:\web\Matcms\Application\Runtime\Cache\Home\14fcc139096cfd1d2075eb8db7e60b1e.php 第 163 行.
SQL: SELECT * FROM `mat_news` WHERE `status` = 1 ORDER BY count desc,news_id desc LIMIT 10   [ RunTime:0.0007s ]
INFO: Run Behavior\ParseTemplateBehavior [ RunTime:0.093104s ]
INFO: [ view_parse ] --END-- [ RunTime:0.093145s ]
INFO: [ view_filter ] --START--
INFO: Run Behavior\WriteHtmlCacheBehavior [ RunTime:0.000376s ]
INFO: [ view_filter ] --END-- [ RunTime:0.000410s ]
INFO: [ app_end ] --START--
INFO: Run Behavior\ShowPageTraceBehavior [ RunTime:0.000566s ]
INFO: [ app_end ] --END-- [ RunTime:0.000633s ]

[ 2016-08-07T15:05:52+08:00 ] 127.0.0.1 /index.php?c=detail&id=35&catid=3
INFO: [ app_init ] --START--
INFO: Run Behavior\BuildLiteBehavior [ RunTime:0.000013s ]
INFO: [ app_init ] --END-- [ RunTime:0.000341s ]
INFO: [ app_begin ] --START--
INFO: Run Behavior\ReadHtmlCacheBehavior [ RunTime:0.000613s ]
INFO: [ app_begin ] --END-- [ RunTime:0.000704s ]
NOTIC: [2048] Declaration of Common\Model\MenuModel::find() should be compatible with Think\Model::find($options = Array) D:\web\Matcms\Application\Common\Model\MenuModel.class.php 第 13 行.
SQL: SHOW COLUMNS FROM `mat_menu` [ RunTime:0.0013s ]
SQL: SELECT * FROM `mat_menu` WHERE ( menu_id=3 ) LIMIT 1   [ RunTime:0.0004s ]
NOTIC: [2048] Declaration of Common\Model\NewsModel::find() should be compatible with Think\Model::find($options = Array) D:\web\Matcms\Application\Common\Model\NewsModel.class.php 第 128 行.
SQL: SHOW COLUMNS FROM `mat_news` [ RunTime:0.0007s ]
SQL: SELECT * FROM `mat_news` WHERE ( news_id=35 ) LIMIT 1   [ RunTime:0.0004s ]
NOTIC: [2048] Declaration of Common\Model\NewsContentModel::find() should be compatible with Think\Model::find($options = Array) D:\web\Matcms\Application\Common\Model\NewsContentModel.class.php 第 58 行.
SQL: SHOW COLUMNS FROM `mat_news_content` [ RunTime:0.0005s ]
SQL: SELECT * FROM `mat_news_content` WHERE ( news_id=35 ) LIMIT 1   [ RunTime:0.0003s ]
SQL: SELECT * FROM `mat_menu` WHERE `status` = 1 AND `type` = 0 ORDER BY listorder desc,menu_id desc  [ RunTime:0.0003s ]
NOTIC: [2048] Declaration of Common\Model\BasicModel::save() should be compatible with Think\Model::save($data = '', $options = Array) D:\web\Matcms\Application\Common\Model\BasicModel.class.php 第 40 行.
NOTIC: [2048] Declaration of Common\Model\BasicModel::select() should be compatible with Think\Model::select($options = Array) D:\web\Matcms\Application\Common\Model\BasicModel.class.php 第 40 行.
INFO: [ view_parse ] --START--
INFO: [ template_filter ] --START--
INFO: Run Behavior\ContentReplaceBehavior [ RunTime:0.000146s ]
INFO: [ template_filter ] --END-- [ RunTime:0.000276s ]
NOTIC: [8] Undefined variable: search D:\web\Matcms\Application\Runtime\Cache\Home\0d75cb75cd30b13fdd4834afd69acb19.php 第 59 行.
NOTIC: [8] Undefined index: userInfo D:\web\Matcms\Application\Runtime\Cache\Home\0d75cb75cd30b13fdd4834afd69acb19.php 第 64 行.
NOTIC: [8] Undefined index: userInfo D:\web\Matcms\Application\Runtime\Cache\Home\0d75cb75cd30b13fdd4834afd69acb19.php 第 154 行.
NOTIC: [8] Undefined index: userInfo D:\web\Matcms\Application\Runtime\Cache\Home\0d75cb75cd30b13fdd4834afd69acb19.php 第 159 行.
NOTIC: [8] Undefined index: userInfo D:\web\Matcms\Application\Runtime\Cache\Home\0d75cb75cd30b13fdd4834afd69acb19.php 第 163 行.
SQL: SELECT * FROM `mat_news` WHERE `status` = 1 ORDER BY count desc,news_id desc LIMIT 10   [ RunTime:0.0008s ]
INFO: Run Behavior\ParseTemplateBehavior [ RunTime:0.097348s ]
INFO: [ view_parse ] --END-- [ RunTime:0.097388s ]
INFO: [ view_filter ] --START--
INFO: Run Behavior\WriteHtmlCacheBehavior [ RunTime:0.000510s ]
INFO: [ view_filter ] --END-- [ RunTime:0.000558s ]
INFO: [ app_end ] --START--
INFO: Run Behavior\ShowPageTraceBehavior [ RunTime:0.000608s ]
INFO: [ app_end ] --END-- [ RunTime:0.000679s ]

[ 2016-08-07T15:05:59+08:00 ] 127.0.0.1 /
INFO: [ app_init ] --START--
INFO: Run Behavior\BuildLiteBehavior [ RunTime:0.000012s ]
INFO: [ app_init ] --END-- [ RunTime:0.000284s ]
INFO: [ app_begin ] --START--
INFO: Run Behavior\ReadHtmlCacheBehavior [ RunTime:0.000360s ]
INFO: [ app_begin ] --END-- [ RunTime:0.000403s ]
NOTIC: [2048] Declaration of Common\Model\MenuModel::find() should be compatible with Think\Model::find($options = Array) D:\web\Matcms\Application\Common\Model\MenuModel.class.php 第 13 行.
SQL: SHOW COLUMNS FROM `mat_menu` [ RunTime:0.0008s ]
SQL: SELECT * FROM `mat_menu` WHERE `status` = 1 AND `type` = 0 ORDER BY listorder desc,menu_id desc  [ RunTime:0.0004s ]
NOTIC: [2048] Declaration of Common\Model\PositioncontentModel::find() should be compatible with Think\Model::find($options = Array) D:\web\Matcms\Application\Common\Model\PositioncontentModel.class.php 第 96 行.
SQL: SHOW COLUMNS FROM `mat_position_content` [ RunTime:0.0014s ]
SQL: SELECT * FROM `mat_position_content` WHERE `status` = 1 AND `position_id` = 3 ORDER BY listorder desc,id desc LIMIT 3   [ RunTime:0.0010s ]
NOTIC: [2048] Declaration of Common\Model\NewsContentModel::find() should be compatible with Think\Model::find($options = Array) D:\web\Matcms\Application\Common\Model\NewsContentModel.class.php 第 58 行.
SQL: SHOW COLUMNS FROM `mat_news_content` [ RunTime:0.0013s ]
SQL: SELECT * FROM `mat_news_content` WHERE ( news_id=26 ) LIMIT 1   [ RunTime:0.0008s ]
SQL: SELECT * FROM `mat_news_content` WHERE ( news_id=25 ) LIMIT 1   [ RunTime:0.0008s ]
SQL: SELECT * FROM `mat_news_content` WHERE ( news_id=19 ) LIMIT 1   [ RunTime:0.0003s ]
SQL: SELECT * FROM `mat_position_content` WHERE `status` = 1 AND `position_id` = 2 ORDER BY listorder desc,id desc LIMIT 3   [ RunTime:0.0003s ]
SQL: SELECT * FROM `mat_news_content` WHERE ( news_id=24 ) LIMIT 1   [ RunTime:0.0003s ]
SQL: SELECT * FROM `mat_news_content` WHERE ( news_id=22 ) LIMIT 1   [ RunTime:0.0003s ]
SQL: SELECT * FROM `mat_news_content` WHERE ( news_id=21 ) LIMIT 1   [ RunTime:0.0003s ]
SQL: SELECT * FROM `mat_position_content` WHERE `status` = 1 AND `position_id` = 4 ORDER BY listorder desc,id desc LIMIT 3   [ RunTime:0.0003s ]
SQL: SELECT * FROM `mat_news_content` WHERE ( news_id=29 ) LIMIT 1   [ RunTime:0.0003s ]
SQL: SELECT * FROM `mat_news_content` WHERE ( news_id=28 ) LIMIT 1   [ RunTime:0.0003s ]
SQL: SELECT * FROM `mat_news_content` WHERE ( news_id=27 ) LIMIT 1   [ RunTime:0.0003s ]
SQL: SELECT * FROM `mat_position_content` WHERE `status` = 1 AND `position_id` = 5 ORDER BY listorder desc,id desc LIMIT 3   [ RunTime:0.0003s ]
SQL: SELECT * FROM `mat_news_content` WHERE ( news_id=32 ) LIMIT 1   [ RunTime:0.0003s ]
SQL: SELECT * FROM `mat_news_content` WHERE ( news_id=31 ) LIMIT 1   [ RunTime:0.0003s ]
SQL: SELECT * FROM `mat_news_content` WHERE ( news_id=30 ) LIMIT 1   [ RunTime:0.0003s ]
SQL: SELECT * FROM `mat_position_content` WHERE `status` = 1 AND `position_id` = 1 ORDER BY listorder desc,id desc  [ RunTime:0.0003s ]
NOTIC: [2048] Declaration of Common\Model\BasicModel::save() should be compatible with Think\Model::save($data = '', $options = Array) D:\web\Matcms\Application\Common\Model\BasicModel.class.php 第 40 行.
NOTIC: [2048] Declaration of Common\Model\BasicModel::select() should be compatible with Think\Model::select($options = Array) D:\web\Matcms\Application\Common\Model\BasicModel.class.php 第 40 行.
NOTIC: [8] Undefined index: id D:\web\Matcms\Application\Home\Controller\IndexController.class.php 第 21 行.
INFO: [ view_parse ] --START--
INFO: [ template_filter ] --START--
INFO: Run Behavior\ContentReplaceBehavior [ RunTime:0.000091s ]
INFO: [ template_filter ] --END-- [ RunTime:0.000138s ]
NOTIC: [8] Undefined variable: search D:\web\Matcms\Application\Runtime\Cache\Home\2a94b8bda04ff446dcedd42276fc99ee.php 第 59 行.
NOTIC: [8] Undefined index: userInfo D:\web\Matcms\Application\Runtime\Cache\Home\2a94b8bda04ff446dcedd42276fc99ee.php 第 64 行.
NOTIC: [8] Undefined index: userInfo D:\web\Matcms\Application\Runtime\Cache\Home\2a94b8bda04ff446dcedd42276fc99ee.php 第 154 行.
NOTIC: [8] Undefined index: userInfo D:\web\Matcms\Application\Runtime\Cache\Home\2a94b8bda04ff446dcedd42276fc99ee.php 第 159 行.
NOTIC: [8] Undefined index: userInfo D:\web\Matcms\Application\Runtime\Cache\Home\2a94b8bda04ff446dcedd42276fc99ee.php 第 163 行.
INFO: Run Behavior\ParseTemplateBehavior [ RunTime:0.098284s ]
INFO: [ view_parse ] --END-- [ RunTime:0.098332s ]
INFO: [ view_filter ] --START--
INFO: Run Behavior\WriteHtmlCacheBehavior [ RunTime:0.000367s ]
INFO: [ view_filter ] --END-- [ RunTime:0.000402s ]
INFO: [ app_end ] --START--
INFO: Run Behavior\ShowPageTraceBehavior [ RunTime:0.000948s ]
INFO: [ app_end ] --END-- [ RunTime:0.001074s ]

