[ 2016-08-14T10:00:25+08:00 ] 127.0.0.1 /
INFO: [ app_init ] --START--
INFO: Run Behavior\BuildLiteBehavior [ RunTime:0.000012s ]
INFO: [ app_init ] --END-- [ RunTime:0.000354s ]
INFO: [ app_begin ] --START--
INFO: Run Behavior\ReadHtmlCacheBehavior [ RunTime:0.000539s ]
INFO: [ app_begin ] --END-- [ RunTime:0.000592s ]
NOTIC: [2048] Declaration of Common\Model\MenuModel::find() should be compatible with Think\Model::find($options = Array) D:\web\Matcms\Application\Common\Model\MenuModel.class.php 第 13 行.
SQL: SHOW COLUMNS FROM `mat_menu` [ RunTime:0.0009s ]
SQL: SELECT * FROM `mat_menu` WHERE `status` = 1 AND `type` = 0 ORDER BY listorder desc,menu_id desc  [ RunTime:0.0005s ]
NOTIC: [2048] Declaration of Common\Model\PositioncontentModel::find() should be compatible with Think\Model::find($options = Array) D:\web\Matcms\Application\Common\Model\PositioncontentModel.class.php 第 96 行.
SQL: SHOW COLUMNS FROM `mat_position_content` [ RunTime:0.0086s ]
SQL: SELECT * FROM `mat_position_content` WHERE `status` = 1 AND `position_id` = 3 ORDER BY listorder desc,id desc LIMIT 3   [ RunTime:0.0004s ]
NOTIC: [2048] Declaration of Common\Model\NewsContentModel::find() should be compatible with Think\Model::find($options = Array) D:\web\Matcms\Application\Common\Model\NewsContentModel.class.php 第 58 行.
SQL: SHOW COLUMNS FROM `mat_news_content` [ RunTime:0.0102s ]
SQL: SELECT * FROM `mat_news_content` WHERE ( news_id=26 ) LIMIT 1   [ RunTime:0.0007s ]
SQL: SELECT * FROM `mat_news_content` WHERE ( news_id=25 ) LIMIT 1   [ RunTime:0.0009s ]
SQL: SELECT * FROM `mat_news_content` WHERE ( news_id=19 ) LIMIT 1   [ RunTime:0.0002s ]
SQL: SELECT * FROM `mat_position_content` WHERE `status` = 1 AND `position_id` = 2 ORDER BY listorder desc,id desc LIMIT 3   [ RunTime:0.0003s ]
SQL: SELECT * FROM `mat_news_content` WHERE ( news_id=24 ) LIMIT 1   [ RunTime:0.0003s ]
SQL: SELECT * FROM `mat_news_content` WHERE ( news_id=22 ) LIMIT 1   [ RunTime:0.0002s ]
SQL: SELECT * FROM `mat_news_content` WHERE ( news_id=21 ) LIMIT 1   [ RunTime:0.0002s ]
SQL: SELECT * FROM `mat_position_content` WHERE `status` = 1 AND `position_id` = 4 ORDER BY listorder desc,id desc LIMIT 3   [ RunTime:0.0002s ]
SQL: SELECT * FROM `mat_news_content` WHERE ( news_id=29 ) LIMIT 1   [ RunTime:0.0002s ]
SQL: SELECT * FROM `mat_news_content` WHERE ( news_id=28 ) LIMIT 1   [ RunTime:0.0002s ]
SQL: SELECT * FROM `mat_news_content` WHERE ( news_id=27 ) LIMIT 1   [ RunTime:0.0002s ]
SQL: SELECT * FROM `mat_position_content` WHERE `status` = 1 AND `position_id` = 5 ORDER BY listorder desc,id desc LIMIT 3   [ RunTime:0.0002s ]
SQL: SELECT * FROM `mat_news_content` WHERE ( news_id=32 ) LIMIT 1   [ RunTime:0.0002s ]
SQL: SELECT * FROM `mat_news_content` WHERE ( news_id=31 ) LIMIT 1   [ RunTime:0.0002s ]
SQL: SELECT * FROM `mat_news_content` WHERE ( news_id=30 ) LIMIT 1   [ RunTime:0.0002s ]
SQL: SELECT * FROM `mat_position_content` WHERE `status` = 1 AND `position_id` = 1 ORDER BY listorder desc,id desc  [ RunTime:0.0002s ]
NOTIC: [2048] Declaration of Common\Model\BasicModel::save() should be compatible with Think\Model::save($data = '', $options = Array) D:\web\Matcms\Application\Common\Model\BasicModel.class.php 第 40 行.
NOTIC: [2048] Declaration of Common\Model\BasicModel::select() should be compatible with Think\Model::select($options = Array) D:\web\Matcms\Application\Common\Model\BasicModel.class.php 第 40 行.
NOTIC: [8] Undefined index: id D:\web\Matcms\Application\Home\Controller\IndexController.class.php 第 21 行.
INFO: [ view_parse ] --START--
INFO: [ template_filter ] --START--
INFO: Run Behavior\ContentReplaceBehavior [ RunTime:0.000071s ]
INFO: [ template_filter ] --END-- [ RunTime:0.000112s ]
NOTIC: [8] Undefined variable: search D:\web\Matcms\Application\Runtime\Cache\Home\2a94b8bda04ff446dcedd42276fc99ee.php 第 59 行.
NOTIC: [8] Undefined index: userInfo D:\web\Matcms\Application\Runtime\Cache\Home\2a94b8bda04ff446dcedd42276fc99ee.php 第 64 行.
NOTIC: [8] Undefined index: userInfo D:\web\Matcms\Application\Runtime\Cache\Home\2a94b8bda04ff446dcedd42276fc99ee.php 第 154 行.
NOTIC: [8] Undefined index: userInfo D:\web\Matcms\Application\Runtime\Cache\Home\2a94b8bda04ff446dcedd42276fc99ee.php 第 159 行.
NOTIC: [8] Undefined index: userInfo D:\web\Matcms\Application\Runtime\Cache\Home\2a94b8bda04ff446dcedd42276fc99ee.php 第 163 行.
INFO: Run Behavior\ParseTemplateBehavior [ RunTime:0.089969s ]
INFO: [ view_parse ] --END-- [ RunTime:0.090024s ]
INFO: [ view_filter ] --START--
INFO: Run Behavior\WriteHtmlCacheBehavior [ RunTime:0.000378s ]
INFO: [ view_filter ] --END-- [ RunTime:0.000422s ]
INFO: [ app_end ] --START--
INFO: Run Behavior\ShowPageTraceBehavior [ RunTime:0.000610s ]
INFO: [ app_end ] --END-- [ RunTime:0.000650s ]

[ 2016-08-14T10:00:25+08:00 ] 127.0.0.1 /
INFO: [ app_init ] --START--
INFO: Run Behavior\BuildLiteBehavior [ RunTime:0.000011s ]
INFO: [ app_init ] --END-- [ RunTime:0.000275s ]
INFO: [ app_begin ] --START--
INFO: Run Behavior\ReadHtmlCacheBehavior [ RunTime:0.000396s ]
INFO: [ app_begin ] --END-- [ RunTime:0.000434s ]
NOTIC: [2048] Declaration of Common\Model\MenuModel::find() should be compatible with Think\Model::find($options = Array) D:\web\Matcms\Application\Common\Model\MenuModel.class.php 第 13 行.
SQL: SHOW COLUMNS FROM `mat_menu` [ RunTime:0.0006s ]
SQL: SELECT * FROM `mat_menu` WHERE `status` = 1 AND `type` = 0 ORDER BY listorder desc,menu_id desc  [ RunTime:0.0004s ]
NOTIC: [2048] Declaration of Common\Model\PositioncontentModel::find() should be compatible with Think\Model::find($options = Array) D:\web\Matcms\Application\Common\Model\PositioncontentModel.class.php 第 96 行.
SQL: SHOW COLUMNS FROM `mat_position_content` [ RunTime:0.0007s ]
SQL: SELECT * FROM `mat_position_content` WHERE `status` = 1 AND `position_id` = 3 ORDER BY listorder desc,id desc LIMIT 3   [ RunTime:0.0003s ]
NOTIC: [2048] Declaration of Common\Model\NewsContentModel::find() should be compatible with Think\Model::find($options = Array) D:\web\Matcms\Application\Common\Model\NewsContentModel.class.php 第 58 行.
SQL: SHOW COLUMNS FROM `mat_news_content` [ RunTime:0.0007s ]
SQL: SELECT * FROM `mat_news_content` WHERE ( news_id=26 ) LIMIT 1   [ RunTime:0.0005s ]
SQL: SELECT * FROM `mat_news_content` WHERE ( news_id=25 ) LIMIT 1   [ RunTime:0.0006s ]
SQL: SELECT * FROM `mat_news_content` WHERE ( news_id=19 ) LIMIT 1   [ RunTime:0.0002s ]
SQL: SELECT * FROM `mat_position_content` WHERE `status` = 1 AND `position_id` = 2 ORDER BY listorder desc,id desc LIMIT 3   [ RunTime:0.0003s ]
SQL: SELECT * FROM `mat_news_content` WHERE ( news_id=24 ) LIMIT 1   [ RunTime:0.0003s ]
SQL: SELECT * FROM `mat_news_content` WHERE ( news_id=22 ) LIMIT 1   [ RunTime:0.0003s ]
SQL: SELECT * FROM `mat_news_content` WHERE ( news_id=21 ) LIMIT 1   [ RunTime:0.0002s ]
SQL: SELECT * FROM `mat_position_content` WHERE `status` = 1 AND `position_id` = 4 ORDER BY listorder desc,id desc LIMIT 3   [ RunTime:0.0003s ]
SQL: SELECT * FROM `mat_news_content` WHERE ( news_id=29 ) LIMIT 1   [ RunTime:0.0002s ]
SQL: SELECT * FROM `mat_news_content` WHERE ( news_id=28 ) LIMIT 1   [ RunTime:0.0003s ]
SQL: SELECT * FROM `mat_news_content` WHERE ( news_id=27 ) LIMIT 1   [ RunTime:0.0002s ]
SQL: SELECT * FROM `mat_position_content` WHERE `status` = 1 AND `position_id` = 5 ORDER BY listorder desc,id desc LIMIT 3   [ RunTime:0.0003s ]
SQL: SELECT * FROM `mat_news_content` WHERE ( news_id=32 ) LIMIT 1   [ RunTime:0.0002s ]
SQL: SELECT * FROM `mat_news_content` WHERE ( news_id=31 ) LIMIT 1   [ RunTime:0.0003s ]
SQL: SELECT * FROM `mat_news_content` WHERE ( news_id=30 ) LIMIT 1   [ RunTime:0.0003s ]
SQL: SELECT * FROM `mat_position_content` WHERE `status` = 1 AND `position_id` = 1 ORDER BY listorder desc,id desc  [ RunTime:0.0003s ]
NOTIC: [2048] Declaration of Common\Model\BasicModel::save() should be compatible with Think\Model::save($data = '', $options = Array) D:\web\Matcms\Application\Common\Model\BasicModel.class.php 第 40 行.
NOTIC: [2048] Declaration of Common\Model\BasicModel::select() should be compatible with Think\Model::select($options = Array) D:\web\Matcms\Application\Common\Model\BasicModel.class.php 第 40 行.
NOTIC: [8] Undefined index: id D:\web\Matcms\Application\Home\Controller\IndexController.class.php 第 21 行.
INFO: [ view_parse ] --START--
INFO: [ template_filter ] --START--
INFO: Run Behavior\ContentReplaceBehavior [ RunTime:0.000068s ]
INFO: [ template_filter ] --END-- [ RunTime:0.000099s ]
NOTIC: [8] Undefined variable: search D:\web\Matcms\Application\Runtime\Cache\Home\2a94b8bda04ff446dcedd42276fc99ee.php 第 59 行.
NOTIC: [8] Undefined index: userInfo D:\web\Matcms\Application\Runtime\Cache\Home\2a94b8bda04ff446dcedd42276fc99ee.php 第 64 行.
NOTIC: [8] Undefined index: userInfo D:\web\Matcms\Application\Runtime\Cache\Home\2a94b8bda04ff446dcedd42276fc99ee.php 第 154 行.
NOTIC: [8] Undefined index: userInfo D:\web\Matcms\Application\Runtime\Cache\Home\2a94b8bda04ff446dcedd42276fc99ee.php 第 159 行.
NOTIC: [8] Undefined index: userInfo D:\web\Matcms\Application\Runtime\Cache\Home\2a94b8bda04ff446dcedd42276fc99ee.php 第 163 行.
INFO: Run Behavior\ParseTemplateBehavior [ RunTime:0.067472s ]
INFO: [ view_parse ] --END-- [ RunTime:0.067510s ]
INFO: [ view_filter ] --START--
INFO: Run Behavior\WriteHtmlCacheBehavior [ RunTime:0.000274s ]
INFO: [ view_filter ] --END-- [ RunTime:0.000299s ]
INFO: [ app_end ] --START--
INFO: Run Behavior\ShowPageTraceBehavior [ RunTime:0.000931s ]
INFO: [ app_end ] --END-- [ RunTime:0.001006s ]

[ 2016-08-14T10:00:37+08:00 ] 127.0.0.1 /index.php?c=cat&catid=4
INFO: [ app_init ] --START--
INFO: Run Behavior\BuildLiteBehavior [ RunTime:0.000012s ]
INFO: [ app_init ] --END-- [ RunTime:0.000321s ]
INFO: [ app_begin ] --START--
INFO: Run Behavior\ReadHtmlCacheBehavior [ RunTime:0.000508s ]
INFO: [ app_begin ] --END-- [ RunTime:0.000564s ]
NOTIC: [2048] Declaration of Common\Model\MenuModel::find() should be compatible with Think\Model::find($options = Array) D:\web\Matcms\Application\Common\Model\MenuModel.class.php 第 13 行.
SQL: SHOW COLUMNS FROM `mat_menu` [ RunTime:0.0008s ]
SQL: SELECT * FROM `mat_menu` WHERE ( menu_id=4 ) LIMIT 1   [ RunTime:0.0003s ]
NOTIC: [2048] Declaration of Common\Model\NewsModel::find() should be compatible with Think\Model::find($options = Array) D:\web\Matcms\Application\Common\Model\NewsModel.class.php 第 128 行.
SQL: SHOW COLUMNS FROM `mat_news` [ RunTime:0.0006s ]
SQL: SELECT * FROM `mat_news` WHERE `catid` = 4 AND `status` = 1 ORDER BY listorder desc,news_id desc  [ RunTime:0.0004s ]
NOTIC: [2048] Declaration of Common\Model\NewsContentModel::find() should be compatible with Think\Model::find($options = Array) D:\web\Matcms\Application\Common\Model\NewsContentModel.class.php 第 58 行.
SQL: SHOW COLUMNS FROM `mat_news_content` [ RunTime:0.0012s ]
SQL: SELECT * FROM `mat_news_content` WHERE ( news_id=25 ) LIMIT 1   [ RunTime:0.0009s ]
SQL: SELECT * FROM `mat_news_content` WHERE ( news_id=19 ) LIMIT 1   [ RunTime:0.0003s ]
SQL: SELECT * FROM `mat_news_content` WHERE ( news_id=26 ) LIMIT 1   [ RunTime:0.0005s ]
SQL: SELECT * FROM `mat_menu` WHERE `status` = 1 AND `type` = 0 ORDER BY listorder desc,menu_id desc  [ RunTime:0.0003s ]
NOTIC: [2048] Declaration of Common\Model\BasicModel::save() should be compatible with Think\Model::save($data = '', $options = Array) D:\web\Matcms\Application\Common\Model\BasicModel.class.php 第 40 行.
NOTIC: [2048] Declaration of Common\Model\BasicModel::select() should be compatible with Think\Model::select($options = Array) D:\web\Matcms\Application\Common\Model\BasicModel.class.php 第 40 行.
NOTIC: [8] Undefined index: search D:\web\Matcms\Application\Home\Controller\CatController.class.php 第 51 行.
INFO: [ view_parse ] --START--
INFO: [ template_filter ] --START--
INFO: Run Behavior\ContentReplaceBehavior [ RunTime:0.000125s ]
INFO: [ template_filter ] --END-- [ RunTime:0.000173s ]
NOTIC: [8] Undefined index: userInfo D:\web\Matcms\Application\Runtime\Cache\Home\14fcc139096cfd1d2075eb8db7e60b1e.php 第 64 行.
NOTIC: [8] Undefined index: userInfo D:\web\Matcms\Application\Runtime\Cache\Home\14fcc139096cfd1d2075eb8db7e60b1e.php 第 154 行.
NOTIC: [8] Undefined index: userInfo D:\web\Matcms\Application\Runtime\Cache\Home\14fcc139096cfd1d2075eb8db7e60b1e.php 第 159 行.
NOTIC: [8] Undefined index: userInfo D:\web\Matcms\Application\Runtime\Cache\Home\14fcc139096cfd1d2075eb8db7e60b1e.php 第 163 行.
SQL: SELECT * FROM `mat_news` WHERE `status` = 1 ORDER BY count desc,news_id desc LIMIT 10   [ RunTime:0.0006s ]
INFO: Run Behavior\ParseTemplateBehavior [ RunTime:0.086871s ]
INFO: [ view_parse ] --END-- [ RunTime:0.086909s ]
INFO: [ view_filter ] --START--
INFO: Run Behavior\WriteHtmlCacheBehavior [ RunTime:0.000303s ]
INFO: [ view_filter ] --END-- [ RunTime:0.000330s ]
INFO: [ app_end ] --START--
INFO: Run Behavior\ShowPageTraceBehavior [ RunTime:0.000650s ]
INFO: [ app_end ] --END-- [ RunTime:0.000710s ]

[ 2016-08-14T10:00:38+08:00 ] 127.0.0.1 /index.php?c=cat&catid=3
INFO: [ app_init ] --START--
INFO: Run Behavior\BuildLiteBehavior [ RunTime:0.000014s ]
INFO: [ app_init ] --END-- [ RunTime:0.000375s ]
INFO: [ app_begin ] --START--
INFO: Run Behavior\ReadHtmlCacheBehavior [ RunTime:0.000530s ]
INFO: [ app_begin ] --END-- [ RunTime:0.000577s ]
NOTIC: [2048] Declaration of Common\Model\MenuModel::find() should be compatible with Think\Model::find($options = Array) D:\web\Matcms\Application\Common\Model\MenuModel.class.php 第 13 行.
SQL: SHOW COLUMNS FROM `mat_menu` [ RunTime:0.0006s ]
SQL: SELECT * FROM `mat_menu` WHERE ( menu_id=3 ) LIMIT 1   [ RunTime:0.0002s ]
NOTIC: [2048] Declaration of Common\Model\NewsModel::find() should be compatible with Think\Model::find($options = Array) D:\web\Matcms\Application\Common\Model\NewsModel.class.php 第 128 行.
SQL: SHOW COLUMNS FROM `mat_news` [ RunTime:0.0008s ]
SQL: SELECT * FROM `mat_news` WHERE `catid` = 3 AND `status` = 1 ORDER BY listorder desc,news_id desc  [ RunTime:0.0009s ]
NOTIC: [2048] Declaration of Common\Model\NewsContentModel::find() should be compatible with Think\Model::find($options = Array) D:\web\Matcms\Application\Common\Model\NewsContentModel.class.php 第 58 行.
SQL: SHOW COLUMNS FROM `mat_news_content` [ RunTime:0.0008s ]
SQL: SELECT * FROM `mat_news_content` WHERE ( news_id=35 ) LIMIT 1   [ RunTime:0.0003s ]
SQL: SELECT * FROM `mat_news_content` WHERE ( news_id=24 ) LIMIT 1   [ RunTime:0.0002s ]
SQL: SELECT * FROM `mat_news_content` WHERE ( news_id=22 ) LIMIT 1   [ RunTime:0.0002s ]
SQL: SELECT * FROM `mat_news_content` WHERE ( news_id=21 ) LIMIT 1   [ RunTime:0.0002s ]
SQL: SELECT * FROM `mat_menu` WHERE `status` = 1 AND `type` = 0 ORDER BY listorder desc,menu_id desc  [ RunTime:0.0002s ]
NOTIC: [2048] Declaration of Common\Model\BasicModel::save() should be compatible with Think\Model::save($data = '', $options = Array) D:\web\Matcms\Application\Common\Model\BasicModel.class.php 第 40 行.
NOTIC: [2048] Declaration of Common\Model\BasicModel::select() should be compatible with Think\Model::select($options = Array) D:\web\Matcms\Application\Common\Model\BasicModel.class.php 第 40 行.
NOTIC: [8] Undefined index: search D:\web\Matcms\Application\Home\Controller\CatController.class.php 第 51 行.
INFO: [ view_parse ] --START--
INFO: [ template_filter ] --START--
INFO: Run Behavior\ContentReplaceBehavior [ RunTime:0.000085s ]
INFO: [ template_filter ] --END-- [ RunTime:0.000120s ]
NOTIC: [8] Undefined index: userInfo D:\web\Matcms\Application\Runtime\Cache\Home\14fcc139096cfd1d2075eb8db7e60b1e.php 第 64 行.
NOTIC: [8] Undefined index: userInfo D:\web\Matcms\Application\Runtime\Cache\Home\14fcc139096cfd1d2075eb8db7e60b1e.php 第 154 行.
NOTIC: [8] Undefined index: userInfo D:\web\Matcms\Application\Runtime\Cache\Home\14fcc139096cfd1d2075eb8db7e60b1e.php 第 159 行.
NOTIC: [8] Undefined index: userInfo D:\web\Matcms\Application\Runtime\Cache\Home\14fcc139096cfd1d2075eb8db7e60b1e.php 第 163 行.
SQL: SELECT * FROM `mat_news` WHERE `status` = 1 ORDER BY count desc,news_id desc LIMIT 10   [ RunTime:0.0006s ]
INFO: Run Behavior\ParseTemplateBehavior [ RunTime:0.067503s ]
INFO: [ view_parse ] --END-- [ RunTime:0.067535s ]
INFO: [ view_filter ] --START--
INFO: Run Behavior\WriteHtmlCacheBehavior [ RunTime:0.000304s ]
INFO: [ view_filter ] --END-- [ RunTime:0.000330s ]
INFO: [ app_end ] --START--
INFO: Run Behavior\ShowPageTraceBehavior [ RunTime:0.000417s ]
INFO: [ app_end ] --END-- [ RunTime:0.000449s ]

[ 2016-08-14T10:00:38+08:00 ] 127.0.0.1 /index.php?c=cat&catid=5
INFO: [ app_init ] --START--
INFO: Run Behavior\BuildLiteBehavior [ RunTime:0.000008s ]
INFO: [ app_init ] --END-- [ RunTime:0.000243s ]
INFO: [ app_begin ] --START--
INFO: Run Behavior\ReadHtmlCacheBehavior [ RunTime:0.000408s ]
INFO: [ app_begin ] --END-- [ RunTime:0.000453s ]
NOTIC: [2048] Declaration of Common\Model\MenuModel::find() should be compatible with Think\Model::find($options = Array) D:\web\Matcms\Application\Common\Model\MenuModel.class.php 第 13 行.
SQL: SHOW COLUMNS FROM `mat_menu` [ RunTime:0.0007s ]
SQL: SELECT * FROM `mat_menu` WHERE ( menu_id=5 ) LIMIT 1   [ RunTime:0.0003s ]
NOTIC: [2048] Declaration of Common\Model\NewsModel::find() should be compatible with Think\Model::find($options = Array) D:\web\Matcms\Application\Common\Model\NewsModel.class.php 第 128 行.
SQL: SHOW COLUMNS FROM `mat_news` [ RunTime:0.0005s ]
SQL: SELECT * FROM `mat_news` WHERE `catid` = 5 AND `status` = 1 ORDER BY listorder desc,news_id desc  [ RunTime:0.0003s ]
NOTIC: [2048] Declaration of Common\Model\NewsContentModel::find() should be compatible with Think\Model::find($options = Array) D:\web\Matcms\Application\Common\Model\NewsContentModel.class.php 第 58 行.
SQL: SHOW COLUMNS FROM `mat_news_content` [ RunTime:0.0005s ]
SQL: SELECT * FROM `mat_news_content` WHERE ( news_id=29 ) LIMIT 1   [ RunTime:0.0003s ]
SQL: SELECT * FROM `mat_news_content` WHERE ( news_id=28 ) LIMIT 1   [ RunTime:0.0003s ]
SQL: SELECT * FROM `mat_news_content` WHERE ( news_id=27 ) LIMIT 1   [ RunTime:0.0002s ]
SQL: SELECT * FROM `mat_menu` WHERE `status` = 1 AND `type` = 0 ORDER BY listorder desc,menu_id desc  [ RunTime:0.0003s ]
NOTIC: [2048] Declaration of Common\Model\BasicModel::save() should be compatible with Think\Model::save($data = '', $options = Array) D:\web\Matcms\Application\Common\Model\BasicModel.class.php 第 40 行.
NOTIC: [2048] Declaration of Common\Model\BasicModel::select() should be compatible with Think\Model::select($options = Array) D:\web\Matcms\Application\Common\Model\BasicModel.class.php 第 40 行.
NOTIC: [8] Undefined index: search D:\web\Matcms\Application\Home\Controller\CatController.class.php 第 51 行.
INFO: [ view_parse ] --START--
INFO: [ template_filter ] --START--
INFO: Run Behavior\ContentReplaceBehavior [ RunTime:0.000088s ]
INFO: [ template_filter ] --END-- [ RunTime:0.000124s ]
NOTIC: [8] Undefined index: userInfo D:\web\Matcms\Application\Runtime\Cache\Home\14fcc139096cfd1d2075eb8db7e60b1e.php 第 64 行.
NOTIC: [8] Undefined index: userInfo D:\web\Matcms\Application\Runtime\Cache\Home\14fcc139096cfd1d2075eb8db7e60b1e.php 第 154 行.
NOTIC: [8] Undefined index: userInfo D:\web\Matcms\Application\Runtime\Cache\Home\14fcc139096cfd1d2075eb8db7e60b1e.php 第 159 行.
NOTIC: [8] Undefined index: userInfo D:\web\Matcms\Application\Runtime\Cache\Home\14fcc139096cfd1d2075eb8db7e60b1e.php 第 163 行.
SQL: SELECT * FROM `mat_news` WHERE `status` = 1 ORDER BY count desc,news_id desc LIMIT 10   [ RunTime:0.0006s ]
INFO: Run Behavior\ParseTemplateBehavior [ RunTime:0.064961s ]
INFO: [ view_parse ] --END-- [ RunTime:0.064996s ]
INFO: [ view_filter ] --START--
INFO: Run Behavior\WriteHtmlCacheBehavior [ RunTime:0.000324s ]
INFO: [ view_filter ] --END-- [ RunTime:0.000352s ]
INFO: [ app_end ] --START--
INFO: Run Behavior\ShowPageTraceBehavior [ RunTime:0.000442s ]
INFO: [ app_end ] --END-- [ RunTime:0.000479s ]

