[ 2016-08-07T14:57:39+08:00 ] 192.168.28.97 /admin.php?c=menu
INFO: [ app_init ] --START--
INFO: Run Behavior\BuildLiteBehavior [ RunTime:0.000014s ]
INFO: [ app_init ] --END-- [ RunTime:0.000563s ]
INFO: [ app_begin ] --START--
INFO: Run Behavior\ReadHtmlCacheBehavior [ RunTime:0.000553s ]
INFO: [ app_begin ] --END-- [ RunTime:0.000599s ]
NOTIC: [2048] Declaration of Admin\Controller\MenuController::setStatus() should be compatible with Admin\Controller\CommonController::setStatus($data, $model) D:\web\Matcms\Application\Admin\Controller\MenuController.class.php 第 23 行.
NOTIC: [2048] Declaration of Admin\Controller\MenuController::listOrder() should be compatible with Admin\Controller\CommonController::listorder($model = '') D:\web\Matcms\Application\Admin\Controller\MenuController.class.php 第 23 行.
NOTIC: [2048] Declaration of Common\Model\MenuModel::find() should be compatible with Think\Model::find($options = Array) D:\web\Matcms\Application\Common\Model\MenuModel.class.php 第 13 行.
SQL: SHOW COLUMNS FROM `mat_menu` [ RunTime:0.0031s ]
SQL: SELECT * FROM `mat_menu` WHERE `type` = 1 AND `menu_id` <> 1 AND `status` <> -1 ORDER BY listorder desc, menu_id desc LIMIT 0,5   [ RunTime:0.0014s ]
SQL: SELECT COUNT(*) AS tp_count FROM `mat_menu` WHERE `type` = 1 AND `menu_id` <> 1 AND `status` <> -1 LIMIT 1   [ RunTime:0.0006s ]
INFO: [ view_parse ] --START--
INFO: [ template_filter ] --START--
INFO: Run Behavior\ContentReplaceBehavior [ RunTime:0.000072s ]
INFO: [ template_filter ] --END-- [ RunTime:0.000114s ]
NOTIC: [8] Undefined variable: where D:\web\Matcms\Application\Runtime\Cache\Admin\b956215329b6f9aca22277599a4efdfc.php 第 42 行.
SQL: SELECT * FROM `mat_menu` WHERE `status` = 1 AND `type` = 1 ORDER BY listorder desc,menu_id desc  [ RunTime:0.0006s ]
NOTIC: [8] Undefined index: a D:\web\Matcms\Application\Common\Common\function.php 第 58 行.
NOTIC: [8] Undefined index: a D:\web\Matcms\Application\Common\Common\function.php 第 58 行.
NOTIC: [8] Undefined index: a D:\web\Matcms\Application\Common\Common\function.php 第 58 行.
NOTIC: [8] Undefined index: a D:\web\Matcms\Application\Common\Common\function.php 第 58 行.
NOTIC: [8] Undefined index: a D:\web\Matcms\Application\Common\Common\function.php 第 58 行.
NOTIC: [8] Undefined index: a D:\web\Matcms\Application\Common\Common\function.php 第 58 行.
NOTIC: [8] Undefined index: posname D:\web\Matcms\Application\Runtime\Cache\Admin\b956215329b6f9aca22277599a4efdfc.php 第 135 行.
NOTIC: [8] Undefined index: posname D:\web\Matcms\Application\Runtime\Cache\Admin\b956215329b6f9aca22277599a4efdfc.php 第 147 行.
NOTIC: [8] Undefined index: posname D:\web\Matcms\Application\Runtime\Cache\Admin\b956215329b6f9aca22277599a4efdfc.php 第 147 行.
NOTIC: [8] Undefined index: posname D:\web\Matcms\Application\Runtime\Cache\Admin\b956215329b6f9aca22277599a4efdfc.php 第 147 行.
NOTIC: [8] Undefined index: posname D:\web\Matcms\Application\Runtime\Cache\Admin\b956215329b6f9aca22277599a4efdfc.php 第 147 行.
NOTIC: [8] Undefined index: posname D:\web\Matcms\Application\Runtime\Cache\Admin\b956215329b6f9aca22277599a4efdfc.php 第 147 行.
INFO: Run Behavior\ParseTemplateBehavior [ RunTime:0.054067s ]
INFO: [ view_parse ] --END-- [ RunTime:0.054111s ]
INFO: [ view_filter ] --START--
INFO: Run Behavior\WriteHtmlCacheBehavior [ RunTime:0.000469s ]
INFO: [ view_filter ] --END-- [ RunTime:0.000510s ]
INFO: [ app_end ] --START--
INFO: Run Behavior\ShowPageTraceBehavior [ RunTime:0.000897s ]
INFO: [ app_end ] --END-- [ RunTime:0.000995s ]

[ 2016-08-07T15:04:32+08:00 ] 127.0.0.1 /admin.php?c=index&a=index
INFO: [ app_init ] --START--
INFO: Run Behavior\BuildLiteBehavior [ RunTime:0.000014s ]
INFO: [ app_init ] --END-- [ RunTime:0.000512s ]
INFO: [ app_begin ] --START--
INFO: Run Behavior\ReadHtmlCacheBehavior [ RunTime:0.000604s ]
INFO: [ app_begin ] --END-- [ RunTime:0.000648s ]
NOTIC: [8] Undefined variable: module D:\web\Matcms\ThinkPHP\Common\functions.php 第 990 行.
NOTIC: [8] Undefined variable: var D:\web\Matcms\ThinkPHP\Common\functions.php 第 990 行.
NOTIC: [2] array_reverse() expects parameter 1 to be array, null given D:\web\Matcms\ThinkPHP\Common\functions.php 第 990 行.
NOTIC: [2] http_build_query(): Parameter 1 expected to be Array or Object.  Incorrect value given D:\web\Matcms\ThinkPHP\Common\functions.php 第 990 行.

[ 2016-08-07T15:04:32+08:00 ] 127.0.0.1 /admin.php?m=&&c=login
INFO: [ app_init ] --START--
INFO: Run Behavior\BuildLiteBehavior [ RunTime:0.000012s ]
INFO: [ app_init ] --END-- [ RunTime:0.000301s ]
INFO: [ app_begin ] --START--
INFO: Run Behavior\ReadHtmlCacheBehavior [ RunTime:0.000370s ]
INFO: [ app_begin ] --END-- [ RunTime:0.000416s ]
INFO: [ view_parse ] --START--
INFO: [ template_filter ] --START--
INFO: Run Behavior\ContentReplaceBehavior [ RunTime:0.000053s ]
INFO: [ template_filter ] --END-- [ RunTime:0.000093s ]
INFO: Run Behavior\ParseTemplateBehavior [ RunTime:0.013894s ]
INFO: [ view_parse ] --END-- [ RunTime:0.013955s ]
INFO: [ view_filter ] --START--
INFO: Run Behavior\WriteHtmlCacheBehavior [ RunTime:0.000377s ]
INFO: [ view_filter ] --END-- [ RunTime:0.000418s ]
INFO: [ app_end ] --START--
INFO: Run Behavior\ShowPageTraceBehavior [ RunTime:0.000553s ]
INFO: [ app_end ] --END-- [ RunTime:0.000612s ]

[ 2016-08-07T15:04:34+08:00 ] 127.0.0.1 /admin.php?c=login&a=check
INFO: [ app_init ] --START--
INFO: Run Behavior\BuildLiteBehavior [ RunTime:0.000010s ]
INFO: [ app_init ] --END-- [ RunTime:0.000295s ]
INFO: [ app_begin ] --START--
INFO: Run Behavior\ReadHtmlCacheBehavior [ RunTime:0.000813s ]
INFO: [ app_begin ] --END-- [ RunTime:0.000928s ]
SQL: SHOW COLUMNS FROM `mat_admin` [ RunTime:0.0043s ]
SQL: SELECT * FROM `mat_admin` WHERE ( username="woya" ) LIMIT 1   [ RunTime:0.0009s ]
SQL: UPDATE `mat_admin` SET `lastloginip`='2130706433',`admin_id`='1',`lastlogintime`='1470553474' WHERE ( admin_id =1 ) [ RunTime:0.0004s ]

[ 2016-08-07T15:04:40+08:00 ] 127.0.0.1 /admin.php?c=index&a=index
INFO: [ app_init ] --START--
INFO: Run Behavior\BuildLiteBehavior [ RunTime:0.000051s ]
INFO: [ app_init ] --END-- [ RunTime:0.001133s ]
INFO: [ app_begin ] --START--
INFO: Run Behavior\ReadHtmlCacheBehavior [ RunTime:0.000887s ]
INFO: [ app_begin ] --END-- [ RunTime:0.001003s ]
NOTIC: [2048] Declaration of Common\Model\NewsModel::find() should be compatible with Think\Model::find($options = Array) D:\web\Matcms\Application\Common\Model\NewsModel.class.php 第 23 行.
SQL: SHOW COLUMNS FROM `mat_news` [ RunTime:0.0022s ]
SQL: SELECT * FROM `mat_news` WHERE `status` = 1 ORDER BY count desc LIMIT 1   [ RunTime:0.0026s ]
SQL: SELECT COUNT(*) AS tp_count FROM `mat_news` WHERE `status` = 1 LIMIT 1   [ RunTime:0.0007s ]
SQL: SHOW COLUMNS FROM `mat_position` [ RunTime:0.0008s ]
SQL: SELECT COUNT(*) AS tp_count FROM `mat_position` WHERE `status` = 1 LIMIT 1   [ RunTime:0.0004s ]
SQL: SHOW COLUMNS FROM `mat_admin` [ RunTime:0.0007s ]
SQL: SELECT COUNT(*) AS tp_count FROM `mat_admin` WHERE `status` = 1 AND `lastlogintime` > 1470499200 LIMIT 1   [ RunTime:0.0003s ]
NOTIC: [2] Illegal string offset 'tp_count' D:\web\Matcms\Application\Common\Model\AdminModel.class.php 第 52 行.
INFO: [ view_parse ] --START--
INFO: [ template_filter ] --START--
INFO: Run Behavior\ContentReplaceBehavior [ RunTime:0.000063s ]
INFO: [ template_filter ] --END-- [ RunTime:0.000110s ]
NOTIC: [2048] Declaration of Common\Model\MenuModel::find() should be compatible with Think\Model::find($options = Array) D:\web\Matcms\Application\Common\Model\MenuModel.class.php 第 96 行.
SQL: SHOW COLUMNS FROM `mat_menu` [ RunTime:0.0019s ]
NOTIC: [8] Undefined variable: where D:\web\Matcms\Application\Runtime\Cache\Admin\b595b808c2ebeeeb0478ffc30bb4e87a.php 第 40 行.
SQL: SELECT * FROM `mat_menu` WHERE `status` = 1 AND `type` = 1 ORDER BY listorder desc,menu_id desc  [ RunTime:0.0005s ]
NOTIC: [8] Undefined index: a D:\web\Matcms\Application\Common\Common\function.php 第 58 行.
NOTIC: [8] Undefined index: a D:\web\Matcms\Application\Common\Common\function.php 第 58 行.
NOTIC: [8] Undefined index: a D:\web\Matcms\Application\Common\Common\function.php 第 58 行.
NOTIC: [8] Undefined index: a D:\web\Matcms\Application\Common\Common\function.php 第 58 行.
NOTIC: [8] Undefined index: a D:\web\Matcms\Application\Common\Common\function.php 第 58 行.
NOTIC: [8] Undefined index: a D:\web\Matcms\Application\Common\Common\function.php 第 58 行.
INFO: Run Behavior\ParseTemplateBehavior [ RunTime:0.061087s ]
INFO: [ view_parse ] --END-- [ RunTime:0.061134s ]
INFO: [ view_filter ] --START--
INFO: Run Behavior\WriteHtmlCacheBehavior [ RunTime:0.000559s ]
INFO: [ view_filter ] --END-- [ RunTime:0.000600s ]
INFO: [ app_end ] --START--
INFO: Run Behavior\ShowPageTraceBehavior [ RunTime:0.000850s ]
INFO: [ app_end ] --END-- [ RunTime:0.000925s ]

[ 2016-08-07T15:04:42+08:00 ] 127.0.0.1 /admin.php?c=menu
INFO: [ app_init ] --START--
INFO: Run Behavior\BuildLiteBehavior [ RunTime:0.000011s ]
INFO: [ app_init ] --END-- [ RunTime:0.000283s ]
INFO: [ app_begin ] --START--
INFO: Run Behavior\ReadHtmlCacheBehavior [ RunTime:0.000356s ]
INFO: [ app_begin ] --END-- [ RunTime:0.000397s ]
NOTIC: [2048] Declaration of Admin\Controller\MenuController::setStatus() should be compatible with Admin\Controller\CommonController::setStatus($data, $model) D:\web\Matcms\Application\Admin\Controller\MenuController.class.php 第 23 行.
NOTIC: [2048] Declaration of Admin\Controller\MenuController::listOrder() should be compatible with Admin\Controller\CommonController::listorder($model = '') D:\web\Matcms\Application\Admin\Controller\MenuController.class.php 第 23 行.
NOTIC: [2048] Declaration of Common\Model\MenuModel::find() should be compatible with Think\Model::find($options = Array) D:\web\Matcms\Application\Common\Model\MenuModel.class.php 第 13 行.
SQL: SHOW COLUMNS FROM `mat_menu` [ RunTime:0.0009s ]
SQL: SELECT * FROM `mat_menu` WHERE `type` = 1 AND `menu_id` <> 1 AND `status` <> -1 ORDER BY listorder desc, menu_id desc LIMIT 0,5   [ RunTime:0.0005s ]
SQL: SELECT COUNT(*) AS tp_count FROM `mat_menu` WHERE `type` = 1 AND `menu_id` <> 1 AND `status` <> -1 LIMIT 1   [ RunTime:0.0004s ]
INFO: [ view_parse ] --START--
INFO: [ template_filter ] --START--
INFO: Run Behavior\ContentReplaceBehavior [ RunTime:0.000064s ]
INFO: [ template_filter ] --END-- [ RunTime:0.000113s ]
NOTIC: [8] Undefined variable: where D:\web\Matcms\Application\Runtime\Cache\Admin\b956215329b6f9aca22277599a4efdfc.php 第 42 行.
SQL: SELECT * FROM `mat_menu` WHERE `status` = 1 AND `type` = 1 ORDER BY listorder desc,menu_id desc  [ RunTime:0.0006s ]
NOTIC: [8] Undefined index: a D:\web\Matcms\Application\Common\Common\function.php 第 58 行.
NOTIC: [8] Undefined index: a D:\web\Matcms\Application\Common\Common\function.php 第 58 行.
NOTIC: [8] Undefined index: a D:\web\Matcms\Application\Common\Common\function.php 第 58 行.
NOTIC: [8] Undefined index: a D:\web\Matcms\Application\Common\Common\function.php 第 58 行.
NOTIC: [8] Undefined index: a D:\web\Matcms\Application\Common\Common\function.php 第 58 行.
NOTIC: [8] Undefined index: a D:\web\Matcms\Application\Common\Common\function.php 第 58 行.
NOTIC: [8] Undefined index: posname D:\web\Matcms\Application\Runtime\Cache\Admin\b956215329b6f9aca22277599a4efdfc.php 第 135 行.
NOTIC: [8] Undefined index: posname D:\web\Matcms\Application\Runtime\Cache\Admin\b956215329b6f9aca22277599a4efdfc.php 第 147 行.
NOTIC: [8] Undefined index: posname D:\web\Matcms\Application\Runtime\Cache\Admin\b956215329b6f9aca22277599a4efdfc.php 第 147 行.
NOTIC: [8] Undefined index: posname D:\web\Matcms\Application\Runtime\Cache\Admin\b956215329b6f9aca22277599a4efdfc.php 第 147 行.
NOTIC: [8] Undefined index: posname D:\web\Matcms\Application\Runtime\Cache\Admin\b956215329b6f9aca22277599a4efdfc.php 第 147 行.
NOTIC: [8] Undefined index: posname D:\web\Matcms\Application\Runtime\Cache\Admin\b956215329b6f9aca22277599a4efdfc.php 第 147 行.
INFO: Run Behavior\ParseTemplateBehavior [ RunTime:0.053198s ]
INFO: [ view_parse ] --END-- [ RunTime:0.053246s ]
INFO: [ view_filter ] --START--
INFO: Run Behavior\WriteHtmlCacheBehavior [ RunTime:0.000369s ]
INFO: [ view_filter ] --END-- [ RunTime:0.000404s ]
INFO: [ app_end ] --START--
INFO: Run Behavior\ShowPageTraceBehavior [ RunTime:0.000668s ]
INFO: [ app_end ] --END-- [ RunTime:0.000732s ]

[ 2016-08-07T15:04:42+08:00 ] 127.0.0.1 /admin.php?c=user
INFO: [ app_init ] --START--
INFO: Run Behavior\BuildLiteBehavior [ RunTime:0.000011s ]
INFO: [ app_init ] --END-- [ RunTime:0.000285s ]
INFO: [ app_begin ] --START--
INFO: Run Behavior\ReadHtmlCacheBehavior [ RunTime:0.000357s ]
INFO: [ app_begin ] --END-- [ RunTime:0.000399s ]
NOTIC: [2048] Declaration of Admin\Controller\UserController::setStatus() should be compatible with Admin\Controller\CommonController::setStatus($data, $model) D:\web\Matcms\Application\Admin\Controller\UserController.class.php 第 6 行.
NOTIC: [8] Undefined index: title D:\web\Matcms\Application\Admin\Controller\UserController.class.php 第 11 行.
NOTIC: [8] Undefined index: type D:\web\Matcms\Application\Admin\Controller\UserController.class.php 第 12 行.
SQL: SHOW COLUMNS FROM `mat_admin` [ RunTime:0.0008s ]
SQL: SELECT * FROM `mat_admin` WHERE `status` = 1  [ RunTime:0.0004s ]
NOTIC: [8] Undefined index: title D:\web\Matcms\Application\Admin\Controller\UserController.class.php 第 22 行.
INFO: [ view_parse ] --START--
INFO: [ template_filter ] --START--
INFO: Run Behavior\ContentReplaceBehavior [ RunTime:0.000152s ]
INFO: [ template_filter ] --END-- [ RunTime:0.000291s ]
NOTIC: [2048] Declaration of Common\Model\MenuModel::find() should be compatible with Think\Model::find($options = Array) D:\web\Matcms\Application\Common\Model\MenuModel.class.php 第 96 行.
SQL: SHOW COLUMNS FROM `mat_menu` [ RunTime:0.0008s ]
NOTIC: [8] Undefined variable: where D:\web\Matcms\Application\Runtime\Cache\Admin\65e605872ed5d34210f5b33beb13f5a3.php 第 40 行.
SQL: SELECT * FROM `mat_menu` WHERE `status` = 1 AND `type` = 1 ORDER BY listorder desc,menu_id desc  [ RunTime:0.0005s ]
NOTIC: [8] Undefined index: a D:\web\Matcms\Application\Common\Common\function.php 第 58 行.
NOTIC: [8] Undefined index: a D:\web\Matcms\Application\Common\Common\function.php 第 58 行.
NOTIC: [8] Undefined index: a D:\web\Matcms\Application\Common\Common\function.php 第 58 行.
NOTIC: [8] Undefined index: a D:\web\Matcms\Application\Common\Common\function.php 第 58 行.
NOTIC: [8] Undefined index: a D:\web\Matcms\Application\Common\Common\function.php 第 58 行.
NOTIC: [8] Undefined index: a D:\web\Matcms\Application\Common\Common\function.php 第 58 行.
NOTIC: [8] Undefined index: type D:\web\Matcms\Application\Runtime\Cache\Admin\65e605872ed5d34210f5b33beb13f5a3.php 第 107 行.
NOTIC: [8] Undefined index: type D:\web\Matcms\Application\Runtime\Cache\Admin\65e605872ed5d34210f5b33beb13f5a3.php 第 108 行.
NOTIC: [8] Undefined index: title D:\web\Matcms\Application\Runtime\Cache\Admin\65e605872ed5d34210f5b33beb13f5a3.php 第 119 行.
NOTIC: [8] Undefined index: news_id D:\web\Matcms\Application\Runtime\Cache\Admin\65e605872ed5d34210f5b33beb13f5a3.php 第 149 行.
NOTIC: [8] Undefined index: user_id D:\web\Matcms\Application\Runtime\Cache\Admin\65e605872ed5d34210f5b33beb13f5a3.php 第 156 行.
NOTIC: [8] Undefined variable: new D:\web\Matcms\Application\Runtime\Cache\Admin\65e605872ed5d34210f5b33beb13f5a3.php 第 156 行.
NOTIC: [8] Undefined index: news_id D:\web\Matcms\Application\Runtime\Cache\Admin\65e605872ed5d34210f5b33beb13f5a3.php 第 149 行.
NOTIC: [8] Undefined index: user_id D:\web\Matcms\Application\Runtime\Cache\Admin\65e605872ed5d34210f5b33beb13f5a3.php 第 156 行.
NOTIC: [8] Undefined variable: new D:\web\Matcms\Application\Runtime\Cache\Admin\65e605872ed5d34210f5b33beb13f5a3.php 第 156 行.
NOTIC: [8] Undefined index: news_id D:\web\Matcms\Application\Runtime\Cache\Admin\65e605872ed5d34210f5b33beb13f5a3.php 第 149 行.
NOTIC: [8] Undefined index: user_id D:\web\Matcms\Application\Runtime\Cache\Admin\65e605872ed5d34210f5b33beb13f5a3.php 第 156 行.
NOTIC: [8] Undefined variable: new D:\web\Matcms\Application\Runtime\Cache\Admin\65e605872ed5d34210f5b33beb13f5a3.php 第 156 行.
NOTIC: [8] Undefined index: news_id D:\web\Matcms\Application\Runtime\Cache\Admin\65e605872ed5d34210f5b33beb13f5a3.php 第 149 行.
NOTIC: [8] Undefined index: user_id D:\web\Matcms\Application\Runtime\Cache\Admin\65e605872ed5d34210f5b33beb13f5a3.php 第 156 行.
NOTIC: [8] Undefined variable: new D:\web\Matcms\Application\Runtime\Cache\Admin\65e605872ed5d34210f5b33beb13f5a3.php 第 156 行.
NOTIC: [8] Undefined variable: pageres D:\web\Matcms\Application\Runtime\Cache\Admin\65e605872ed5d34210f5b33beb13f5a3.php 第 169 行.
INFO: Run Behavior\ParseTemplateBehavior [ RunTime:0.068776s ]
INFO: [ view_parse ] --END-- [ RunTime:0.068813s ]
INFO: [ view_filter ] --START--
INFO: Run Behavior\WriteHtmlCacheBehavior [ RunTime:0.000413s ]
INFO: [ view_filter ] --END-- [ RunTime:0.000448s ]
INFO: [ app_end ] --START--
INFO: Run Behavior\ShowPageTraceBehavior [ RunTime:0.000435s ]
INFO: [ app_end ] --END-- [ RunTime:0.000475s ]

[ 2016-08-07T15:04:43+08:00 ] 127.0.0.1 /admin.php?c=basic
INFO: [ app_init ] --START--
INFO: Run Behavior\BuildLiteBehavior [ RunTime:0.000012s ]
INFO: [ app_init ] --END-- [ RunTime:0.000292s ]
INFO: [ app_begin ] --START--
INFO: Run Behavior\ReadHtmlCacheBehavior [ RunTime:0.000359s ]
INFO: [ app_begin ] --END-- [ RunTime:0.000401s ]
NOTIC: [2048] Declaration of Common\Model\BasicModel::save() should be compatible with Think\Model::save($data = '', $options = Array) D:\web\Matcms\Application\Common\Model\BasicModel.class.php 第 23 行.
NOTIC: [2048] Declaration of Common\Model\BasicModel::select() should be compatible with Think\Model::select($options = Array) D:\web\Matcms\Application\Common\Model\BasicModel.class.php 第 23 行.
INFO: [ view_parse ] --START--
INFO: [ template_filter ] --START--
INFO: Run Behavior\ContentReplaceBehavior [ RunTime:0.000046s ]
INFO: [ template_filter ] --END-- [ RunTime:0.000088s ]
NOTIC: [2048] Declaration of Common\Model\MenuModel::find() should be compatible with Think\Model::find($options = Array) D:\web\Matcms\Application\Common\Model\MenuModel.class.php 第 96 行.
SQL: SHOW COLUMNS FROM `mat_menu` [ RunTime:0.0008s ]
NOTIC: [8] Undefined variable: where D:\web\Matcms\Application\Runtime\Cache\Admin\bb97361d9e4731aec48331de29e1c4d1.php 第 40 行.
SQL: SELECT * FROM `mat_menu` WHERE `status` = 1 AND `type` = 1 ORDER BY listorder desc,menu_id desc  [ RunTime:0.0004s ]
NOTIC: [8] Undefined index: a D:\web\Matcms\Application\Common\Common\function.php 第 58 行.
NOTIC: [8] Undefined index: a D:\web\Matcms\Application\Common\Common\function.php 第 58 行.
NOTIC: [8] Undefined index: a D:\web\Matcms\Application\Common\Common\function.php 第 58 行.
NOTIC: [8] Undefined index: a D:\web\Matcms\Application\Common\Common\function.php 第 58 行.
NOTIC: [8] Undefined index: a D:\web\Matcms\Application\Common\Common\function.php 第 58 行.
NOTIC: [8] Undefined index: a D:\web\Matcms\Application\Common\Common\function.php 第 58 行.
NOTIC: [8] Undefined variable: type D:\web\Matcms\Application\Runtime\Cache\Admin\bb97361d9e4731aec48331de29e1c4d1.php 第 96 行.
NOTIC: [8] Undefined variable: type D:\web\Matcms\Application\Runtime\Cache\Admin\bb97361d9e4731aec48331de29e1c4d1.php 第 97 行.
NOTIC: [8] Undefined index: dumpmysql D:\web\Matcms\Application\Runtime\Cache\Admin\bb97361d9e4731aec48331de29e1c4d1.php 第 128 行.
NOTIC: [8] Undefined index: dumpmysql D:\web\Matcms\Application\Runtime\Cache\Admin\bb97361d9e4731aec48331de29e1c4d1.php 第 129 行.
NOTIC: [8] Undefined index: cacheindex D:\web\Matcms\Application\Runtime\Cache\Admin\bb97361d9e4731aec48331de29e1c4d1.php 第 136 行.
NOTIC: [8] Undefined index: cacheindex D:\web\Matcms\Application\Runtime\Cache\Admin\bb97361d9e4731aec48331de29e1c4d1.php 第 137 行.
INFO: Run Behavior\ParseTemplateBehavior [ RunTime:0.042193s ]
INFO: [ view_parse ] --END-- [ RunTime:0.042231s ]
INFO: [ view_filter ] --START--
INFO: Run Behavior\WriteHtmlCacheBehavior [ RunTime:0.000388s ]
INFO: [ view_filter ] --END-- [ RunTime:0.000421s ]
INFO: [ app_end ] --START--
INFO: Run Behavior\ShowPageTraceBehavior [ RunTime:0.000407s ]
INFO: [ app_end ] --END-- [ RunTime:0.000441s ]

