[ 2016-08-08T15:03:17+08:00 ] 127.0.0.1 /admin.php?m=&&c=login&a=index
INFO: [ app_init ] --START--
INFO: Run Behavior\BuildLiteBehavior [ RunTime:0.000074s ]
INFO: [ app_init ] --END-- [ RunTime:0.017337s ]
INFO: [ app_begin ] --START--
INFO: Run Behavior\ReadHtmlCacheBehavior [ RunTime:0.019724s ]
INFO: [ app_begin ] --END-- [ RunTime:0.019916s ]
INFO: [ view_parse ] --START--
INFO: [ template_filter ] --START--
INFO: Run Behavior\ContentReplaceBehavior [ RunTime:0.000060s ]
INFO: [ template_filter ] --END-- [ RunTime:0.000111s ]
INFO: Run Behavior\ParseTemplateBehavior [ RunTime:0.117505s ]
INFO: [ view_parse ] --END-- [ RunTime:0.117601s ]
INFO: [ view_filter ] --START--
INFO: Run Behavior\WriteHtmlCacheBehavior [ RunTime:0.009480s ]
INFO: [ view_filter ] --END-- [ RunTime:0.009530s ]
INFO: [ app_end ] --START--
INFO: Run Behavior\ShowPageTraceBehavior [ RunTime:0.008693s ]
INFO: [ app_end ] --END-- [ RunTime:0.008747s ]

[ 2016-08-08T23:42:10+08:00 ] 127.0.0.1 /admin.php?m=&&c=login&a=index
INFO: [ app_init ] --START--
INFO: Run Behavior\BuildLiteBehavior [ RunTime:0.000029s ]
INFO: [ app_init ] --END-- [ RunTime:0.013807s ]
INFO: [ app_begin ] --START--
INFO: Run Behavior\ReadHtmlCacheBehavior [ RunTime:0.015008s ]
INFO: [ app_begin ] --END-- [ RunTime:0.015090s ]
INFO: [ view_parse ] --START--
INFO: [ template_filter ] --START--
INFO: Run Behavior\ContentReplaceBehavior [ RunTime:0.001139s ]
INFO: [ template_filter ] --END-- [ RunTime:0.001242s ]
INFO: Run Behavior\ParseTemplateBehavior [ RunTime:0.092667s ]
INFO: [ view_parse ] --END-- [ RunTime:0.092732s ]
INFO: [ view_filter ] --START--
INFO: Run Behavior\WriteHtmlCacheBehavior [ RunTime:0.007365s ]
INFO: [ view_filter ] --END-- [ RunTime:0.007421s ]
INFO: [ app_end ] --START--
INFO: Run Behavior\ShowPageTraceBehavior [ RunTime:0.009131s ]
INFO: [ app_end ] --END-- [ RunTime:0.009186s ]

