[ 2016-08-14T10:00:05+08:00 ] 127.0.0.1 /admin.php?c=index&a=index
INFO: [ app_init ] --START--
INFO: Run Behavior\BuildLiteBehavior [ RunTime:0.000012s ]
INFO: [ app_init ] --END-- [ RunTime:0.006854s ]
INFO: [ app_begin ] --START--
INFO: Run Behavior\ReadHtmlCacheBehavior [ RunTime:0.001203s ]
INFO: [ app_begin ] --END-- [ RunTime:0.001262s ]
NOTIC: [8] Undefined variable: module D:\web\Matcms\ThinkPHP\Common\functions.php 第 990 行.
NOTIC: [8] Undefined variable: var D:\web\Matcms\ThinkPHP\Common\functions.php 第 990 行.
NOTIC: [2] array_reverse() expects parameter 1 to be array, null given D:\web\Matcms\ThinkPHP\Common\functions.php 第 990 行.
NOTIC: [2] http_build_query(): Parameter 1 expected to be Array or Object.  Incorrect value given D:\web\Matcms\ThinkPHP\Common\functions.php 第 990 行.

[ 2016-08-14T10:00:05+08:00 ] 127.0.0.1 /admin.php?m=&&c=login
INFO: [ app_init ] --START--
INFO: Run Behavior\BuildLiteBehavior [ RunTime:0.000009s ]
INFO: [ app_init ] --END-- [ RunTime:0.000249s ]
INFO: [ app_begin ] --START--
INFO: Run Behavior\ReadHtmlCacheBehavior [ RunTime:0.000373s ]
INFO: [ app_begin ] --END-- [ RunTime:0.000409s ]
INFO: [ view_parse ] --START--
INFO: [ template_filter ] --START--
INFO: Run Behavior\ContentReplaceBehavior [ RunTime:0.000050s ]
INFO: [ template_filter ] --END-- [ RunTime:0.000096s ]
INFO: Run Behavior\ParseTemplateBehavior [ RunTime:0.064574s ]
INFO: [ view_parse ] --END-- [ RunTime:0.064637s ]
INFO: [ view_filter ] --START--
INFO: Run Behavior\WriteHtmlCacheBehavior [ RunTime:0.001053s ]
INFO: [ view_filter ] --END-- [ RunTime:0.001097s ]
INFO: [ app_end ] --START--
INFO: Run Behavior\ShowPageTraceBehavior [ RunTime:0.001088s ]
INFO: [ app_end ] --END-- [ RunTime:0.001133s ]

[ 2016-08-14T10:00:07+08:00 ] 127.0.0.1 /admin.php?c=login&a=check
INFO: [ app_init ] --START--
INFO: Run Behavior\BuildLiteBehavior [ RunTime:0.000010s ]
INFO: [ app_init ] --END-- [ RunTime:0.000242s ]
INFO: [ app_begin ] --START--
INFO: Run Behavior\ReadHtmlCacheBehavior [ RunTime:0.000416s ]
INFO: [ app_begin ] --END-- [ RunTime:0.000456s ]
SQL: SHOW COLUMNS FROM `mat_admin` [ RunTime:0.0166s ]
SQL: SELECT * FROM `mat_admin` WHERE ( username="woya" ) LIMIT 1   [ RunTime:0.0020s ]
SQL: UPDATE `mat_admin` SET `lastloginip`='2130706433',`admin_id`='1',`lastlogintime`='1471140007' WHERE ( admin_id =1 ) [ RunTime:0.0052s ]

[ 2016-08-14T10:00:08+08:00 ] 127.0.0.1 /admin.php?c=index&a=index
INFO: [ app_init ] --START--
INFO: Run Behavior\BuildLiteBehavior [ RunTime:0.000010s ]
INFO: [ app_init ] --END-- [ RunTime:0.000261s ]
INFO: [ app_begin ] --START--
INFO: Run Behavior\ReadHtmlCacheBehavior [ RunTime:0.000452s ]
INFO: [ app_begin ] --END-- [ RunTime:0.000512s ]
NOTIC: [2048] Declaration of Common\Model\NewsModel::find() should be compatible with Think\Model::find($options = Array) D:\web\Matcms\Application\Common\Model\NewsModel.class.php 第 23 行.
SQL: SHOW COLUMNS FROM `mat_news` [ RunTime:0.0110s ]
SQL: SELECT * FROM `mat_news` WHERE `status` = 1 ORDER BY count desc LIMIT 1   [ RunTime:0.0005s ]
SQL: SELECT COUNT(*) AS tp_count FROM `mat_news` WHERE `status` = 1 LIMIT 1   [ RunTime:0.0002s ]
SQL: SHOW COLUMNS FROM `mat_position` [ RunTime:0.0154s ]
SQL: SELECT COUNT(*) AS tp_count FROM `mat_position` WHERE `status` = 1 LIMIT 1   [ RunTime:0.0003s ]
SQL: SHOW COLUMNS FROM `mat_admin` [ RunTime:0.0046s ]
SQL: SELECT COUNT(*) AS tp_count FROM `mat_admin` WHERE `status` = 1 AND `lastlogintime` > 1471104000 LIMIT 1   [ RunTime:0.0003s ]
NOTIC: [2] Illegal string offset 'tp_count' D:\web\Matcms\Application\Common\Model\AdminModel.class.php 第 52 行.
INFO: [ view_parse ] --START--
INFO: [ template_filter ] --START--
INFO: Run Behavior\ContentReplaceBehavior [ RunTime:0.000043s ]
INFO: [ template_filter ] --END-- [ RunTime:0.000080s ]
NOTIC: [2048] Declaration of Common\Model\MenuModel::find() should be compatible with Think\Model::find($options = Array) D:\web\Matcms\Application\Common\Model\MenuModel.class.php 第 96 行.
SQL: SHOW COLUMNS FROM `mat_menu` [ RunTime:0.0123s ]
NOTIC: [8] Undefined variable: where D:\web\Matcms\Application\Runtime\Cache\Admin\b595b808c2ebeeeb0478ffc30bb4e87a.php 第 40 行.
SQL: SELECT * FROM `mat_menu` WHERE `status` = 1 AND `type` = 1 ORDER BY listorder desc,menu_id desc  [ RunTime:0.0010s ]
NOTIC: [8] Undefined index: a D:\web\Matcms\Application\Common\Common\function.php 第 58 行.
NOTIC: [8] Undefined index: a D:\web\Matcms\Application\Common\Common\function.php 第 58 行.
NOTIC: [8] Undefined index: a D:\web\Matcms\Application\Common\Common\function.php 第 58 行.
NOTIC: [8] Undefined index: a D:\web\Matcms\Application\Common\Common\function.php 第 58 行.
NOTIC: [8] Undefined index: a D:\web\Matcms\Application\Common\Common\function.php 第 58 行.
NOTIC: [8] Undefined index: a D:\web\Matcms\Application\Common\Common\function.php 第 58 行.
INFO: Run Behavior\ParseTemplateBehavior [ RunTime:0.079630s ]
INFO: [ view_parse ] --END-- [ RunTime:0.079683s ]
INFO: [ view_filter ] --START--
INFO: Run Behavior\WriteHtmlCacheBehavior [ RunTime:0.001160s ]
INFO: [ view_filter ] --END-- [ RunTime:0.001217s ]
INFO: [ app_end ] --START--
INFO: Run Behavior\ShowPageTraceBehavior [ RunTime:0.001347s ]
INFO: [ app_end ] --END-- [ RunTime:0.001460s ]

[ 2016-08-14T10:00:10+08:00 ] 127.0.0.1 /admin.php?c=menu
INFO: [ app_init ] --START--
INFO: Run Behavior\BuildLiteBehavior [ RunTime:0.000009s ]
INFO: [ app_init ] --END-- [ RunTime:0.000240s ]
INFO: [ app_begin ] --START--
INFO: Run Behavior\ReadHtmlCacheBehavior [ RunTime:0.000374s ]
INFO: [ app_begin ] --END-- [ RunTime:0.000408s ]
NOTIC: [2048] Declaration of Admin\Controller\MenuController::setStatus() should be compatible with Admin\Controller\CommonController::setStatus($data, $model) D:\web\Matcms\Application\Admin\Controller\MenuController.class.php 第 23 行.
NOTIC: [2048] Declaration of Admin\Controller\MenuController::listOrder() should be compatible with Admin\Controller\CommonController::listorder($model = '') D:\web\Matcms\Application\Admin\Controller\MenuController.class.php 第 23 行.
NOTIC: [2048] Declaration of Common\Model\MenuModel::find() should be compatible with Think\Model::find($options = Array) D:\web\Matcms\Application\Common\Model\MenuModel.class.php 第 13 行.
SQL: SHOW COLUMNS FROM `mat_menu` [ RunTime:0.0006s ]
SQL: SELECT * FROM `mat_menu` WHERE `type` = 1 AND `menu_id` <> 1 AND `status` <> -1 ORDER BY listorder desc, menu_id desc LIMIT 0,5   [ RunTime:0.0003s ]
SQL: SELECT COUNT(*) AS tp_count FROM `mat_menu` WHERE `type` = 1 AND `menu_id` <> 1 AND `status` <> -1 LIMIT 1   [ RunTime:0.0003s ]
INFO: [ view_parse ] --START--
INFO: [ template_filter ] --START--
INFO: Run Behavior\ContentReplaceBehavior [ RunTime:0.000049s ]
INFO: [ template_filter ] --END-- [ RunTime:0.000084s ]
NOTIC: [8] Undefined variable: where D:\web\Matcms\Application\Runtime\Cache\Admin\b956215329b6f9aca22277599a4efdfc.php 第 42 行.
SQL: SELECT * FROM `mat_menu` WHERE `status` = 1 AND `type` = 1 ORDER BY listorder desc,menu_id desc  [ RunTime:0.0008s ]
NOTIC: [8] Undefined index: a D:\web\Matcms\Application\Common\Common\function.php 第 58 行.
NOTIC: [8] Undefined index: a D:\web\Matcms\Application\Common\Common\function.php 第 58 行.
NOTIC: [8] Undefined index: a D:\web\Matcms\Application\Common\Common\function.php 第 58 行.
NOTIC: [8] Undefined index: a D:\web\Matcms\Application\Common\Common\function.php 第 58 行.
NOTIC: [8] Undefined index: a D:\web\Matcms\Application\Common\Common\function.php 第 58 行.
NOTIC: [8] Undefined index: a D:\web\Matcms\Application\Common\Common\function.php 第 58 行.
NOTIC: [8] Undefined index: posname D:\web\Matcms\Application\Runtime\Cache\Admin\b956215329b6f9aca22277599a4efdfc.php 第 135 行.
NOTIC: [8] Undefined index: posname D:\web\Matcms\Application\Runtime\Cache\Admin\b956215329b6f9aca22277599a4efdfc.php 第 147 行.
NOTIC: [8] Undefined index: posname D:\web\Matcms\Application\Runtime\Cache\Admin\b956215329b6f9aca22277599a4efdfc.php 第 147 行.
NOTIC: [8] Undefined index: posname D:\web\Matcms\Application\Runtime\Cache\Admin\b956215329b6f9aca22277599a4efdfc.php 第 147 行.
NOTIC: [8] Undefined index: posname D:\web\Matcms\Application\Runtime\Cache\Admin\b956215329b6f9aca22277599a4efdfc.php 第 147 行.
NOTIC: [8] Undefined index: posname D:\web\Matcms\Application\Runtime\Cache\Admin\b956215329b6f9aca22277599a4efdfc.php 第 147 行.
INFO: Run Behavior\ParseTemplateBehavior [ RunTime:0.041158s ]
INFO: [ view_parse ] --END-- [ RunTime:0.041201s ]
INFO: [ view_filter ] --START--
INFO: Run Behavior\WriteHtmlCacheBehavior [ RunTime:0.000396s ]
INFO: [ view_filter ] --END-- [ RunTime:0.000428s ]
INFO: [ app_end ] --START--
INFO: Run Behavior\ShowPageTraceBehavior [ RunTime:0.000436s ]
INFO: [ app_end ] --END-- [ RunTime:0.000466s ]

[ 2016-08-14T10:00:14+08:00 ] 127.0.0.1 /admin.php?c=menu&a=index&type=1
INFO: [ app_init ] --START--
INFO: Run Behavior\BuildLiteBehavior [ RunTime:0.000012s ]
INFO: [ app_init ] --END-- [ RunTime:0.000319s ]
INFO: [ app_begin ] --START--
INFO: Run Behavior\ReadHtmlCacheBehavior [ RunTime:0.000458s ]
INFO: [ app_begin ] --END-- [ RunTime:0.000501s ]
NOTIC: [2048] Declaration of Admin\Controller\MenuController::setStatus() should be compatible with Admin\Controller\CommonController::setStatus($data, $model) D:\web\Matcms\Application\Admin\Controller\MenuController.class.php 第 23 行.
NOTIC: [2048] Declaration of Admin\Controller\MenuController::listOrder() should be compatible with Admin\Controller\CommonController::listorder($model = '') D:\web\Matcms\Application\Admin\Controller\MenuController.class.php 第 23 行.
NOTIC: [2048] Declaration of Common\Model\MenuModel::find() should be compatible with Think\Model::find($options = Array) D:\web\Matcms\Application\Common\Model\MenuModel.class.php 第 13 行.
SQL: SHOW COLUMNS FROM `mat_menu` [ RunTime:0.0008s ]
SQL: SELECT * FROM `mat_menu` WHERE `type` = 1 AND `menu_id` <> 1 AND `status` <> -1 ORDER BY listorder desc, menu_id desc LIMIT 0,5   [ RunTime:0.0004s ]
SQL: SELECT COUNT(*) AS tp_count FROM `mat_menu` WHERE `type` = 1 AND `menu_id` <> 1 AND `status` <> -1 LIMIT 1   [ RunTime:0.0003s ]
INFO: [ view_parse ] --START--
INFO: [ template_filter ] --START--
INFO: Run Behavior\ContentReplaceBehavior [ RunTime:0.000061s ]
INFO: [ template_filter ] --END-- [ RunTime:0.000103s ]
NOTIC: [8] Undefined variable: where D:\web\Matcms\Application\Runtime\Cache\Admin\b956215329b6f9aca22277599a4efdfc.php 第 42 行.
SQL: SELECT * FROM `mat_menu` WHERE `status` = 1 AND `type` = 1 ORDER BY listorder desc,menu_id desc  [ RunTime:0.0005s ]
NOTIC: [8] Undefined index: a D:\web\Matcms\Application\Common\Common\function.php 第 58 行.
NOTIC: [8] Undefined index: a D:\web\Matcms\Application\Common\Common\function.php 第 58 行.
NOTIC: [8] Undefined index: a D:\web\Matcms\Application\Common\Common\function.php 第 58 行.
NOTIC: [8] Undefined index: a D:\web\Matcms\Application\Common\Common\function.php 第 58 行.
NOTIC: [8] Undefined index: a D:\web\Matcms\Application\Common\Common\function.php 第 58 行.
NOTIC: [8] Undefined index: a D:\web\Matcms\Application\Common\Common\function.php 第 58 行.
NOTIC: [8] Undefined index: posname D:\web\Matcms\Application\Runtime\Cache\Admin\b956215329b6f9aca22277599a4efdfc.php 第 135 行.
NOTIC: [8] Undefined index: posname D:\web\Matcms\Application\Runtime\Cache\Admin\b956215329b6f9aca22277599a4efdfc.php 第 147 行.
NOTIC: [8] Undefined index: posname D:\web\Matcms\Application\Runtime\Cache\Admin\b956215329b6f9aca22277599a4efdfc.php 第 147 行.
NOTIC: [8] Undefined index: posname D:\web\Matcms\Application\Runtime\Cache\Admin\b956215329b6f9aca22277599a4efdfc.php 第 147 行.
NOTIC: [8] Undefined index: posname D:\web\Matcms\Application\Runtime\Cache\Admin\b956215329b6f9aca22277599a4efdfc.php 第 147 行.
NOTIC: [8] Undefined index: posname D:\web\Matcms\Application\Runtime\Cache\Admin\b956215329b6f9aca22277599a4efdfc.php 第 147 行.
INFO: Run Behavior\ParseTemplateBehavior [ RunTime:0.039307s ]
INFO: [ view_parse ] --END-- [ RunTime:0.039351s ]
INFO: [ view_filter ] --START--
INFO: Run Behavior\WriteHtmlCacheBehavior [ RunTime:0.000267s ]
INFO: [ view_filter ] --END-- [ RunTime:0.000292s ]
INFO: [ app_end ] --START--
INFO: Run Behavior\ShowPageTraceBehavior [ RunTime:0.000437s ]
INFO: [ app_end ] --END-- [ RunTime:0.000473s ]

[ 2016-08-14T10:00:15+08:00 ] 127.0.0.1 /admin.php?c=menu
INFO: [ app_init ] --START--
INFO: Run Behavior\BuildLiteBehavior [ RunTime:0.000011s ]
INFO: [ app_init ] --END-- [ RunTime:0.000311s ]
INFO: [ app_begin ] --START--
INFO: Run Behavior\ReadHtmlCacheBehavior [ RunTime:0.000456s ]
INFO: [ app_begin ] --END-- [ RunTime:0.000498s ]
NOTIC: [2048] Declaration of Admin\Controller\MenuController::setStatus() should be compatible with Admin\Controller\CommonController::setStatus($data, $model) D:\web\Matcms\Application\Admin\Controller\MenuController.class.php 第 23 行.
NOTIC: [2048] Declaration of Admin\Controller\MenuController::listOrder() should be compatible with Admin\Controller\CommonController::listorder($model = '') D:\web\Matcms\Application\Admin\Controller\MenuController.class.php 第 23 行.
NOTIC: [2048] Declaration of Common\Model\MenuModel::find() should be compatible with Think\Model::find($options = Array) D:\web\Matcms\Application\Common\Model\MenuModel.class.php 第 13 行.
SQL: SHOW COLUMNS FROM `mat_menu` [ RunTime:0.0007s ]
SQL: SELECT * FROM `mat_menu` WHERE `type` = 1 AND `menu_id` <> 1 AND `status` <> -1 ORDER BY listorder desc, menu_id desc LIMIT 0,5   [ RunTime:0.0004s ]
SQL: SELECT COUNT(*) AS tp_count FROM `mat_menu` WHERE `type` = 1 AND `menu_id` <> 1 AND `status` <> -1 LIMIT 1   [ RunTime:0.0003s ]
INFO: [ view_parse ] --START--
INFO: [ template_filter ] --START--
INFO: Run Behavior\ContentReplaceBehavior [ RunTime:0.000062s ]
INFO: [ template_filter ] --END-- [ RunTime:0.000105s ]
NOTIC: [8] Undefined variable: where D:\web\Matcms\Application\Runtime\Cache\Admin\b956215329b6f9aca22277599a4efdfc.php 第 42 行.
SQL: SELECT * FROM `mat_menu` WHERE `status` = 1 AND `type` = 1 ORDER BY listorder desc,menu_id desc  [ RunTime:0.0005s ]
NOTIC: [8] Undefined index: a D:\web\Matcms\Application\Common\Common\function.php 第 58 行.
NOTIC: [8] Undefined index: a D:\web\Matcms\Application\Common\Common\function.php 第 58 行.
NOTIC: [8] Undefined index: a D:\web\Matcms\Application\Common\Common\function.php 第 58 行.
NOTIC: [8] Undefined index: a D:\web\Matcms\Application\Common\Common\function.php 第 58 行.
NOTIC: [8] Undefined index: a D:\web\Matcms\Application\Common\Common\function.php 第 58 行.
NOTIC: [8] Undefined index: a D:\web\Matcms\Application\Common\Common\function.php 第 58 行.
NOTIC: [8] Undefined index: posname D:\web\Matcms\Application\Runtime\Cache\Admin\b956215329b6f9aca22277599a4efdfc.php 第 135 行.
NOTIC: [8] Undefined index: posname D:\web\Matcms\Application\Runtime\Cache\Admin\b956215329b6f9aca22277599a4efdfc.php 第 147 行.
NOTIC: [8] Undefined index: posname D:\web\Matcms\Application\Runtime\Cache\Admin\b956215329b6f9aca22277599a4efdfc.php 第 147 行.
NOTIC: [8] Undefined index: posname D:\web\Matcms\Application\Runtime\Cache\Admin\b956215329b6f9aca22277599a4efdfc.php 第 147 行.
NOTIC: [8] Undefined index: posname D:\web\Matcms\Application\Runtime\Cache\Admin\b956215329b6f9aca22277599a4efdfc.php 第 147 行.
NOTIC: [8] Undefined index: posname D:\web\Matcms\Application\Runtime\Cache\Admin\b956215329b6f9aca22277599a4efdfc.php 第 147 行.
INFO: Run Behavior\ParseTemplateBehavior [ RunTime:0.047552s ]
INFO: [ view_parse ] --END-- [ RunTime:0.047589s ]
INFO: [ view_filter ] --START--
INFO: Run Behavior\WriteHtmlCacheBehavior [ RunTime:0.000359s ]
INFO: [ view_filter ] --END-- [ RunTime:0.000398s ]
INFO: [ app_end ] --START--
INFO: Run Behavior\ShowPageTraceBehavior [ RunTime:0.000549s ]
INFO: [ app_end ] --END-- [ RunTime:0.000590s ]

