[ 2016-08-18T20:09:55+08:00 ] 127.0.0.1 /admin.php?c=index&a=index
INFO: [ app_init ] --START--
INFO: Run Behavior\BuildLiteBehavior [ RunTime:0.000017s ]
INFO: [ app_init ] --END-- [ RunTime:0.010336s ]
INFO: [ app_begin ] --START--
INFO: Run Behavior\ReadHtmlCacheBehavior [ RunTime:0.012406s ]
INFO: [ app_begin ] --END-- [ RunTime:0.012476s ]
NOTIC: [8] Undefined variable: module D:\web\Matcms\ThinkPHP\Common\functions.php 第 990 行.
NOTIC: [8] Undefined variable: var D:\web\Matcms\ThinkPHP\Common\functions.php 第 990 行.
NOTIC: [2] array_reverse() expects parameter 1 to be array, null given D:\web\Matcms\ThinkPHP\Common\functions.php 第 990 行.
NOTIC: [2] http_build_query(): Parameter 1 expected to be Array or Object.  Incorrect value given D:\web\Matcms\ThinkPHP\Common\functions.php 第 990 行.

[ 2016-08-18T20:09:55+08:00 ] 127.0.0.1 /admin.php?m=&&c=login
INFO: [ app_init ] --START--
INFO: Run Behavior\BuildLiteBehavior [ RunTime:0.000012s ]
INFO: [ app_init ] --END-- [ RunTime:0.000295s ]
INFO: [ app_begin ] --START--
INFO: Run Behavior\ReadHtmlCacheBehavior [ RunTime:0.000362s ]
INFO: [ app_begin ] --END-- [ RunTime:0.000406s ]
INFO: [ view_parse ] --START--
INFO: [ template_filter ] --START--
INFO: Run Behavior\ContentReplaceBehavior [ RunTime:0.000102s ]
INFO: [ template_filter ] --END-- [ RunTime:0.000160s ]
INFO: Run Behavior\ParseTemplateBehavior [ RunTime:0.079609s ]
INFO: [ view_parse ] --END-- [ RunTime:0.079673s ]
INFO: [ view_filter ] --START--
INFO: Run Behavior\WriteHtmlCacheBehavior [ RunTime:0.006990s ]
INFO: [ view_filter ] --END-- [ RunTime:0.007042s ]
INFO: [ app_end ] --START--
INFO: Run Behavior\ShowPageTraceBehavior [ RunTime:0.006930s ]
INFO: [ app_end ] --END-- [ RunTime:0.006983s ]

[ 2016-08-18T20:10:02+08:00 ] 127.0.0.1 /admin.php?c=login&a=check
INFO: [ app_init ] --START--
INFO: Run Behavior\BuildLiteBehavior [ RunTime:0.000016s ]
INFO: [ app_init ] --END-- [ RunTime:0.000370s ]
INFO: [ app_begin ] --START--
INFO: Run Behavior\ReadHtmlCacheBehavior [ RunTime:0.000450s ]
INFO: [ app_begin ] --END-- [ RunTime:0.000496s ]
SQL: SHOW COLUMNS FROM `mat_admin` [ RunTime:0.0242s ]
SQL: SELECT * FROM `mat_admin` WHERE ( username="woya" ) LIMIT 1   [ RunTime:0.0026s ]
SQL: UPDATE `mat_admin` SET `lastloginip`='2130706433',`admin_id`='1',`lastlogintime`='1471522202' WHERE ( admin_id =1 ) [ RunTime:0.0024s ]

[ 2016-08-18T20:10:03+08:00 ] 127.0.0.1 /admin.php?c=index&a=index
INFO: [ app_init ] --START--
INFO: Run Behavior\BuildLiteBehavior [ RunTime:0.000015s ]
INFO: [ app_init ] --END-- [ RunTime:0.000348s ]
INFO: [ app_begin ] --START--
INFO: Run Behavior\ReadHtmlCacheBehavior [ RunTime:0.000483s ]
INFO: [ app_begin ] --END-- [ RunTime:0.000571s ]
NOTIC: [2048] Declaration of Common\Model\NewsModel::find() should be compatible with Think\Model::find($options = Array) D:\web\Matcms\Application\Common\Model\NewsModel.class.php 第 23 行.
SQL: SHOW COLUMNS FROM `mat_news` [ RunTime:0.0160s ]
SQL: SELECT * FROM `mat_news` WHERE `status` = 1 ORDER BY count desc LIMIT 1   [ RunTime:0.0008s ]
SQL: SELECT COUNT(*) AS tp_count FROM `mat_news` WHERE `status` = 1 LIMIT 1   [ RunTime:0.0004s ]
SQL: SHOW COLUMNS FROM `mat_position` [ RunTime:0.0143s ]
SQL: SELECT COUNT(*) AS tp_count FROM `mat_position` WHERE `status` = 1 LIMIT 1   [ RunTime:0.0004s ]
SQL: SHOW COLUMNS FROM `mat_admin` [ RunTime:0.0059s ]
SQL: SELECT COUNT(*) AS tp_count FROM `mat_admin` WHERE `status` = 1 AND `lastlogintime` > 1471449600 LIMIT 1   [ RunTime:0.0004s ]
NOTIC: [2] Illegal string offset 'tp_count' D:\web\Matcms\Application\Common\Model\AdminModel.class.php 第 52 行.
INFO: [ view_parse ] --START--
INFO: [ template_filter ] --START--
INFO: Run Behavior\ContentReplaceBehavior [ RunTime:0.000062s ]
INFO: [ template_filter ] --END-- [ RunTime:0.000110s ]
NOTIC: [2048] Declaration of Common\Model\MenuModel::find() should be compatible with Think\Model::find($options = Array) D:\web\Matcms\Application\Common\Model\MenuModel.class.php 第 96 行.
SQL: SHOW COLUMNS FROM `mat_menu` [ RunTime:0.0130s ]
NOTIC: [8] Undefined variable: where D:\web\Matcms\Application\Runtime\Cache\Admin\b595b808c2ebeeeb0478ffc30bb4e87a.php 第 40 行.
SQL: SELECT * FROM `mat_menu` WHERE `status` = 1 AND `type` = 1 ORDER BY listorder desc,menu_id desc  [ RunTime:0.0015s ]
NOTIC: [8] Undefined index: a D:\web\Matcms\Application\Common\Common\function.php 第 58 行.
NOTIC: [8] Undefined index: a D:\web\Matcms\Application\Common\Common\function.php 第 58 行.
NOTIC: [8] Undefined index: a D:\web\Matcms\Application\Common\Common\function.php 第 58 行.
NOTIC: [8] Undefined index: a D:\web\Matcms\Application\Common\Common\function.php 第 58 行.
NOTIC: [8] Undefined index: a D:\web\Matcms\Application\Common\Common\function.php 第 58 行.
NOTIC: [8] Undefined index: a D:\web\Matcms\Application\Common\Common\function.php 第 58 行.
INFO: Run Behavior\ParseTemplateBehavior [ RunTime:0.104296s ]
INFO: [ view_parse ] --END-- [ RunTime:0.104376s ]
INFO: [ view_filter ] --START--
INFO: Run Behavior\WriteHtmlCacheBehavior [ RunTime:0.000907s ]
INFO: [ view_filter ] --END-- [ RunTime:0.000972s ]
INFO: [ app_end ] --START--
INFO: Run Behavior\ShowPageTraceBehavior [ RunTime:0.000856s ]
INFO: [ app_end ] --END-- [ RunTime:0.000927s ]

[ 2016-08-18T20:15:59+08:00 ] 127.0.0.1 /admin.php?c=position
INFO: [ app_init ] --START--
INFO: Run Behavior\BuildLiteBehavior [ RunTime:0.000010s ]
INFO: [ app_init ] --END-- [ RunTime:0.000258s ]
INFO: [ app_begin ] --START--
INFO: Run Behavior\ReadHtmlCacheBehavior [ RunTime:0.000368s ]
INFO: [ app_begin ] --END-- [ RunTime:0.000406s ]
NOTIC: [2048] Declaration of Admin\Controller\PositionController::setStatus() should be compatible with Admin\Controller\CommonController::setStatus($data, $model) D:\web\Matcms\Application\Admin\Controller\PositionController.class.php 第 23 行.
NOTIC: [2048] Declaration of Admin\Controller\PositionController::listorder() should be compatible with Admin\Controller\CommonController::listorder($model = '') D:\web\Matcms\Application\Admin\Controller\PositionController.class.php 第 23 行.
NOTIC: [8] Undefined index: p D:\web\Matcms\Application\Admin\Controller\PositionController.class.php 第 26 行.
SQL: SHOW COLUMNS FROM `mat_position` [ RunTime:0.0007s ]
NOTIC: [8] Undefined variable: conds D:\web\Matcms\Application\Admin\Controller\PositionController.class.php 第 28 行.
SQL: SELECT * FROM `mat_position` WHERE `status` <> -1 ORDER BY id desc LIMIT 0,5   [ RunTime:0.0007s ]
SQL: SELECT COUNT(*) AS tp_count FROM `mat_position` WHERE `status` <> -1 LIMIT 1   [ RunTime:0.0002s ]
NOTIC: [8] Undefined variable: conds D:\web\Matcms\Application\Admin\Controller\PositionController.class.php 第 36 行.
INFO: [ view_parse ] --START--
INFO: [ template_filter ] --START--
INFO: Run Behavior\ContentReplaceBehavior [ RunTime:0.000048s ]
INFO: [ template_filter ] --END-- [ RunTime:0.000100s ]
NOTIC: [2048] Declaration of Common\Model\MenuModel::find() should be compatible with Think\Model::find($options = Array) D:\web\Matcms\Application\Common\Model\MenuModel.class.php 第 96 行.
SQL: SHOW COLUMNS FROM `mat_menu` [ RunTime:0.0008s ]
NOTIC: [8] Undefined variable: where D:\web\Matcms\Application\Runtime\Cache\Admin\3a437f75b5b60a521a3ad0fc93a5ab5f.php 第 40 行.
SQL: SELECT * FROM `mat_menu` WHERE `status` = 1 AND `type` = 1 ORDER BY listorder desc,menu_id desc  [ RunTime:0.0003s ]
NOTIC: [8] Undefined index: a D:\web\Matcms\Application\Common\Common\function.php 第 58 行.
NOTIC: [8] Undefined index: a D:\web\Matcms\Application\Common\Common\function.php 第 58 行.
NOTIC: [8] Undefined index: a D:\web\Matcms\Application\Common\Common\function.php 第 58 行.
NOTIC: [8] Undefined index: a D:\web\Matcms\Application\Common\Common\function.php 第 58 行.
NOTIC: [8] Undefined index: a D:\web\Matcms\Application\Common\Common\function.php 第 58 行.
NOTIC: [8] Undefined index: a D:\web\Matcms\Application\Common\Common\function.php 第 58 行.
INFO: Run Behavior\ParseTemplateBehavior [ RunTime:0.042652s ]
INFO: [ view_parse ] --END-- [ RunTime:0.042687s ]
INFO: [ view_filter ] --START--
INFO: Run Behavior\WriteHtmlCacheBehavior [ RunTime:0.000265s ]
INFO: [ view_filter ] --END-- [ RunTime:0.000292s ]
INFO: [ app_end ] --START--
INFO: Run Behavior\ShowPageTraceBehavior [ RunTime:0.000607s ]
INFO: [ app_end ] --END-- [ RunTime:0.000659s ]

[ 2016-08-18T20:16:26+08:00 ] 127.0.0.1 /admin.php?c=positioncontent
INFO: [ app_init ] --START--
INFO: Run Behavior\BuildLiteBehavior [ RunTime:0.000009s ]
INFO: [ app_init ] --END-- [ RunTime:0.000235s ]
INFO: [ app_begin ] --START--
INFO: Run Behavior\ReadHtmlCacheBehavior [ RunTime:0.000287s ]
INFO: [ app_begin ] --END-- [ RunTime:0.000321s ]
NOTIC: [2048] Declaration of Admin\Controller\PositioncontentController::setStatus() should be compatible with Admin\Controller\CommonController::setStatus($data, $model) D:\web\Matcms\Application\Admin\Controller\PositioncontentController.class.php 第 23 行.
NOTIC: [2048] Declaration of Admin\Controller\PositioncontentController::listorder() should be compatible with Admin\Controller\CommonController::listorder($model = '') D:\web\Matcms\Application\Admin\Controller\PositioncontentController.class.php 第 23 行.
SQL: SHOW COLUMNS FROM `mat_position` [ RunTime:0.0007s ]
SQL: SELECT * FROM `mat_position` WHERE `status` = 1 ORDER BY id  [ RunTime:0.0004s ]
NOTIC: [8] Undefined index: title D:\web\Matcms\Application\Admin\Controller\PositioncontentController.class.php 第 31 行.
NOTIC: [8] Undefined index: position_id D:\web\Matcms\Application\Admin\Controller\PositioncontentController.class.php 第 36 行.
NOTIC: [8] Undefined index: p D:\web\Matcms\Application\Admin\Controller\PositioncontentController.class.php 第 39 行.
NOTIC: [2048] Declaration of Common\Model\PositioncontentModel::find() should be compatible with Think\Model::find($options = Array) D:\web\Matcms\Application\Common\Model\PositioncontentModel.class.php 第 96 行.
SQL: SHOW COLUMNS FROM `mat_position_content` [ RunTime:0.0105s ]
SQL: SELECT COUNT(*) AS tp_count FROM `mat_position_content` WHERE `status` <> -1 AND `position_id` = 1 LIMIT 1   [ RunTime:0.0003s ]
SQL: SELECT * FROM `mat_position_content` WHERE `status` <> -1 AND `position_id` = 1 ORDER BY listorder desc,id desc LIMIT 0,5   [ RunTime:0.0004s ]
NOTIC: [8] Undefined variable: title D:\web\Matcms\Application\Admin\Controller\PositioncontentController.class.php 第 48 行.
NOTIC: [8] Undefined index: title D:\web\Matcms\Application\Admin\Controller\PositioncontentController.class.php 第 52 行.
INFO: [ view_parse ] --START--
INFO: [ template_filter ] --START--
INFO: Run Behavior\ContentReplaceBehavior [ RunTime:0.000052s ]
INFO: [ template_filter ] --END-- [ RunTime:0.000100s ]
NOTIC: [2048] Declaration of Common\Model\MenuModel::find() should be compatible with Think\Model::find($options = Array) D:\web\Matcms\Application\Common\Model\MenuModel.class.php 第 96 行.
SQL: SHOW COLUMNS FROM `mat_menu` [ RunTime:0.0007s ]
NOTIC: [8] Undefined variable: where D:\web\Matcms\Application\Runtime\Cache\Admin\b8a8b9d170e6c07d7b463ea02385894d.php 第 40 行.
SQL: SELECT * FROM `mat_menu` WHERE `status` = 1 AND `type` = 1 ORDER BY listorder desc,menu_id desc  [ RunTime:0.0004s ]
NOTIC: [8] Undefined index: a D:\web\Matcms\Application\Common\Common\function.php 第 58 行.
NOTIC: [8] Undefined index: a D:\web\Matcms\Application\Common\Common\function.php 第 58 行.
NOTIC: [8] Undefined index: a D:\web\Matcms\Application\Common\Common\function.php 第 58 行.
NOTIC: [8] Undefined index: a D:\web\Matcms\Application\Common\Common\function.php 第 58 行.
NOTIC: [8] Undefined index: a D:\web\Matcms\Application\Common\Common\function.php 第 58 行.
NOTIC: [8] Undefined index: a D:\web\Matcms\Application\Common\Common\function.php 第 58 行.
INFO: Run Behavior\ParseTemplateBehavior [ RunTime:0.051302s ]
INFO: [ view_parse ] --END-- [ RunTime:0.051343s ]
INFO: [ view_filter ] --START--
INFO: Run Behavior\WriteHtmlCacheBehavior [ RunTime:0.000194s ]
INFO: [ view_filter ] --END-- [ RunTime:0.000226s ]
INFO: [ app_end ] --START--
INFO: Run Behavior\ShowPageTraceBehavior [ RunTime:0.000529s ]
INFO: [ app_end ] --END-- [ RunTime:0.000593s ]

[ 2016-08-18T20:19:25+08:00 ] 127.0.0.1 /admin.php?c=position
INFO: [ app_init ] --START--
INFO: Run Behavior\BuildLiteBehavior [ RunTime:0.000019s ]
INFO: [ app_init ] --END-- [ RunTime:0.000502s ]
INFO: [ app_begin ] --START--
INFO: Run Behavior\ReadHtmlCacheBehavior [ RunTime:0.000511s ]
INFO: [ app_begin ] --END-- [ RunTime:0.000556s ]
NOTIC: [2048] Declaration of Admin\Controller\PositionController::setStatus() should be compatible with Admin\Controller\CommonController::setStatus($data, $model) D:\web\Matcms\Application\Admin\Controller\PositionController.class.php 第 23 行.
NOTIC: [2048] Declaration of Admin\Controller\PositionController::listorder() should be compatible with Admin\Controller\CommonController::listorder($model = '') D:\web\Matcms\Application\Admin\Controller\PositionController.class.php 第 23 行.
NOTIC: [8] Undefined index: p D:\web\Matcms\Application\Admin\Controller\PositionController.class.php 第 26 行.
SQL: SHOW COLUMNS FROM `mat_position` [ RunTime:0.0028s ]
NOTIC: [8] Undefined variable: conds D:\web\Matcms\Application\Admin\Controller\PositionController.class.php 第 28 行.
SQL: SELECT * FROM `mat_position` WHERE `status` <> -1 ORDER BY id desc LIMIT 0,5   [ RunTime:0.0009s ]
SQL: SELECT COUNT(*) AS tp_count FROM `mat_position` WHERE `status` <> -1 LIMIT 1   [ RunTime:0.0003s ]
NOTIC: [8] Undefined variable: conds D:\web\Matcms\Application\Admin\Controller\PositionController.class.php 第 36 行.
INFO: [ view_parse ] --START--
INFO: [ template_filter ] --START--
INFO: Run Behavior\ContentReplaceBehavior [ RunTime:0.000063s ]
INFO: [ template_filter ] --END-- [ RunTime:0.000108s ]
NOTIC: [2048] Declaration of Common\Model\MenuModel::find() should be compatible with Think\Model::find($options = Array) D:\web\Matcms\Application\Common\Model\MenuModel.class.php 第 96 行.
SQL: SHOW COLUMNS FROM `mat_menu` [ RunTime:0.0010s ]
NOTIC: [8] Undefined variable: where D:\web\Matcms\Application\Runtime\Cache\Admin\3a437f75b5b60a521a3ad0fc93a5ab5f.php 第 40 行.
SQL: SELECT * FROM `mat_menu` WHERE `status` = 1 AND `type` = 1 ORDER BY listorder desc,menu_id desc  [ RunTime:0.0004s ]
NOTIC: [8] Undefined index: a D:\web\Matcms\Application\Common\Common\function.php 第 58 行.
NOTIC: [8] Undefined index: a D:\web\Matcms\Application\Common\Common\function.php 第 58 行.
NOTIC: [8] Undefined index: a D:\web\Matcms\Application\Common\Common\function.php 第 58 行.
NOTIC: [8] Undefined index: a D:\web\Matcms\Application\Common\Common\function.php 第 58 行.
NOTIC: [8] Undefined index: a D:\web\Matcms\Application\Common\Common\function.php 第 58 行.
NOTIC: [8] Undefined index: a D:\web\Matcms\Application\Common\Common\function.php 第 58 行.
INFO: Run Behavior\ParseTemplateBehavior [ RunTime:0.010859s ]
INFO: [ view_parse ] --END-- [ RunTime:0.010899s ]
INFO: [ view_filter ] --START--
INFO: Run Behavior\WriteHtmlCacheBehavior [ RunTime:0.000311s ]
INFO: [ view_filter ] --END-- [ RunTime:0.000342s ]
INFO: [ app_end ] --START--
INFO: Run Behavior\ShowPageTraceBehavior [ RunTime:0.000676s ]
INFO: [ app_end ] --END-- [ RunTime:0.000742s ]

[ 2016-08-18T20:19:27+08:00 ] 127.0.0.1 /admin.php?c=content
INFO: [ app_init ] --START--
INFO: Run Behavior\BuildLiteBehavior [ RunTime:0.000020s ]
INFO: [ app_init ] --END-- [ RunTime:0.000379s ]
INFO: [ app_begin ] --START--
INFO: Run Behavior\ReadHtmlCacheBehavior [ RunTime:0.000356s ]
INFO: [ app_begin ] --END-- [ RunTime:0.000399s ]
NOTIC: [2048] Declaration of Admin\Controller\ContentController::setStatus() should be compatible with Admin\Controller\CommonController::setStatus($data, $model) D:\web\Matcms\Application\Admin\Controller\ContentController.class.php 第 24 行.
NOTIC: [2048] Declaration of Admin\Controller\ContentController::listorder() should be compatible with Admin\Controller\CommonController::listorder($model = '') D:\web\Matcms\Application\Admin\Controller\ContentController.class.php 第 24 行.
NOTIC: [8] Undefined index: title D:\web\Matcms\Application\Admin\Controller\ContentController.class.php 第 29 行.
NOTIC: [8] Undefined index: catid D:\web\Matcms\Application\Admin\Controller\ContentController.class.php 第 32 行.
NOTIC: [8] Undefined index: p D:\web\Matcms\Application\Admin\Controller\ContentController.class.php 第 37 行.
NOTIC: [2048] Declaration of Common\Model\NewsModel::find() should be compatible with Think\Model::find($options = Array) D:\web\Matcms\Application\Common\Model\NewsModel.class.php 第 23 行.
SQL: SHOW COLUMNS FROM `mat_news` [ RunTime:0.0009s ]
SQL: SELECT COUNT(*) AS tp_count FROM `mat_news` WHERE `status` <> -1 LIMIT 1   [ RunTime:0.0004s ]
SQL: SELECT * FROM `mat_news` WHERE `status` <> -1 ORDER BY listorder desc,news_id desc LIMIT 0,10   [ RunTime:0.0005s ]
SQL: SHOW COLUMNS FROM `mat_position` [ RunTime:0.0006s ]
SQL: SELECT * FROM `mat_position` WHERE `status` = 1 ORDER BY id  [ RunTime:0.0004s ]
NOTIC: [2048] Declaration of Common\Model\MenuModel::find() should be compatible with Think\Model::find($options = Array) D:\web\Matcms\Application\Common\Model\MenuModel.class.php 第 96 行.
SQL: SHOW COLUMNS FROM `mat_menu` [ RunTime:0.0013s ]
SQL: SELECT * FROM `mat_menu` WHERE `status` = 1 AND `type` = 0 ORDER BY listorder desc,menu_id desc  [ RunTime:0.0004s ]
NOTIC: [8] Undefined index: title D:\web\Matcms\Application\Admin\Controller\ContentController.class.php 第 57 行.
INFO: [ view_parse ] --START--
INFO: [ template_filter ] --START--
INFO: Run Behavior\ContentReplaceBehavior [ RunTime:0.000077s ]
INFO: [ template_filter ] --END-- [ RunTime:0.000127s ]
NOTIC: [8] Undefined variable: where D:\web\Matcms\Application\Runtime\Cache\Admin\ccc9ced3ad798311a07cb47b740981c5.php 第 40 行.
SQL: SELECT * FROM `mat_menu` WHERE `status` = 1 AND `type` = 1 ORDER BY listorder desc,menu_id desc  [ RunTime:0.0005s ]
NOTIC: [8] Undefined index: a D:\web\Matcms\Application\Common\Common\function.php 第 58 行.
NOTIC: [8] Undefined index: a D:\web\Matcms\Application\Common\Common\function.php 第 58 行.
NOTIC: [8] Undefined index: a D:\web\Matcms\Application\Common\Common\function.php 第 58 行.
NOTIC: [8] Undefined index: a D:\web\Matcms\Application\Common\Common\function.php 第 58 行.
NOTIC: [8] Undefined index: a D:\web\Matcms\Application\Common\Common\function.php 第 58 行.
NOTIC: [8] Undefined index: a D:\web\Matcms\Application\Common\Common\function.php 第 58 行.
NOTIC: [8] Use of undefined constant catid - assumed 'catid' D:\web\Matcms\Application\Runtime\Cache\Admin\ccc9ced3ad798311a07cb47b740981c5.php 第 107 行.
NOTIC: [8] Undefined index: catid D:\web\Matcms\Application\Runtime\Cache\Admin\ccc9ced3ad798311a07cb47b740981c5.php 第 107 行.
NOTIC: [8] Use of undefined constant catid - assumed 'catid' D:\web\Matcms\Application\Runtime\Cache\Admin\ccc9ced3ad798311a07cb47b740981c5.php 第 107 行.
NOTIC: [8] Undefined index: catid D:\web\Matcms\Application\Runtime\Cache\Admin\ccc9ced3ad798311a07cb47b740981c5.php 第 107 行.
NOTIC: [8] Use of undefined constant catid - assumed 'catid' D:\web\Matcms\Application\Runtime\Cache\Admin\ccc9ced3ad798311a07cb47b740981c5.php 第 107 行.
NOTIC: [8] Undefined index: catid D:\web\Matcms\Application\Runtime\Cache\Admin\ccc9ced3ad798311a07cb47b740981c5.php 第 107 行.
NOTIC: [8] Use of undefined constant catid - assumed 'catid' D:\web\Matcms\Application\Runtime\Cache\Admin\ccc9ced3ad798311a07cb47b740981c5.php 第 107 行.
NOTIC: [8] Undefined index: catid D:\web\Matcms\Application\Runtime\Cache\Admin\ccc9ced3ad798311a07cb47b740981c5.php 第 107 行.
NOTIC: [8] Undefined index: title D:\web\Matcms\Application\Runtime\Cache\Admin\ccc9ced3ad798311a07cb47b740981c5.php 第 116 行.
NOTIC: [8] Use of undefined constant news_id - assumed 'news_id' D:\web\Matcms\Application\Runtime\Cache\Admin\ccc9ced3ad798311a07cb47b740981c5.php 第 146 行.
NOTIC: [8] Use of undefined constant news_id - assumed 'news_id' D:\web\Matcms\Application\Runtime\Cache\Admin\ccc9ced3ad798311a07cb47b740981c5.php 第 147 行.
NOTIC: [8] Use of undefined constant listorder - assumed 'listorder' D:\web\Matcms\Application\Runtime\Cache\Admin\ccc9ced3ad798311a07cb47b740981c5.php 第 147 行.
NOTIC: [8] Use of undefined constant news_id - assumed 'news_id' D:\web\Matcms\Application\Runtime\Cache\Admin\ccc9ced3ad798311a07cb47b740981c5.php 第 148 行.
NOTIC: [8] Use of undefined constant title - assumed 'title' D:\web\Matcms\Application\Runtime\Cache\Admin\ccc9ced3ad798311a07cb47b740981c5.php 第 149 行.
NOTIC: [8] Use of undefined constant news_id - assumed 'news_id' D:\web\Matcms\Application\Runtime\Cache\Admin\ccc9ced3ad798311a07cb47b740981c5.php 第 146 行.
NOTIC: [8] Use of undefined constant news_id - assumed 'news_id' D:\web\Matcms\Application\Runtime\Cache\Admin\ccc9ced3ad798311a07cb47b740981c5.php 第 147 行.
NOTIC: [8] Use of undefined constant listorder - assumed 'listorder' D:\web\Matcms\Application\Runtime\Cache\Admin\ccc9ced3ad798311a07cb47b740981c5.php 第 147 行.
NOTIC: [8] Use of undefined constant news_id - assumed 'news_id' D:\web\Matcms\Application\Runtime\Cache\Admin\ccc9ced3ad798311a07cb47b740981c5.php 第 148 行.
NOTIC: [8] Use of undefined constant title - assumed 'title' D:\web\Matcms\Application\Runtime\Cache\Admin\ccc9ced3ad798311a07cb47b740981c5.php 第 149 行.
NOTIC: [8] Use of undefined constant news_id - assumed 'news_id' D:\web\Matcms\Application\Runtime\Cache\Admin\ccc9ced3ad798311a07cb47b740981c5.php 第 146 行.
NOTIC: [8] Use of undefined constant news_id - assumed 'news_id' D:\web\Matcms\Application\Runtime\Cache\Admin\ccc9ced3ad798311a07cb47b740981c5.php 第 147 行.
NOTIC: [8] Use of undefined constant listorder - assumed 'listorder' D:\web\Matcms\Application\Runtime\Cache\Admin\ccc9ced3ad798311a07cb47b740981c5.php 第 147 行.
NOTIC: [8] Use of undefined constant news_id - assumed 'news_id' D:\web\Matcms\Application\Runtime\Cache\Admin\ccc9ced3ad798311a07cb47b740981c5.php 第 148 行.
NOTIC: [8] Use of undefined constant title - assumed 'title' D:\web\Matcms\Application\Runtime\Cache\Admin\ccc9ced3ad798311a07cb47b740981c5.php 第 149 行.
NOTIC: [8] Use of undefined constant news_id - assumed 'news_id' D:\web\Matcms\Application\Runtime\Cache\Admin\ccc9ced3ad798311a07cb47b740981c5.php 第 146 行.
NOTIC: [8] Use of undefined constant news_id - assumed 'news_id' D:\web\Matcms\Application\Runtime\Cache\Admin\ccc9ced3ad798311a07cb47b740981c5.php 第 147 行.
NOTIC: [8] Use of undefined constant listorder - assumed 'listorder' D:\web\Matcms\Application\Runtime\Cache\Admin\ccc9ced3ad798311a07cb47b740981c5.php 第 147 行.
NOTIC: [8] Use of undefined constant news_id - assumed 'news_id' D:\web\Matcms\Application\Runtime\Cache\Admin\ccc9ced3ad798311a07cb47b740981c5.php 第 148 行.
NOTIC: [8] Use of undefined constant title - assumed 'title' D:\web\Matcms\Application\Runtime\Cache\Admin\ccc9ced3ad798311a07cb47b740981c5.php 第 149 行.
NOTIC: [8] Use of undefined constant news_id - assumed 'news_id' D:\web\Matcms\Application\Runtime\Cache\Admin\ccc9ced3ad798311a07cb47b740981c5.php 第 146 行.
NOTIC: [8] Use of undefined constant news_id - assumed 'news_id' D:\web\Matcms\Application\Runtime\Cache\Admin\ccc9ced3ad798311a07cb47b740981c5.php 第 147 行.
NOTIC: [8] Use of undefined constant listorder - assumed 'listorder' D:\web\Matcms\Application\Runtime\Cache\Admin\ccc9ced3ad798311a07cb47b740981c5.php 第 147 行.
NOTIC: [8] Use of undefined constant news_id - assumed 'news_id' D:\web\Matcms\Application\Runtime\Cache\Admin\ccc9ced3ad798311a07cb47b740981c5.php 第 148 行.
NOTIC: [8] Use of undefined constant title - assumed 'title' D:\web\Matcms\Application\Runtime\Cache\Admin\ccc9ced3ad798311a07cb47b740981c5.php 第 149 行.
NOTIC: [8] Use of undefined constant news_id - assumed 'news_id' D:\web\Matcms\Application\Runtime\Cache\Admin\ccc9ced3ad798311a07cb47b740981c5.php 第 146 行.
NOTIC: [8] Use of undefined constant news_id - assumed 'news_id' D:\web\Matcms\Application\Runtime\Cache\Admin\ccc9ced3ad798311a07cb47b740981c5.php 第 147 行.
NOTIC: [8] Use of undefined constant listorder - assumed 'listorder' D:\web\Matcms\Application\Runtime\Cache\Admin\ccc9ced3ad798311a07cb47b740981c5.php 第 147 行.
NOTIC: [8] Use of undefined constant news_id - assumed 'news_id' D:\web\Matcms\Application\Runtime\Cache\Admin\ccc9ced3ad798311a07cb47b740981c5.php 第 148 行.
NOTIC: [8] Use of undefined constant title - assumed 'title' D:\web\Matcms\Application\Runtime\Cache\Admin\ccc9ced3ad798311a07cb47b740981c5.php 第 149 行.
NOTIC: [8] Use of undefined constant news_id - assumed 'news_id' D:\web\Matcms\Application\Runtime\Cache\Admin\ccc9ced3ad798311a07cb47b740981c5.php 第 146 行.
NOTIC: [8] Use of undefined constant news_id - assumed 'news_id' D:\web\Matcms\Application\Runtime\Cache\Admin\ccc9ced3ad798311a07cb47b740981c5.php 第 147 行.
NOTIC: [8] Use of undefined constant listorder - assumed 'listorder' D:\web\Matcms\Application\Runtime\Cache\Admin\ccc9ced3ad798311a07cb47b740981c5.php 第 147 行.
NOTIC: [8] Use of undefined constant news_id - assumed 'news_id' D:\web\Matcms\Application\Runtime\Cache\Admin\ccc9ced3ad798311a07cb47b740981c5.php 第 148 行.
NOTIC: [8] Use of undefined constant title - assumed 'title' D:\web\Matcms\Application\Runtime\Cache\Admin\ccc9ced3ad798311a07cb47b740981c5.php 第 149 行.
NOTIC: [8] Use of undefined constant news_id - assumed 'news_id' D:\web\Matcms\Application\Runtime\Cache\Admin\ccc9ced3ad798311a07cb47b740981c5.php 第 146 行.
NOTIC: [8] Use of undefined constant news_id - assumed 'news_id' D:\web\Matcms\Application\Runtime\Cache\Admin\ccc9ced3ad798311a07cb47b740981c5.php 第 147 行.
NOTIC: [8] Use of undefined constant listorder - assumed 'listorder' D:\web\Matcms\Application\Runtime\Cache\Admin\ccc9ced3ad798311a07cb47b740981c5.php 第 147 行.
NOTIC: [8] Use of undefined constant news_id - assumed 'news_id' D:\web\Matcms\Application\Runtime\Cache\Admin\ccc9ced3ad798311a07cb47b740981c5.php 第 148 行.
NOTIC: [8] Use of undefined constant title - assumed 'title' D:\web\Matcms\Application\Runtime\Cache\Admin\ccc9ced3ad798311a07cb47b740981c5.php 第 149 行.
NOTIC: [8] Use of undefined constant news_id - assumed 'news_id' D:\web\Matcms\Application\Runtime\Cache\Admin\ccc9ced3ad798311a07cb47b740981c5.php 第 146 行.
NOTIC: [8] Use of undefined constant news_id - assumed 'news_id' D:\web\Matcms\Application\Runtime\Cache\Admin\ccc9ced3ad798311a07cb47b740981c5.php 第 147 行.
NOTIC: [8] Use of undefined constant listorder - assumed 'listorder' D:\web\Matcms\Application\Runtime\Cache\Admin\ccc9ced3ad798311a07cb47b740981c5.php 第 147 行.
NOTIC: [8] Use of undefined constant news_id - assumed 'news_id' D:\web\Matcms\Application\Runtime\Cache\Admin\ccc9ced3ad798311a07cb47b740981c5.php 第 148 行.
NOTIC: [8] Use of undefined constant title - assumed 'title' D:\web\Matcms\Application\Runtime\Cache\Admin\ccc9ced3ad798311a07cb47b740981c5.php 第 149 行.
NOTIC: [8] Use of undefined constant news_id - assumed 'news_id' D:\web\Matcms\Application\Runtime\Cache\Admin\ccc9ced3ad798311a07cb47b740981c5.php 第 146 行.
NOTIC: [8] Use of undefined constant news_id - assumed 'news_id' D:\web\Matcms\Application\Runtime\Cache\Admin\ccc9ced3ad798311a07cb47b740981c5.php 第 147 行.
NOTIC: [8] Use of undefined constant listorder - assumed 'listorder' D:\web\Matcms\Application\Runtime\Cache\Admin\ccc9ced3ad798311a07cb47b740981c5.php 第 147 行.
NOTIC: [8] Use of undefined constant news_id - assumed 'news_id' D:\web\Matcms\Application\Runtime\Cache\Admin\ccc9ced3ad798311a07cb47b740981c5.php 第 148 行.
NOTIC: [8] Use of undefined constant title - assumed 'title' D:\web\Matcms\Application\Runtime\Cache\Admin\ccc9ced3ad798311a07cb47b740981c5.php 第 149 行.
INFO: Run Behavior\ParseTemplateBehavior [ RunTime:0.073889s ]
INFO: [ view_parse ] --END-- [ RunTime:0.073930s ]
INFO: [ view_filter ] --START--
INFO: Run Behavior\WriteHtmlCacheBehavior [ RunTime:0.000204s ]
INFO: [ view_filter ] --END-- [ RunTime:0.000235s ]
INFO: [ app_end ] --START--
INFO: Run Behavior\ShowPageTraceBehavior [ RunTime:0.000487s ]
INFO: [ app_end ] --END-- [ RunTime:0.000541s ]

[ 2016-08-18T20:19:31+08:00 ] 127.0.0.1 /admin.php?c=basic
INFO: [ app_init ] --START--
INFO: Run Behavior\BuildLiteBehavior [ RunTime:0.000012s ]
INFO: [ app_init ] --END-- [ RunTime:0.000317s ]
INFO: [ app_begin ] --START--
INFO: Run Behavior\ReadHtmlCacheBehavior [ RunTime:0.000364s ]
INFO: [ app_begin ] --END-- [ RunTime:0.000409s ]
NOTIC: [2048] Declaration of Common\Model\BasicModel::save() should be compatible with Think\Model::save($data = '', $options = Array) D:\web\Matcms\Application\Common\Model\BasicModel.class.php 第 23 行.
NOTIC: [2048] Declaration of Common\Model\BasicModel::select() should be compatible with Think\Model::select($options = Array) D:\web\Matcms\Application\Common\Model\BasicModel.class.php 第 23 行.
INFO: [ view_parse ] --START--
INFO: [ template_filter ] --START--
INFO: Run Behavior\ContentReplaceBehavior [ RunTime:0.000049s ]
INFO: [ template_filter ] --END-- [ RunTime:0.000096s ]
NOTIC: [2048] Declaration of Common\Model\MenuModel::find() should be compatible with Think\Model::find($options = Array) D:\web\Matcms\Application\Common\Model\MenuModel.class.php 第 96 行.
SQL: SHOW COLUMNS FROM `mat_menu` [ RunTime:0.0008s ]
NOTIC: [8] Undefined variable: where D:\web\Matcms\Application\Runtime\Cache\Admin\bb97361d9e4731aec48331de29e1c4d1.php 第 40 行.
SQL: SELECT * FROM `mat_menu` WHERE `status` = 1 AND `type` = 1 ORDER BY listorder desc,menu_id desc  [ RunTime:0.0004s ]
NOTIC: [8] Undefined index: a D:\web\Matcms\Application\Common\Common\function.php 第 58 行.
NOTIC: [8] Undefined index: a D:\web\Matcms\Application\Common\Common\function.php 第 58 行.
NOTIC: [8] Undefined index: a D:\web\Matcms\Application\Common\Common\function.php 第 58 行.
NOTIC: [8] Undefined index: a D:\web\Matcms\Application\Common\Common\function.php 第 58 行.
NOTIC: [8] Undefined index: a D:\web\Matcms\Application\Common\Common\function.php 第 58 行.
NOTIC: [8] Undefined index: a D:\web\Matcms\Application\Common\Common\function.php 第 58 行.
NOTIC: [8] Undefined variable: type D:\web\Matcms\Application\Runtime\Cache\Admin\bb97361d9e4731aec48331de29e1c4d1.php 第 96 行.
NOTIC: [8] Undefined variable: type D:\web\Matcms\Application\Runtime\Cache\Admin\bb97361d9e4731aec48331de29e1c4d1.php 第 97 行.
NOTIC: [8] Undefined index: dumpmysql D:\web\Matcms\Application\Runtime\Cache\Admin\bb97361d9e4731aec48331de29e1c4d1.php 第 128 行.
NOTIC: [8] Undefined index: dumpmysql D:\web\Matcms\Application\Runtime\Cache\Admin\bb97361d9e4731aec48331de29e1c4d1.php 第 129 行.
NOTIC: [8] Undefined index: cacheindex D:\web\Matcms\Application\Runtime\Cache\Admin\bb97361d9e4731aec48331de29e1c4d1.php 第 136 行.
NOTIC: [8] Undefined index: cacheindex D:\web\Matcms\Application\Runtime\Cache\Admin\bb97361d9e4731aec48331de29e1c4d1.php 第 137 行.
INFO: Run Behavior\ParseTemplateBehavior [ RunTime:0.045492s ]
INFO: [ view_parse ] --END-- [ RunTime:0.045537s ]
INFO: [ view_filter ] --START--
INFO: Run Behavior\WriteHtmlCacheBehavior [ RunTime:0.000227s ]
INFO: [ view_filter ] --END-- [ RunTime:0.000259s ]
INFO: [ app_end ] --START--
INFO: Run Behavior\ShowPageTraceBehavior [ RunTime:0.000362s ]
INFO: [ app_end ] --END-- [ RunTime:0.000401s ]

[ 2016-08-18T20:19:33+08:00 ] 127.0.0.1 /admin.php?c=user
INFO: [ app_init ] --START--
INFO: Run Behavior\BuildLiteBehavior [ RunTime:0.000012s ]
INFO: [ app_init ] --END-- [ RunTime:0.000283s ]
INFO: [ app_begin ] --START--
INFO: Run Behavior\ReadHtmlCacheBehavior [ RunTime:0.000350s ]
INFO: [ app_begin ] --END-- [ RunTime:0.000391s ]
NOTIC: [2048] Declaration of Admin\Controller\UserController::setStatus() should be compatible with Admin\Controller\CommonController::setStatus($data, $model) D:\web\Matcms\Application\Admin\Controller\UserController.class.php 第 6 行.
NOTIC: [8] Undefined index: title D:\web\Matcms\Application\Admin\Controller\UserController.class.php 第 11 行.
NOTIC: [8] Undefined index: type D:\web\Matcms\Application\Admin\Controller\UserController.class.php 第 12 行.
SQL: SHOW COLUMNS FROM `mat_admin` [ RunTime:0.0008s ]
SQL: SELECT * FROM `mat_admin` WHERE `status` = 1  [ RunTime:0.0003s ]
NOTIC: [8] Undefined index: title D:\web\Matcms\Application\Admin\Controller\UserController.class.php 第 22 行.
INFO: [ view_parse ] --START--
INFO: [ template_filter ] --START--
INFO: Run Behavior\ContentReplaceBehavior [ RunTime:0.000066s ]
INFO: [ template_filter ] --END-- [ RunTime:0.000110s ]
NOTIC: [2048] Declaration of Common\Model\MenuModel::find() should be compatible with Think\Model::find($options = Array) D:\web\Matcms\Application\Common\Model\MenuModel.class.php 第 96 行.
SQL: SHOW COLUMNS FROM `mat_menu` [ RunTime:0.0008s ]
NOTIC: [8] Undefined variable: where D:\web\Matcms\Application\Runtime\Cache\Admin\65e605872ed5d34210f5b33beb13f5a3.php 第 40 行.
SQL: SELECT * FROM `mat_menu` WHERE `status` = 1 AND `type` = 1 ORDER BY listorder desc,menu_id desc  [ RunTime:0.0004s ]
NOTIC: [8] Undefined index: a D:\web\Matcms\Application\Common\Common\function.php 第 58 行.
NOTIC: [8] Undefined index: a D:\web\Matcms\Application\Common\Common\function.php 第 58 行.
NOTIC: [8] Undefined index: a D:\web\Matcms\Application\Common\Common\function.php 第 58 行.
NOTIC: [8] Undefined index: a D:\web\Matcms\Application\Common\Common\function.php 第 58 行.
NOTIC: [8] Undefined index: a D:\web\Matcms\Application\Common\Common\function.php 第 58 行.
NOTIC: [8] Undefined index: a D:\web\Matcms\Application\Common\Common\function.php 第 58 行.
NOTIC: [8] Undefined index: type D:\web\Matcms\Application\Runtime\Cache\Admin\65e605872ed5d34210f5b33beb13f5a3.php 第 107 行.
NOTIC: [8] Undefined index: type D:\web\Matcms\Application\Runtime\Cache\Admin\65e605872ed5d34210f5b33beb13f5a3.php 第 108 行.
NOTIC: [8] Undefined index: title D:\web\Matcms\Application\Runtime\Cache\Admin\65e605872ed5d34210f5b33beb13f5a3.php 第 119 行.
NOTIC: [8] Undefined index: news_id D:\web\Matcms\Application\Runtime\Cache\Admin\65e605872ed5d34210f5b33beb13f5a3.php 第 149 行.
NOTIC: [8] Undefined index: user_id D:\web\Matcms\Application\Runtime\Cache\Admin\65e605872ed5d34210f5b33beb13f5a3.php 第 156 行.
NOTIC: [8] Undefined variable: new D:\web\Matcms\Application\Runtime\Cache\Admin\65e605872ed5d34210f5b33beb13f5a3.php 第 156 行.
NOTIC: [8] Undefined index: news_id D:\web\Matcms\Application\Runtime\Cache\Admin\65e605872ed5d34210f5b33beb13f5a3.php 第 149 行.
NOTIC: [8] Undefined index: user_id D:\web\Matcms\Application\Runtime\Cache\Admin\65e605872ed5d34210f5b33beb13f5a3.php 第 156 行.
NOTIC: [8] Undefined variable: new D:\web\Matcms\Application\Runtime\Cache\Admin\65e605872ed5d34210f5b33beb13f5a3.php 第 156 行.
NOTIC: [8] Undefined index: news_id D:\web\Matcms\Application\Runtime\Cache\Admin\65e605872ed5d34210f5b33beb13f5a3.php 第 149 行.
NOTIC: [8] Undefined index: user_id D:\web\Matcms\Application\Runtime\Cache\Admin\65e605872ed5d34210f5b33beb13f5a3.php 第 156 行.
NOTIC: [8] Undefined variable: new D:\web\Matcms\Application\Runtime\Cache\Admin\65e605872ed5d34210f5b33beb13f5a3.php 第 156 行.
NOTIC: [8] Undefined index: news_id D:\web\Matcms\Application\Runtime\Cache\Admin\65e605872ed5d34210f5b33beb13f5a3.php 第 149 行.
NOTIC: [8] Undefined index: user_id D:\web\Matcms\Application\Runtime\Cache\Admin\65e605872ed5d34210f5b33beb13f5a3.php 第 156 行.
NOTIC: [8] Undefined variable: new D:\web\Matcms\Application\Runtime\Cache\Admin\65e605872ed5d34210f5b33beb13f5a3.php 第 156 行.
NOTIC: [8] Undefined variable: pageres D:\web\Matcms\Application\Runtime\Cache\Admin\65e605872ed5d34210f5b33beb13f5a3.php 第 169 行.
INFO: Run Behavior\ParseTemplateBehavior [ RunTime:0.056854s ]
INFO: [ view_parse ] --END-- [ RunTime:0.056905s ]
INFO: [ view_filter ] --START--
INFO: Run Behavior\WriteHtmlCacheBehavior [ RunTime:0.000235s ]
INFO: [ view_filter ] --END-- [ RunTime:0.000267s ]
INFO: [ app_end ] --START--
INFO: Run Behavior\ShowPageTraceBehavior [ RunTime:0.000397s ]
INFO: [ app_end ] --END-- [ RunTime:0.000452s ]

[ 2016-08-18T20:23:05+08:00 ] 127.0.0.1 /admin.php?c=menu
INFO: [ app_init ] --START--
INFO: Run Behavior\BuildLiteBehavior [ RunTime:0.000012s ]
INFO: [ app_init ] --END-- [ RunTime:0.000325s ]
INFO: [ app_begin ] --START--
INFO: Run Behavior\ReadHtmlCacheBehavior [ RunTime:0.000542s ]
INFO: [ app_begin ] --END-- [ RunTime:0.000600s ]
NOTIC: [2048] Declaration of Admin\Controller\MenuController::setStatus() should be compatible with Admin\Controller\CommonController::setStatus($data, $model) D:\web\Matcms\Application\Admin\Controller\MenuController.class.php 第 23 行.
NOTIC: [2048] Declaration of Admin\Controller\MenuController::listOrder() should be compatible with Admin\Controller\CommonController::listorder($model = '') D:\web\Matcms\Application\Admin\Controller\MenuController.class.php 第 23 行.
NOTIC: [2048] Declaration of Common\Model\MenuModel::find() should be compatible with Think\Model::find($options = Array) D:\web\Matcms\Application\Common\Model\MenuModel.class.php 第 13 行.
SQL: SHOW COLUMNS FROM `mat_menu` [ RunTime:0.0008s ]
SQL: SELECT * FROM `mat_menu` WHERE `type` = 1 AND `menu_id` <> 1 AND `status` <> -1 ORDER BY listorder desc, menu_id desc LIMIT 0,5   [ RunTime:0.0004s ]
SQL: SELECT COUNT(*) AS tp_count FROM `mat_menu` WHERE `type` = 1 AND `menu_id` <> 1 AND `status` <> -1 LIMIT 1   [ RunTime:0.0002s ]
INFO: [ view_parse ] --START--
INFO: [ template_filter ] --START--
INFO: Run Behavior\ContentReplaceBehavior [ RunTime:0.000066s ]
INFO: [ template_filter ] --END-- [ RunTime:0.000110s ]
NOTIC: [8] Undefined variable: where D:\web\Matcms\Application\Runtime\Cache\Admin\b956215329b6f9aca22277599a4efdfc.php 第 42 行.
SQL: SELECT * FROM `mat_menu` WHERE `status` = 1 AND `type` = 1 ORDER BY listorder desc,menu_id desc  [ RunTime:0.0005s ]
NOTIC: [8] Undefined index: a D:\web\Matcms\Application\Common\Common\function.php 第 58 行.
NOTIC: [8] Undefined index: a D:\web\Matcms\Application\Common\Common\function.php 第 58 行.
NOTIC: [8] Undefined index: a D:\web\Matcms\Application\Common\Common\function.php 第 58 行.
NOTIC: [8] Undefined index: a D:\web\Matcms\Application\Common\Common\function.php 第 58 行.
NOTIC: [8] Undefined index: a D:\web\Matcms\Application\Common\Common\function.php 第 58 行.
NOTIC: [8] Undefined index: a D:\web\Matcms\Application\Common\Common\function.php 第 58 行.
NOTIC: [8] Undefined index: posname D:\web\Matcms\Application\Runtime\Cache\Admin\b956215329b6f9aca22277599a4efdfc.php 第 135 行.
NOTIC: [8] Undefined index: posname D:\web\Matcms\Application\Runtime\Cache\Admin\b956215329b6f9aca22277599a4efdfc.php 第 147 行.
NOTIC: [8] Undefined index: posname D:\web\Matcms\Application\Runtime\Cache\Admin\b956215329b6f9aca22277599a4efdfc.php 第 147 行.
NOTIC: [8] Undefined index: posname D:\web\Matcms\Application\Runtime\Cache\Admin\b956215329b6f9aca22277599a4efdfc.php 第 147 行.
NOTIC: [8] Undefined index: posname D:\web\Matcms\Application\Runtime\Cache\Admin\b956215329b6f9aca22277599a4efdfc.php 第 147 行.
NOTIC: [8] Undefined index: posname D:\web\Matcms\Application\Runtime\Cache\Admin\b956215329b6f9aca22277599a4efdfc.php 第 147 行.
INFO: Run Behavior\ParseTemplateBehavior [ RunTime:0.049294s ]
INFO: [ view_parse ] --END-- [ RunTime:0.049336s ]
INFO: [ view_filter ] --START--
INFO: Run Behavior\WriteHtmlCacheBehavior [ RunTime:0.000340s ]
INFO: [ view_filter ] --END-- [ RunTime:0.000374s ]
INFO: [ app_end ] --START--
INFO: Run Behavior\ShowPageTraceBehavior [ RunTime:0.000662s ]
INFO: [ app_end ] --END-- [ RunTime:0.000721s ]

[ 2016-08-18T20:23:08+08:00 ] 127.0.0.1 /admin.php
INFO: [ app_init ] --START--
INFO: Run Behavior\BuildLiteBehavior [ RunTime:0.000011s ]
INFO: [ app_init ] --END-- [ RunTime:0.000286s ]
INFO: [ app_begin ] --START--
INFO: Run Behavior\ReadHtmlCacheBehavior [ RunTime:0.000350s ]
INFO: [ app_begin ] --END-- [ RunTime:0.000391s ]
NOTIC: [2048] Declaration of Common\Model\NewsModel::find() should be compatible with Think\Model::find($options = Array) D:\web\Matcms\Application\Common\Model\NewsModel.class.php 第 23 行.
SQL: SHOW COLUMNS FROM `mat_news` [ RunTime:0.0008s ]
SQL: SELECT * FROM `mat_news` WHERE `status` = 1 ORDER BY count desc LIMIT 1   [ RunTime:0.0005s ]
SQL: SELECT COUNT(*) AS tp_count FROM `mat_news` WHERE `status` = 1 LIMIT 1   [ RunTime:0.0002s ]
SQL: SHOW COLUMNS FROM `mat_position` [ RunTime:0.0006s ]
SQL: SELECT COUNT(*) AS tp_count FROM `mat_position` WHERE `status` = 1 LIMIT 1   [ RunTime:0.0002s ]
SQL: SHOW COLUMNS FROM `mat_admin` [ RunTime:0.0006s ]
SQL: SELECT COUNT(*) AS tp_count FROM `mat_admin` WHERE `status` = 1 AND `lastlogintime` > 1471449600 LIMIT 1   [ RunTime:0.0003s ]
NOTIC: [2] Illegal string offset 'tp_count' D:\web\Matcms\Application\Common\Model\AdminModel.class.php 第 52 行.
INFO: [ view_parse ] --START--
INFO: [ template_filter ] --START--
INFO: Run Behavior\ContentReplaceBehavior [ RunTime:0.000054s ]
INFO: [ template_filter ] --END-- [ RunTime:0.000101s ]
NOTIC: [2048] Declaration of Common\Model\MenuModel::find() should be compatible with Think\Model::find($options = Array) D:\web\Matcms\Application\Common\Model\MenuModel.class.php 第 96 行.
SQL: SHOW COLUMNS FROM `mat_menu` [ RunTime:0.0008s ]
NOTIC: [8] Undefined variable: where D:\web\Matcms\Application\Runtime\Cache\Admin\b595b808c2ebeeeb0478ffc30bb4e87a.php 第 40 行.
SQL: SELECT * FROM `mat_menu` WHERE `status` = 1 AND `type` = 1 ORDER BY listorder desc,menu_id desc  [ RunTime:0.0004s ]
NOTIC: [8] Undefined index: a D:\web\Matcms\Application\Common\Common\function.php 第 58 行.
NOTIC: [8] Undefined index: a D:\web\Matcms\Application\Common\Common\function.php 第 58 行.
NOTIC: [8] Undefined index: a D:\web\Matcms\Application\Common\Common\function.php 第 58 行.
NOTIC: [8] Undefined index: a D:\web\Matcms\Application\Common\Common\function.php 第 58 行.
NOTIC: [8] Undefined index: a D:\web\Matcms\Application\Common\Common\function.php 第 58 行.
NOTIC: [8] Undefined index: a D:\web\Matcms\Application\Common\Common\function.php 第 58 行.
INFO: Run Behavior\ParseTemplateBehavior [ RunTime:0.032391s ]
INFO: [ view_parse ] --END-- [ RunTime:0.032429s ]
INFO: [ view_filter ] --START--
INFO: Run Behavior\WriteHtmlCacheBehavior [ RunTime:0.000303s ]
INFO: [ view_filter ] --END-- [ RunTime:0.000337s ]
INFO: [ app_end ] --START--
INFO: Run Behavior\ShowPageTraceBehavior [ RunTime:0.000601s ]
INFO: [ app_end ] --END-- [ RunTime:0.000656s ]

[ 2016-08-18T20:23:10+08:00 ] 127.0.0.1 /admin.php?c=positioncontent
INFO: [ app_init ] --START--
INFO: Run Behavior\BuildLiteBehavior [ RunTime:0.000012s ]
INFO: [ app_init ] --END-- [ RunTime:0.000285s ]
INFO: [ app_begin ] --START--
INFO: Run Behavior\ReadHtmlCacheBehavior [ RunTime:0.000361s ]
INFO: [ app_begin ] --END-- [ RunTime:0.000405s ]
NOTIC: [2048] Declaration of Admin\Controller\PositioncontentController::setStatus() should be compatible with Admin\Controller\CommonController::setStatus($data, $model) D:\web\Matcms\Application\Admin\Controller\PositioncontentController.class.php 第 23 行.
NOTIC: [2048] Declaration of Admin\Controller\PositioncontentController::listorder() should be compatible with Admin\Controller\CommonController::listorder($model = '') D:\web\Matcms\Application\Admin\Controller\PositioncontentController.class.php 第 23 行.
SQL: SHOW COLUMNS FROM `mat_position` [ RunTime:0.0007s ]
SQL: SELECT * FROM `mat_position` WHERE `status` = 1 ORDER BY id  [ RunTime:0.0003s ]
NOTIC: [8] Undefined index: title D:\web\Matcms\Application\Admin\Controller\PositioncontentController.class.php 第 31 行.
NOTIC: [8] Undefined index: position_id D:\web\Matcms\Application\Admin\Controller\PositioncontentController.class.php 第 36 行.
NOTIC: [8] Undefined index: p D:\web\Matcms\Application\Admin\Controller\PositioncontentController.class.php 第 39 行.
NOTIC: [2048] Declaration of Common\Model\PositioncontentModel::find() should be compatible with Think\Model::find($options = Array) D:\web\Matcms\Application\Common\Model\PositioncontentModel.class.php 第 96 行.
SQL: SHOW COLUMNS FROM `mat_position_content` [ RunTime:0.0006s ]
SQL: SELECT COUNT(*) AS tp_count FROM `mat_position_content` WHERE `status` <> -1 AND `position_id` = 1 LIMIT 1   [ RunTime:0.0003s ]
SQL: SELECT * FROM `mat_position_content` WHERE `status` <> -1 AND `position_id` = 1 ORDER BY listorder desc,id desc LIMIT 0,5   [ RunTime:0.0003s ]
NOTIC: [8] Undefined variable: title D:\web\Matcms\Application\Admin\Controller\PositioncontentController.class.php 第 48 行.
NOTIC: [8] Undefined index: title D:\web\Matcms\Application\Admin\Controller\PositioncontentController.class.php 第 52 行.
INFO: [ view_parse ] --START--
INFO: [ template_filter ] --START--
INFO: Run Behavior\ContentReplaceBehavior [ RunTime:0.000068s ]
INFO: [ template_filter ] --END-- [ RunTime:0.000114s ]
NOTIC: [2048] Declaration of Common\Model\MenuModel::find() should be compatible with Think\Model::find($options = Array) D:\web\Matcms\Application\Common\Model\MenuModel.class.php 第 96 行.
SQL: SHOW COLUMNS FROM `mat_menu` [ RunTime:0.0008s ]
NOTIC: [8] Undefined variable: where D:\web\Matcms\Application\Runtime\Cache\Admin\b8a8b9d170e6c07d7b463ea02385894d.php 第 40 行.
SQL: SELECT * FROM `mat_menu` WHERE `status` = 1 AND `type` = 1 ORDER BY listorder desc,menu_id desc  [ RunTime:0.0004s ]
NOTIC: [8] Undefined index: a D:\web\Matcms\Application\Common\Common\function.php 第 58 行.
NOTIC: [8] Undefined index: a D:\web\Matcms\Application\Common\Common\function.php 第 58 行.
NOTIC: [8] Undefined index: a D:\web\Matcms\Application\Common\Common\function.php 第 58 行.
NOTIC: [8] Undefined index: a D:\web\Matcms\Application\Common\Common\function.php 第 58 行.
NOTIC: [8] Undefined index: a D:\web\Matcms\Application\Common\Common\function.php 第 58 行.
NOTIC: [8] Undefined index: a D:\web\Matcms\Application\Common\Common\function.php 第 58 行.
INFO: Run Behavior\ParseTemplateBehavior [ RunTime:0.056177s ]
INFO: [ view_parse ] --END-- [ RunTime:0.056215s ]
INFO: [ view_filter ] --START--
INFO: Run Behavior\WriteHtmlCacheBehavior [ RunTime:0.000308s ]
INFO: [ view_filter ] --END-- [ RunTime:0.000341s ]
INFO: [ app_end ] --START--
INFO: Run Behavior\ShowPageTraceBehavior [ RunTime:0.000592s ]
INFO: [ app_end ] --END-- [ RunTime:0.000653s ]

[ 2016-08-18T20:23:12+08:00 ] 127.0.0.1 /admin.php?c=position
INFO: [ app_init ] --START--
INFO: Run Behavior\BuildLiteBehavior [ RunTime:0.000011s ]
INFO: [ app_init ] --END-- [ RunTime:0.000287s ]
INFO: [ app_begin ] --START--
INFO: Run Behavior\ReadHtmlCacheBehavior [ RunTime:0.000352s ]
INFO: [ app_begin ] --END-- [ RunTime:0.000394s ]
NOTIC: [2048] Declaration of Admin\Controller\PositionController::setStatus() should be compatible with Admin\Controller\CommonController::setStatus($data, $model) D:\web\Matcms\Application\Admin\Controller\PositionController.class.php 第 23 行.
NOTIC: [2048] Declaration of Admin\Controller\PositionController::listorder() should be compatible with Admin\Controller\CommonController::listorder($model = '') D:\web\Matcms\Application\Admin\Controller\PositionController.class.php 第 23 行.
NOTIC: [8] Undefined index: p D:\web\Matcms\Application\Admin\Controller\PositionController.class.php 第 26 行.
SQL: SHOW COLUMNS FROM `mat_position` [ RunTime:0.0007s ]
NOTIC: [8] Undefined variable: conds D:\web\Matcms\Application\Admin\Controller\PositionController.class.php 第 28 行.
SQL: SELECT * FROM `mat_position` WHERE `status` <> -1 ORDER BY id desc LIMIT 0,5   [ RunTime:0.0003s ]
SQL: SELECT COUNT(*) AS tp_count FROM `mat_position` WHERE `status` <> -1 LIMIT 1   [ RunTime:0.0003s ]
NOTIC: [8] Undefined variable: conds D:\web\Matcms\Application\Admin\Controller\PositionController.class.php 第 36 行.
INFO: [ view_parse ] --START--
INFO: [ template_filter ] --START--
INFO: Run Behavior\ContentReplaceBehavior [ RunTime:0.000062s ]
INFO: [ template_filter ] --END-- [ RunTime:0.000124s ]
NOTIC: [2048] Declaration of Common\Model\MenuModel::find() should be compatible with Think\Model::find($options = Array) D:\web\Matcms\Application\Common\Model\MenuModel.class.php 第 96 行.
SQL: SHOW COLUMNS FROM `mat_menu` [ RunTime:0.0008s ]
NOTIC: [8] Undefined variable: where D:\web\Matcms\Application\Runtime\Cache\Admin\3a437f75b5b60a521a3ad0fc93a5ab5f.php 第 40 行.
SQL: SELECT * FROM `mat_menu` WHERE `status` = 1 AND `type` = 1 ORDER BY listorder desc,menu_id desc  [ RunTime:0.0004s ]
NOTIC: [8] Undefined index: a D:\web\Matcms\Application\Common\Common\function.php 第 58 行.
NOTIC: [8] Undefined index: a D:\web\Matcms\Application\Common\Common\function.php 第 58 行.
NOTIC: [8] Undefined index: a D:\web\Matcms\Application\Common\Common\function.php 第 58 行.
NOTIC: [8] Undefined index: a D:\web\Matcms\Application\Common\Common\function.php 第 58 行.
NOTIC: [8] Undefined index: a D:\web\Matcms\Application\Common\Common\function.php 第 58 行.
NOTIC: [8] Undefined index: a D:\web\Matcms\Application\Common\Common\function.php 第 58 行.
INFO: Run Behavior\ParseTemplateBehavior [ RunTime:0.009989s ]
INFO: [ view_parse ] --END-- [ RunTime:0.010032s ]
INFO: [ view_filter ] --START--
INFO: Run Behavior\WriteHtmlCacheBehavior [ RunTime:0.000315s ]
INFO: [ view_filter ] --END-- [ RunTime:0.000348s ]
INFO: [ app_end ] --START--
INFO: Run Behavior\ShowPageTraceBehavior [ RunTime:0.000452s ]
INFO: [ app_end ] --END-- [ RunTime:0.000493s ]

